<?xml version="1.0" encoding="UTF-8"?>
<testng-results skipped="0" failed="1" ignored="0" total="27" passed="26">
  <reporter-output>
  </reporter-output>
  <suite name="Suite1" duration-ms="485082" started-at="2019-05-25T15:40:08Z" finished-at="2019-05-25T15:48:13Z">
    <groups>
    </groups>
    <test name="Test1" duration-ms="485082" started-at="2019-05-25T15:40:08Z" finished-at="2019-05-25T15:48:13Z">
      <class name="G3SnowboardShopTest.STC_G03_Automation_Testing">
        <test-method status="PASS" signature="startReport()[pri:0, instance:G3SnowboardShopTest.STC_G03_Automation_Testing@57baeedf]" name="startReport" is-config="true" duration-ms="224" started-at="2019-05-25T15:40:08Z" finished-at="2019-05-25T15:40:09Z">
          <reporter-output>
          </reporter-output>
        </test-method> <!-- startReport -->
        <test-method status="PASS" signature="setup()[pri:0, instance:G3SnowboardShopTest.STC_G03_Automation_Testing@57baeedf]" name="setup" is-config="true" duration-ms="1484" started-at="2019-05-25T15:40:09Z" finished-at="2019-05-25T15:40:10Z">
          <reporter-output>
          </reporter-output>
        </test-method> <!-- setup -->
        <test-method status="PASS" signature="TC_19_1()[pri:0, instance:G3SnowboardShopTest.STC_G03_Automation_Testing@57baeedf]" name="TC_19_1" duration-ms="2322" started-at="2019-05-25T15:40:10Z" finished-at="2019-05-25T15:40:12Z">
          <reporter-output>
          </reporter-output>
        </test-method> <!-- TC_19_1 -->
        <test-method status="PASS" signature="getResult(org.testng.ITestResult)[pri:0, instance:G3SnowboardShopTest.STC_G03_Automation_Testing@57baeedf]" name="getResult" is-config="true" duration-ms="90" started-at="2019-05-25T15:40:12Z" finished-at="2019-05-25T15:40:12Z">
          <params>
            <param index="0">
              <value>
                <![CDATA[[TestResult name=TC_19_1 status=SUCCESS method=STC_G03_Automation_Testing.TC_19_1()[pri:0, instance:G3SnowboardShopTest.STC_G03_Automation_Testing@57baeedf] output={null}]]]>
              </value>
            </param>
          </params>
          <reporter-output>
          </reporter-output>
        </test-method> <!-- getResult -->
        <test-method status="PASS" signature="setup()[pri:0, instance:G3SnowboardShopTest.STC_G03_Automation_Testing@57baeedf]" name="setup" is-config="true" duration-ms="655" started-at="2019-05-25T15:40:12Z" finished-at="2019-05-25T15:40:13Z">
          <reporter-output>
          </reporter-output>
        </test-method> <!-- setup -->
        <test-method status="PASS" signature="TC_19_2(java.lang.String, java.lang.String, java.lang.String, java.lang.String)[pri:0, instance:G3SnowboardShopTest.STC_G03_Automation_Testing@57baeedf]" name="TC_19_2" duration-ms="3629" started-at="2019-05-25T15:40:13Z" data-provider="password-db-data-provider" finished-at="2019-05-25T15:40:17Z">
          <params>
            <param index="0">
              <value>
                <![CDATA[Mirabelle]]>
              </value>
            </param>
            <param index="1">
              <value>
                <![CDATA[Thomasine]]>
              </value>
            </param>
            <param index="2">
              <value>
                <![CDATA[vman@yarnpedia.ml]]>
              </value>
            </param>
            <param index="3">
              <value>
                <![CDATA[jhytÄjh]]>
              </value>
            </param>
          </params>
          <reporter-output>
          </reporter-output>
        </test-method> <!-- TC_19_2 -->
        <test-method status="PASS" signature="getResult(org.testng.ITestResult)[pri:0, instance:G3SnowboardShopTest.STC_G03_Automation_Testing@57baeedf]" name="getResult" is-config="true" duration-ms="74" started-at="2019-05-25T15:40:17Z" finished-at="2019-05-25T15:40:17Z">
          <params>
            <param index="0">
              <value>
                <![CDATA[[TestResult name=TC_19_2 status=SUCCESS method=STC_G03_Automation_Testing.TC_19_2(java.lang.String, java.lang.String, java.lang.String, java.lang.String)[pri:0, instance:G3SnowboardShopTest.STC_G03_Automation_Testing@57baeedf] output={null}]]]>
              </value>
            </param>
          </params>
          <reporter-output>
          </reporter-output>
        </test-method> <!-- getResult -->
        <test-method status="PASS" signature="setup()[pri:0, instance:G3SnowboardShopTest.STC_G03_Automation_Testing@57baeedf]" name="setup" is-config="true" duration-ms="643" started-at="2019-05-25T15:40:17Z" finished-at="2019-05-25T15:40:17Z">
          <reporter-output>
          </reporter-output>
        </test-method> <!-- setup -->
        <test-method status="PASS" signature="TC_19_2(java.lang.String, java.lang.String, java.lang.String, java.lang.String)[pri:0, instance:G3SnowboardShopTest.STC_G03_Automation_Testing@57baeedf]" name="TC_19_2" duration-ms="3531" started-at="2019-05-25T15:40:17Z" data-provider="password-db-data-provider" finished-at="2019-05-25T15:40:21Z">
          <params>
            <param index="0">
              <value>
                <![CDATA[Alexa]]>
              </value>
            </param>
            <param index="1">
              <value>
                <![CDATA[Salinas]]>
              </value>
            </param>
            <param index="2">
              <value>
                <![CDATA[nyoun-dyanx@afflive.gq]]>
              </value>
            </param>
            <param index="3">
              <value>
                <![CDATA[A&LBMå[zd*62h(m\]]>
              </value>
            </param>
          </params>
          <reporter-output>
          </reporter-output>
        </test-method> <!-- TC_19_2 -->
        <test-method status="PASS" signature="getResult(org.testng.ITestResult)[pri:0, instance:G3SnowboardShopTest.STC_G03_Automation_Testing@57baeedf]" name="getResult" is-config="true" duration-ms="74" started-at="2019-05-25T15:40:21Z" finished-at="2019-05-25T15:40:21Z">
          <params>
            <param index="0">
              <value>
                <![CDATA[[TestResult name=TC_19_2 status=SUCCESS method=STC_G03_Automation_Testing.TC_19_2(java.lang.String, java.lang.String, java.lang.String, java.lang.String)[pri:0, instance:G3SnowboardShopTest.STC_G03_Automation_Testing@57baeedf] output={null}]]]>
              </value>
            </param>
          </params>
          <reporter-output>
          </reporter-output>
        </test-method> <!-- getResult -->
        <test-method status="PASS" signature="setup()[pri:0, instance:G3SnowboardShopTest.STC_G03_Automation_Testing@57baeedf]" name="setup" is-config="true" duration-ms="616" started-at="2019-05-25T15:40:21Z" finished-at="2019-05-25T15:40:22Z">
          <reporter-output>
          </reporter-output>
        </test-method> <!-- setup -->
        <test-method status="PASS" signature="TC_19_2(java.lang.String, java.lang.String, java.lang.String, java.lang.String)[pri:0, instance:G3SnowboardShopTest.STC_G03_Automation_Testing@57baeedf]" name="TC_19_2" duration-ms="3765" started-at="2019-05-25T15:40:22Z" data-provider="password-db-data-provider" finished-at="2019-05-25T15:40:25Z">
          <params>
            <param index="0">
              <value>
                <![CDATA[Destiny]]>
              </value>
            </param>
            <param index="1">
              <value>
                <![CDATA[Battle]]>
              </value>
            </param>
            <param index="2">
              <value>
                <![CDATA[qmohanadmano@mobaratopcinq.life]]>
              </value>
            </param>
            <param index="3">
              <value>
                <![CDATA[}-3*eVöT&`ec@DT]]]>
              </value>
            </param>
          </params>
          <reporter-output>
          </reporter-output>
        </test-method> <!-- TC_19_2 -->
        <test-method status="PASS" signature="getResult(org.testng.ITestResult)[pri:0, instance:G3SnowboardShopTest.STC_G03_Automation_Testing@57baeedf]" name="getResult" is-config="true" duration-ms="72" started-at="2019-05-25T15:40:25Z" finished-at="2019-05-25T15:40:26Z">
          <params>
            <param index="0">
              <value>
                <![CDATA[[TestResult name=TC_19_2 status=SUCCESS method=STC_G03_Automation_Testing.TC_19_2(java.lang.String, java.lang.String, java.lang.String, java.lang.String)[pri:0, instance:G3SnowboardShopTest.STC_G03_Automation_Testing@57baeedf] output={null}]]]>
              </value>
            </param>
          </params>
          <reporter-output>
          </reporter-output>
        </test-method> <!-- getResult -->
        <test-method status="PASS" signature="setup()[pri:0, instance:G3SnowboardShopTest.STC_G03_Automation_Testing@57baeedf]" name="setup" is-config="true" duration-ms="595" started-at="2019-05-25T15:40:26Z" finished-at="2019-05-25T15:40:26Z">
          <reporter-output>
          </reporter-output>
        </test-method> <!-- setup -->
        <test-method status="PASS" signature="TC_2_1()[pri:0, instance:G3SnowboardShopTest.STC_G03_Automation_Testing@57baeedf]" name="TC_2_1" duration-ms="8793" started-at="2019-05-25T15:40:26Z" finished-at="2019-05-25T15:40:35Z">
          <reporter-output>
          </reporter-output>
        </test-method> <!-- TC_2_1 -->
        <test-method status="PASS" signature="getResult(org.testng.ITestResult)[pri:0, instance:G3SnowboardShopTest.STC_G03_Automation_Testing@57baeedf]" name="getResult" is-config="true" duration-ms="76" started-at="2019-05-25T15:40:35Z" finished-at="2019-05-25T15:40:35Z">
          <params>
            <param index="0">
              <value>
                <![CDATA[[TestResult name=TC_2_1 status=SUCCESS method=STC_G03_Automation_Testing.TC_2_1()[pri:0, instance:G3SnowboardShopTest.STC_G03_Automation_Testing@57baeedf] output={null}]]]>
              </value>
            </param>
          </params>
          <reporter-output>
          </reporter-output>
        </test-method> <!-- getResult -->
        <test-method status="PASS" signature="setup()[pri:0, instance:G3SnowboardShopTest.STC_G03_Automation_Testing@57baeedf]" name="setup" is-config="true" duration-ms="582" started-at="2019-05-25T15:40:35Z" finished-at="2019-05-25T15:40:36Z">
          <reporter-output>
          </reporter-output>
        </test-method> <!-- setup -->
        <test-method status="PASS" signature="TC_2_2(java.lang.String, java.lang.String)[pri:0, instance:G3SnowboardShopTest.STC_G03_Automation_Testing@57baeedf]" name="TC_2_2" duration-ms="7712" started-at="2019-05-25T15:40:36Z" data-provider="emails-and-passwords-unusual-data-provider" finished-at="2019-05-25T15:40:43Z">
          <params>
            <param index="0">
              <value>
                <![CDATA[custo?er@test.se]]>
              </value>
            </param>
            <param index="1">
              <value>
                <![CDATA[sureerat1234]]>
              </value>
            </param>
          </params>
          <reporter-output>
          </reporter-output>
        </test-method> <!-- TC_2_2 -->
        <test-method status="PASS" signature="getResult(org.testng.ITestResult)[pri:0, instance:G3SnowboardShopTest.STC_G03_Automation_Testing@57baeedf]" name="getResult" is-config="true" duration-ms="74" started-at="2019-05-25T15:40:43Z" finished-at="2019-05-25T15:40:43Z">
          <params>
            <param index="0">
              <value>
                <![CDATA[[TestResult name=TC_2_2 status=SUCCESS method=STC_G03_Automation_Testing.TC_2_2(java.lang.String, java.lang.String)[pri:0, instance:G3SnowboardShopTest.STC_G03_Automation_Testing@57baeedf] output={null}]]]>
              </value>
            </param>
          </params>
          <reporter-output>
          </reporter-output>
        </test-method> <!-- getResult -->
        <test-method status="PASS" signature="setup()[pri:0, instance:G3SnowboardShopTest.STC_G03_Automation_Testing@57baeedf]" name="setup" is-config="true" duration-ms="593" started-at="2019-05-25T15:40:43Z" finished-at="2019-05-25T15:40:44Z">
          <reporter-output>
          </reporter-output>
        </test-method> <!-- setup -->
        <test-method status="PASS" signature="TC_2_2(java.lang.String, java.lang.String)[pri:0, instance:G3SnowboardShopTest.STC_G03_Automation_Testing@57baeedf]" name="TC_2_2" duration-ms="7748" started-at="2019-05-25T15:40:44Z" data-provider="emails-and-passwords-unusual-data-provider" finished-at="2019-05-25T15:40:52Z">
          <params>
            <param index="0">
              <value>
                <![CDATA[adm%n@test.se]]>
              </value>
            </param>
            <param index="1">
              <value>
                <![CDATA[sureerat1234]]>
              </value>
            </param>
          </params>
          <reporter-output>
          </reporter-output>
        </test-method> <!-- TC_2_2 -->
        <test-method status="PASS" signature="getResult(org.testng.ITestResult)[pri:0, instance:G3SnowboardShopTest.STC_G03_Automation_Testing@57baeedf]" name="getResult" is-config="true" duration-ms="73" started-at="2019-05-25T15:40:52Z" finished-at="2019-05-25T15:40:52Z">
          <params>
            <param index="0">
              <value>
                <![CDATA[[TestResult name=TC_2_2 status=SUCCESS method=STC_G03_Automation_Testing.TC_2_2(java.lang.String, java.lang.String)[pri:0, instance:G3SnowboardShopTest.STC_G03_Automation_Testing@57baeedf] output={null}]]]>
              </value>
            </param>
          </params>
          <reporter-output>
          </reporter-output>
        </test-method> <!-- getResult -->
        <test-method status="PASS" signature="setup()[pri:0, instance:G3SnowboardShopTest.STC_G03_Automation_Testing@57baeedf]" name="setup" is-config="true" duration-ms="577" started-at="2019-05-25T15:40:52Z" finished-at="2019-05-25T15:40:52Z">
          <reporter-output>
          </reporter-output>
        </test-method> <!-- setup -->
        <test-method status="PASS" signature="TC_2_2(java.lang.String, java.lang.String)[pri:0, instance:G3SnowboardShopTest.STC_G03_Automation_Testing@57baeedf]" name="TC_2_2" duration-ms="7759" started-at="2019-05-25T15:40:52Z" data-provider="emails-and-passwords-unusual-data-provider" finished-at="2019-05-25T15:41:00Z">
          <params>
            <param index="0">
              <value>
                <![CDATA[custämer1@test.se]]>
              </value>
            </param>
            <param index="1">
              <value>
                <![CDATA[sureerat1234]]>
              </value>
            </param>
          </params>
          <reporter-output>
          </reporter-output>
        </test-method> <!-- TC_2_2 -->
        <test-method status="PASS" signature="getResult(org.testng.ITestResult)[pri:0, instance:G3SnowboardShopTest.STC_G03_Automation_Testing@57baeedf]" name="getResult" is-config="true" duration-ms="77" started-at="2019-05-25T15:41:00Z" finished-at="2019-05-25T15:41:00Z">
          <params>
            <param index="0">
              <value>
                <![CDATA[[TestResult name=TC_2_2 status=SUCCESS method=STC_G03_Automation_Testing.TC_2_2(java.lang.String, java.lang.String)[pri:0, instance:G3SnowboardShopTest.STC_G03_Automation_Testing@57baeedf] output={null}]]]>
              </value>
            </param>
          </params>
          <reporter-output>
          </reporter-output>
        </test-method> <!-- getResult -->
        <test-method status="PASS" signature="setup()[pri:0, instance:G3SnowboardShopTest.STC_G03_Automation_Testing@57baeedf]" name="setup" is-config="true" duration-ms="767" started-at="2019-05-25T15:41:00Z" finished-at="2019-05-25T15:41:01Z">
          <reporter-output>
          </reporter-output>
        </test-method> <!-- setup -->
        <test-method status="PASS" signature="TC_2_2(java.lang.String, java.lang.String)[pri:0, instance:G3SnowboardShopTest.STC_G03_Automation_Testing@57baeedf]" name="TC_2_2" duration-ms="7838" started-at="2019-05-25T15:41:01Z" data-provider="emails-and-passwords-unusual-data-provider" finished-at="2019-05-25T15:41:09Z">
          <params>
            <param index="0">
              <value>
                <![CDATA[sure#rat1988@gmail.com]]>
              </value>
            </param>
            <param index="1">
              <value>
                <![CDATA[sureerat1234]]>
              </value>
            </param>
          </params>
          <reporter-output>
          </reporter-output>
        </test-method> <!-- TC_2_2 -->
        <test-method status="PASS" signature="getResult(org.testng.ITestResult)[pri:0, instance:G3SnowboardShopTest.STC_G03_Automation_Testing@57baeedf]" name="getResult" is-config="true" duration-ms="77" started-at="2019-05-25T15:41:09Z" finished-at="2019-05-25T15:41:09Z">
          <params>
            <param index="0">
              <value>
                <![CDATA[[TestResult name=TC_2_2 status=SUCCESS method=STC_G03_Automation_Testing.TC_2_2(java.lang.String, java.lang.String)[pri:0, instance:G3SnowboardShopTest.STC_G03_Automation_Testing@57baeedf] output={null}]]]>
              </value>
            </param>
          </params>
          <reporter-output>
          </reporter-output>
        </test-method> <!-- getResult -->
        <test-method status="PASS" signature="setup()[pri:0, instance:G3SnowboardShopTest.STC_G03_Automation_Testing@57baeedf]" name="setup" is-config="true" duration-ms="610" started-at="2019-05-25T15:41:09Z" finished-at="2019-05-25T15:41:09Z">
          <reporter-output>
          </reporter-output>
        </test-method> <!-- setup -->
        <test-method status="PASS" signature="TC_2_3_2_4(java.lang.String, boolean)[pri:0, instance:G3SnowboardShopTest.STC_G03_Automation_Testing@57baeedf]" name="TC_2_3_2_4" duration-ms="7875" started-at="2019-05-25T15:41:09Z" data-provider="emails-correct-number-data-provider" finished-at="2019-05-25T15:41:17Z">
          <params>
            <param index="0">
              <value>
                <![CDATA[tghost.2srffggggggggggggggffdgggggggggggrewws@chaonamdinh.com]]>
              </value>
            </param>
            <param index="1">
              <value>
                <![CDATA[false]]>
              </value>
            </param>
          </params>
          <reporter-output>
          </reporter-output>
        </test-method> <!-- TC_2_3_2_4 -->
        <test-method status="PASS" signature="getResult(org.testng.ITestResult)[pri:0, instance:G3SnowboardShopTest.STC_G03_Automation_Testing@57baeedf]" name="getResult" is-config="true" duration-ms="74" started-at="2019-05-25T15:41:17Z" finished-at="2019-05-25T15:41:17Z">
          <params>
            <param index="0">
              <value>
                <![CDATA[[TestResult name=TC_2_3_2_4 status=SUCCESS method=STC_G03_Automation_Testing.TC_2_3_2_4(java.lang.String, boolean)[pri:0, instance:G3SnowboardShopTest.STC_G03_Automation_Testing@57baeedf] output={null}]]]>
              </value>
            </param>
          </params>
          <reporter-output>
          </reporter-output>
        </test-method> <!-- getResult -->
        <test-method status="PASS" signature="setup()[pri:0, instance:G3SnowboardShopTest.STC_G03_Automation_Testing@57baeedf]" name="setup" is-config="true" duration-ms="595" started-at="2019-05-25T15:41:17Z" finished-at="2019-05-25T15:41:18Z">
          <reporter-output>
          </reporter-output>
        </test-method> <!-- setup -->
        <test-method status="PASS" signature="TC_2_3_2_4(java.lang.String, boolean)[pri:0, instance:G3SnowboardShopTest.STC_G03_Automation_Testing@57baeedf]" name="TC_2_3_2_4" duration-ms="8059" started-at="2019-05-25T15:41:18Z" data-provider="emails-correct-number-data-provider" finished-at="2019-05-25T15:41:26Z">
          <params>
            <param index="0">
              <value>
                <![CDATA[tghost.2srffggggggggggggssssssssssssssssssssssssssggffdgggggggggggrewws@chaonamdinh.com]]>
              </value>
            </param>
            <param index="1">
              <value>
                <![CDATA[true]]>
              </value>
            </param>
          </params>
          <reporter-output>
          </reporter-output>
        </test-method> <!-- TC_2_3_2_4 -->
        <test-method status="PASS" signature="getResult(org.testng.ITestResult)[pri:0, instance:G3SnowboardShopTest.STC_G03_Automation_Testing@57baeedf]" name="getResult" is-config="true" duration-ms="73" started-at="2019-05-25T15:41:26Z" finished-at="2019-05-25T15:41:26Z">
          <params>
            <param index="0">
              <value>
                <![CDATA[[TestResult name=TC_2_3_2_4 status=SUCCESS method=STC_G03_Automation_Testing.TC_2_3_2_4(java.lang.String, boolean)[pri:0, instance:G3SnowboardShopTest.STC_G03_Automation_Testing@57baeedf] output={null}]]]>
              </value>
            </param>
          </params>
          <reporter-output>
          </reporter-output>
        </test-method> <!-- getResult -->
        <test-method status="PASS" signature="setup()[pri:0, instance:G3SnowboardShopTest.STC_G03_Automation_Testing@57baeedf]" name="setup" is-config="true" duration-ms="604" started-at="2019-05-25T15:41:26Z" finished-at="2019-05-25T15:41:27Z">
          <reporter-output>
          </reporter-output>
        </test-method> <!-- setup -->
        <test-method status="PASS" signature="TC_2_3_2_4(java.lang.String, boolean)[pri:0, instance:G3SnowboardShopTest.STC_G03_Automation_Testing@57baeedf]" name="TC_2_3_2_4" duration-ms="8116" started-at="2019-05-25T15:41:27Z" data-provider="emails-correct-number-data-provider" finished-at="2019-05-25T15:41:35Z">
          <params>
            <param index="0">
              <value>
                <![CDATA[tghost.2srffgggggggggggggkkkkkkkkkkkkgffdgggggggggggrewws@chaonamdinh.com]]>
              </value>
            </param>
            <param index="1">
              <value>
                <![CDATA[true]]>
              </value>
            </param>
          </params>
          <reporter-output>
          </reporter-output>
        </test-method> <!-- TC_2_3_2_4 -->
        <test-method status="PASS" signature="getResult(org.testng.ITestResult)[pri:0, instance:G3SnowboardShopTest.STC_G03_Automation_Testing@57baeedf]" name="getResult" is-config="true" duration-ms="77" started-at="2019-05-25T15:41:35Z" finished-at="2019-05-25T15:41:35Z">
          <params>
            <param index="0">
              <value>
                <![CDATA[[TestResult name=TC_2_3_2_4 status=SUCCESS method=STC_G03_Automation_Testing.TC_2_3_2_4(java.lang.String, boolean)[pri:0, instance:G3SnowboardShopTest.STC_G03_Automation_Testing@57baeedf] output={null}]]]>
              </value>
            </param>
          </params>
          <reporter-output>
          </reporter-output>
        </test-method> <!-- getResult -->
        <test-method status="PASS" signature="setup()[pri:0, instance:G3SnowboardShopTest.STC_G03_Automation_Testing@57baeedf]" name="setup" is-config="true" duration-ms="615" started-at="2019-05-25T15:41:35Z" finished-at="2019-05-25T15:41:36Z">
          <reporter-output>
          </reporter-output>
        </test-method> <!-- setup -->
        <test-method status="PASS" signature="TC_2_3_2_4(java.lang.String, boolean)[pri:0, instance:G3SnowboardShopTest.STC_G03_Automation_Testing@57baeedf]" name="TC_2_3_2_4" duration-ms="8552" started-at="2019-05-25T15:41:36Z" data-provider="emails-correct-number-data-provider" finished-at="2019-05-25T15:41:44Z">
          <params>
            <param index="0">
              <value>
                <![CDATA[tghost.2srffggggggggggggggffffffffffffffffffffffdgggggggggggrewws@chaonamdinh.com]]>
              </value>
            </param>
            <param index="1">
              <value>
                <![CDATA[true]]>
              </value>
            </param>
          </params>
          <reporter-output>
          </reporter-output>
        </test-method> <!-- TC_2_3_2_4 -->
        <test-method status="PASS" signature="getResult(org.testng.ITestResult)[pri:0, instance:G3SnowboardShopTest.STC_G03_Automation_Testing@57baeedf]" name="getResult" is-config="true" duration-ms="73" started-at="2019-05-25T15:41:44Z" finished-at="2019-05-25T15:41:44Z">
          <params>
            <param index="0">
              <value>
                <![CDATA[[TestResult name=TC_2_3_2_4 status=SUCCESS method=STC_G03_Automation_Testing.TC_2_3_2_4(java.lang.String, boolean)[pri:0, instance:G3SnowboardShopTest.STC_G03_Automation_Testing@57baeedf] output={null}]]]>
              </value>
            </param>
          </params>
          <reporter-output>
          </reporter-output>
        </test-method> <!-- getResult -->
        <test-method status="PASS" signature="setup()[pri:0, instance:G3SnowboardShopTest.STC_G03_Automation_Testing@57baeedf]" name="setup" is-config="true" duration-ms="595" started-at="2019-05-25T15:41:44Z" finished-at="2019-05-25T15:41:45Z">
          <reporter-output>
          </reporter-output>
        </test-method> <!-- setup -->
        <test-method status="PASS" signature="TC_2_5()[pri:0, instance:G3SnowboardShopTest.STC_G03_Automation_Testing@57baeedf]" name="TC_2_5" duration-ms="10111" started-at="2019-05-25T15:41:45Z" finished-at="2019-05-25T15:41:55Z">
          <reporter-output>
          </reporter-output>
        </test-method> <!-- TC_2_5 -->
        <test-method status="PASS" signature="getResult(org.testng.ITestResult)[pri:0, instance:G3SnowboardShopTest.STC_G03_Automation_Testing@57baeedf]" name="getResult" is-config="true" duration-ms="73" started-at="2019-05-25T15:41:55Z" finished-at="2019-05-25T15:41:55Z">
          <params>
            <param index="0">
              <value>
                <![CDATA[[TestResult name=TC_2_5 status=SUCCESS method=STC_G03_Automation_Testing.TC_2_5()[pri:0, instance:G3SnowboardShopTest.STC_G03_Automation_Testing@57baeedf] output={null}]]]>
              </value>
            </param>
          </params>
          <reporter-output>
          </reporter-output>
        </test-method> <!-- getResult -->
        <test-method status="PASS" signature="setup()[pri:0, instance:G3SnowboardShopTest.STC_G03_Automation_Testing@57baeedf]" name="setup" is-config="true" duration-ms="625" started-at="2019-05-25T15:41:55Z" finished-at="2019-05-25T15:41:56Z">
          <reporter-output>
          </reporter-output>
        </test-method> <!-- setup -->
        <test-method status="PASS" signature="TC_3_1()[pri:0, instance:G3SnowboardShopTest.STC_G03_Automation_Testing@57baeedf]" name="TC_3_1" duration-ms="1975" started-at="2019-05-25T15:41:56Z" finished-at="2019-05-25T15:41:58Z">
          <reporter-output>
          </reporter-output>
        </test-method> <!-- TC_3_1 -->
        <test-method status="PASS" signature="getResult(org.testng.ITestResult)[pri:0, instance:G3SnowboardShopTest.STC_G03_Automation_Testing@57baeedf]" name="getResult" is-config="true" duration-ms="73" started-at="2019-05-25T15:41:58Z" finished-at="2019-05-25T15:41:58Z">
          <params>
            <param index="0">
              <value>
                <![CDATA[[TestResult name=TC_3_1 status=SUCCESS method=STC_G03_Automation_Testing.TC_3_1()[pri:0, instance:G3SnowboardShopTest.STC_G03_Automation_Testing@57baeedf] output={null}]]]>
              </value>
            </param>
          </params>
          <reporter-output>
          </reporter-output>
        </test-method> <!-- getResult -->
        <test-method status="PASS" signature="setup()[pri:0, instance:G3SnowboardShopTest.STC_G03_Automation_Testing@57baeedf]" name="setup" is-config="true" duration-ms="576" started-at="2019-05-25T15:41:58Z" finished-at="2019-05-25T15:41:58Z">
          <reporter-output>
          </reporter-output>
        </test-method> <!-- setup -->
        <test-method status="PASS" signature="TC_3_2(java.lang.String, java.lang.String)[pri:0, instance:G3SnowboardShopTest.STC_G03_Automation_Testing@57baeedf]" name="TC_3_2" duration-ms="5356" started-at="2019-05-25T15:41:58Z" data-provider="name-data-provider" finished-at="2019-05-25T15:42:04Z">
          <params>
            <param index="0">
              <value>
                <![CDATA[Maria/]]>
              </value>
            </param>
            <param index="1">
              <value>
                <![CDATA[Patton0]]>
              </value>
            </param>
          </params>
          <reporter-output>
          </reporter-output>
        </test-method> <!-- TC_3_2 -->
        <test-method status="PASS" signature="getResult(org.testng.ITestResult)[pri:0, instance:G3SnowboardShopTest.STC_G03_Automation_Testing@57baeedf]" name="getResult" is-config="true" duration-ms="75" started-at="2019-05-25T15:42:04Z" finished-at="2019-05-25T15:42:04Z">
          <params>
            <param index="0">
              <value>
                <![CDATA[[TestResult name=TC_3_2 status=SUCCESS method=STC_G03_Automation_Testing.TC_3_2(java.lang.String, java.lang.String)[pri:0, instance:G3SnowboardShopTest.STC_G03_Automation_Testing@57baeedf] output={null}]]]>
              </value>
            </param>
          </params>
          <reporter-output>
          </reporter-output>
        </test-method> <!-- getResult -->
        <test-method status="PASS" signature="setup()[pri:0, instance:G3SnowboardShopTest.STC_G03_Automation_Testing@57baeedf]" name="setup" is-config="true" duration-ms="576" started-at="2019-05-25T15:42:04Z" finished-at="2019-05-25T15:42:04Z">
          <reporter-output>
          </reporter-output>
        </test-method> <!-- setup -->
        <test-method status="PASS" signature="TC_3_2_email(java.lang.String)[pri:0, instance:G3SnowboardShopTest.STC_G03_Automation_Testing@57baeedf]" name="TC_3_2_email" duration-ms="5436" started-at="2019-05-25T15:42:04Z" data-provider="email-data-provider" finished-at="2019-05-25T15:42:10Z">
          <params>
            <param index="0">
              <value>
                <![CDATA[dca☝ian.dohanov@memecituenakganasli.gq]]>
              </value>
            </param>
          </params>
          <reporter-output>
          </reporter-output>
        </test-method> <!-- TC_3_2_email -->
        <test-method status="PASS" signature="getResult(org.testng.ITestResult)[pri:0, instance:G3SnowboardShopTest.STC_G03_Automation_Testing@57baeedf]" name="getResult" is-config="true" duration-ms="71" started-at="2019-05-25T15:42:10Z" finished-at="2019-05-25T15:42:10Z">
          <params>
            <param index="0">
              <value>
                <![CDATA[[TestResult name=TC_3_2_email status=SUCCESS method=STC_G03_Automation_Testing.TC_3_2_email(java.lang.String)[pri:0, instance:G3SnowboardShopTest.STC_G03_Automation_Testing@57baeedf] output={null}]]]>
              </value>
            </param>
          </params>
          <reporter-output>
          </reporter-output>
        </test-method> <!-- getResult -->
        <test-method status="PASS" signature="setup()[pri:0, instance:G3SnowboardShopTest.STC_G03_Automation_Testing@57baeedf]" name="setup" is-config="true" duration-ms="606" started-at="2019-05-25T15:42:10Z" finished-at="2019-05-25T15:42:10Z">
          <reporter-output>
          </reporter-output>
        </test-method> <!-- setup -->
        <test-method status="PASS" signature="TC_3_2_email(java.lang.String)[pri:0, instance:G3SnowboardShopTest.STC_G03_Automation_Testing@57baeedf]" name="TC_3_2_email" duration-ms="5450" started-at="2019-05-25T15:42:10Z" data-provider="email-data-provider" finished-at="2019-05-25T15:42:16Z">
          <params>
            <param index="0">
              <value>
                <![CDATA[dca¤ian.dohanov@memecituenakganasli.gq]]>
              </value>
            </param>
          </params>
          <reporter-output>
          </reporter-output>
        </test-method> <!-- TC_3_2_email -->
        <test-method status="PASS" signature="getResult(org.testng.ITestResult)[pri:0, instance:G3SnowboardShopTest.STC_G03_Automation_Testing@57baeedf]" name="getResult" is-config="true" duration-ms="70" started-at="2019-05-25T15:42:16Z" finished-at="2019-05-25T15:42:16Z">
          <params>
            <param index="0">
              <value>
                <![CDATA[[TestResult name=TC_3_2_email status=SUCCESS method=STC_G03_Automation_Testing.TC_3_2_email(java.lang.String)[pri:0, instance:G3SnowboardShopTest.STC_G03_Automation_Testing@57baeedf] output={null}]]]>
              </value>
            </param>
          </params>
          <reporter-output>
          </reporter-output>
        </test-method> <!-- getResult -->
        <test-method status="PASS" signature="setup()[pri:0, instance:G3SnowboardShopTest.STC_G03_Automation_Testing@57baeedf]" name="setup" is-config="true" duration-ms="602" started-at="2019-05-25T15:42:16Z" finished-at="2019-05-25T15:42:16Z">
          <reporter-output>
          </reporter-output>
        </test-method> <!-- setup -->
        <test-method status="PASS" signature="TC_3_3_3_4(java.lang.String, java.lang.String, boolean)[pri:0, instance:G3SnowboardShopTest.STC_G03_Automation_Testing@57baeedf]" name="TC_3_3_3_4" duration-ms="3554" started-at="2019-05-25T15:42:16Z" data-provider="fnamn-and-lastnamn-data-provider" finished-at="2019-05-25T15:42:20Z">
          <params>
            <param index="0">
              <value>
                <![CDATA[Mirabelle]]>
              </value>
            </param>
            <param index="1">
              <value>
                <![CDATA[Thomasine]]>
              </value>
            </param>
            <param index="2">
              <value>
                <![CDATA[false]]>
              </value>
            </param>
          </params>
          <reporter-output>
          </reporter-output>
        </test-method> <!-- TC_3_3_3_4 -->
        <test-method status="PASS" signature="getResult(org.testng.ITestResult)[pri:0, instance:G3SnowboardShopTest.STC_G03_Automation_Testing@57baeedf]" name="getResult" is-config="true" duration-ms="69" started-at="2019-05-25T15:42:20Z" finished-at="2019-05-25T15:42:20Z">
          <params>
            <param index="0">
              <value>
                <![CDATA[[TestResult name=TC_3_3_3_4 status=SUCCESS method=STC_G03_Automation_Testing.TC_3_3_3_4(java.lang.String, java.lang.String, boolean)[pri:0, instance:G3SnowboardShopTest.STC_G03_Automation_Testing@57baeedf] output={null}]]]>
              </value>
            </param>
          </params>
          <reporter-output>
          </reporter-output>
        </test-method> <!-- getResult -->
        <test-method status="PASS" signature="setup()[pri:0, instance:G3SnowboardShopTest.STC_G03_Automation_Testing@57baeedf]" name="setup" is-config="true" duration-ms="616" started-at="2019-05-25T15:42:20Z" finished-at="2019-05-25T15:42:21Z">
          <reporter-output>
          </reporter-output>
        </test-method> <!-- setup -->
        <test-method status="PASS" signature="TC_3_3_3_4(java.lang.String, java.lang.String, boolean)[pri:0, instance:G3SnowboardShopTest.STC_G03_Automation_Testing@57baeedf]" name="TC_3_3_3_4" duration-ms="4239" started-at="2019-05-25T15:42:21Z" data-provider="fnamn-and-lastnamn-data-provider" finished-at="2019-05-25T15:42:25Z">
          <params>
            <param index="0">
              <value>
                <![CDATA[tghost.2srffggggggggggggssssssssssssssssssssssssssggffdgggggggggggrewws]]>
              </value>
            </param>
            <param index="1">
              <value>
                <![CDATA[tghost.2srffggggggggggggssssssssssssssssssssssssssggffdgggggggggggrewws]]>
              </value>
            </param>
            <param index="2">
              <value>
                <![CDATA[true]]>
              </value>
            </param>
          </params>
          <reporter-output>
          </reporter-output>
        </test-method> <!-- TC_3_3_3_4 -->
        <test-method status="PASS" signature="getResult(org.testng.ITestResult)[pri:0, instance:G3SnowboardShopTest.STC_G03_Automation_Testing@57baeedf]" name="getResult" is-config="true" duration-ms="69" started-at="2019-05-25T15:42:25Z" finished-at="2019-05-25T15:42:25Z">
          <params>
            <param index="0">
              <value>
                <![CDATA[[TestResult name=TC_3_3_3_4 status=SUCCESS method=STC_G03_Automation_Testing.TC_3_3_3_4(java.lang.String, java.lang.String, boolean)[pri:0, instance:G3SnowboardShopTest.STC_G03_Automation_Testing@57baeedf] output={null}]]]>
              </value>
            </param>
          </params>
          <reporter-output>
          </reporter-output>
        </test-method> <!-- getResult -->
        <test-method status="PASS" signature="setup()[pri:0, instance:G3SnowboardShopTest.STC_G03_Automation_Testing@57baeedf]" name="setup" is-config="true" duration-ms="586" started-at="2019-05-25T15:42:25Z" finished-at="2019-05-25T15:42:26Z">
          <reporter-output>
          </reporter-output>
        </test-method> <!-- setup -->
        <test-method status="PASS" signature="TC_3_3_3_4(java.lang.String, java.lang.String, boolean)[pri:0, instance:G3SnowboardShopTest.STC_G03_Automation_Testing@57baeedf]" name="TC_3_3_3_4" duration-ms="4357" started-at="2019-05-25T15:42:26Z" data-provider="fnamn-and-lastnamn-data-provider" finished-at="2019-05-25T15:42:30Z">
          <params>
            <param index="0">
              <value>
                <![CDATA[tghost.2srffgggggggggggggkkkkkkkkkkkkgffdgggggggggggrewwschaonamdinh]]>
              </value>
            </param>
            <param index="1">
              <value>
                <![CDATA[tghost.2srffggggggggggggssssssssssssssssssssssssssggffdgggggggggggrewwsgggggggggggggg]]>
              </value>
            </param>
            <param index="2">
              <value>
                <![CDATA[true]]>
              </value>
            </param>
          </params>
          <reporter-output>
          </reporter-output>
        </test-method> <!-- TC_3_3_3_4 -->
        <test-method status="PASS" signature="getResult(org.testng.ITestResult)[pri:0, instance:G3SnowboardShopTest.STC_G03_Automation_Testing@57baeedf]" name="getResult" is-config="true" duration-ms="70" started-at="2019-05-25T15:42:30Z" finished-at="2019-05-25T15:42:30Z">
          <params>
            <param index="0">
              <value>
                <![CDATA[[TestResult name=TC_3_3_3_4 status=SUCCESS method=STC_G03_Automation_Testing.TC_3_3_3_4(java.lang.String, java.lang.String, boolean)[pri:0, instance:G3SnowboardShopTest.STC_G03_Automation_Testing@57baeedf] output={null}]]]>
              </value>
            </param>
          </params>
          <reporter-output>
          </reporter-output>
        </test-method> <!-- getResult -->
        <test-method status="PASS" signature="setup()[pri:0, instance:G3SnowboardShopTest.STC_G03_Automation_Testing@57baeedf]" name="setup" is-config="true" duration-ms="591" started-at="2019-05-25T15:42:30Z" finished-at="2019-05-25T15:42:31Z">
          <reporter-output>
          </reporter-output>
        </test-method> <!-- setup -->
        <test-method status="PASS" signature="TC_3_3_3_4(java.lang.String, java.lang.String, boolean)[pri:0, instance:G3SnowboardShopTest.STC_G03_Automation_Testing@57baeedf]" name="TC_3_3_3_4" duration-ms="3208" started-at="2019-05-25T15:42:31Z" data-provider="fnamn-and-lastnamn-data-provider" finished-at="2019-05-25T15:42:34Z">
          <params>
            <param index="0">
              <value>
                <![CDATA[Kjell]]>
              </value>
            </param>
            <param index="1">
              <value>
                <![CDATA[Albertsson]]>
              </value>
            </param>
            <param index="2">
              <value>
                <![CDATA[false]]>
              </value>
            </param>
          </params>
          <reporter-output>
          </reporter-output>
        </test-method> <!-- TC_3_3_3_4 -->
        <test-method status="PASS" signature="getResult(org.testng.ITestResult)[pri:0, instance:G3SnowboardShopTest.STC_G03_Automation_Testing@57baeedf]" name="getResult" is-config="true" duration-ms="68" started-at="2019-05-25T15:42:34Z" finished-at="2019-05-25T15:42:34Z">
          <params>
            <param index="0">
              <value>
                <![CDATA[[TestResult name=TC_3_3_3_4 status=SUCCESS method=STC_G03_Automation_Testing.TC_3_3_3_4(java.lang.String, java.lang.String, boolean)[pri:0, instance:G3SnowboardShopTest.STC_G03_Automation_Testing@57baeedf] output={null}]]]>
              </value>
            </param>
          </params>
          <reporter-output>
          </reporter-output>
        </test-method> <!-- getResult -->
        <test-method status="PASS" signature="setup()[pri:0, instance:G3SnowboardShopTest.STC_G03_Automation_Testing@57baeedf]" name="setup" is-config="true" duration-ms="672" started-at="2019-05-25T15:42:34Z" finished-at="2019-05-25T15:42:35Z">
          <reporter-output>
          </reporter-output>
        </test-method> <!-- setup -->
        <test-method status="PASS" signature="TC_3_5()[pri:0, instance:G3SnowboardShopTest.STC_G03_Automation_Testing@57baeedf]" name="TC_3_5" duration-ms="6398" started-at="2019-05-25T15:42:35Z" finished-at="2019-05-25T15:42:41Z">
          <reporter-output>
          </reporter-output>
        </test-method> <!-- TC_3_5 -->
        <test-method status="PASS" signature="getResult(org.testng.ITestResult)[pri:0, instance:G3SnowboardShopTest.STC_G03_Automation_Testing@57baeedf]" name="getResult" is-config="true" duration-ms="72" started-at="2019-05-25T15:42:41Z" finished-at="2019-05-25T15:42:41Z">
          <params>
            <param index="0">
              <value>
                <![CDATA[[TestResult name=TC_3_5 status=SUCCESS method=STC_G03_Automation_Testing.TC_3_5()[pri:0, instance:G3SnowboardShopTest.STC_G03_Automation_Testing@57baeedf] output={null}]]]>
              </value>
            </param>
          </params>
          <reporter-output>
          </reporter-output>
        </test-method> <!-- getResult -->
        <test-method status="PASS" signature="setup()[pri:0, instance:G3SnowboardShopTest.STC_G03_Automation_Testing@57baeedf]" name="setup" is-config="true" duration-ms="637" started-at="2019-05-25T15:42:41Z" finished-at="2019-05-25T15:42:42Z">
          <reporter-output>
          </reporter-output>
        </test-method> <!-- setup -->
        <test-method status="PASS" signature="TC_4_1()[pri:0, instance:G3SnowboardShopTest.STC_G03_Automation_Testing@57baeedf]" name="TC_4_1" duration-ms="4750" started-at="2019-05-25T15:42:42Z" finished-at="2019-05-25T15:42:46Z">
          <reporter-output>
          </reporter-output>
        </test-method> <!-- TC_4_1 -->
        <test-method status="PASS" signature="getResult(org.testng.ITestResult)[pri:0, instance:G3SnowboardShopTest.STC_G03_Automation_Testing@57baeedf]" name="getResult" is-config="true" duration-ms="86" started-at="2019-05-25T15:42:46Z" finished-at="2019-05-25T15:42:47Z">
          <params>
            <param index="0">
              <value>
                <![CDATA[[TestResult name=TC_4_1 status=SUCCESS method=STC_G03_Automation_Testing.TC_4_1()[pri:0, instance:G3SnowboardShopTest.STC_G03_Automation_Testing@57baeedf] output={null}]]]>
              </value>
            </param>
          </params>
          <reporter-output>
          </reporter-output>
        </test-method> <!-- getResult -->
        <test-method status="PASS" signature="setup()[pri:0, instance:G3SnowboardShopTest.STC_G03_Automation_Testing@57baeedf]" name="setup" is-config="true" duration-ms="592" started-at="2019-05-25T15:42:47Z" finished-at="2019-05-25T15:42:47Z">
          <reporter-output>
          </reporter-output>
        </test-method> <!-- setup -->
        <test-method status="FAIL" signature="TC_4_2()[pri:0, instance:G3SnowboardShopTest.STC_G03_Automation_Testing@57baeedf]" name="TC_4_2" duration-ms="3897" started-at="2019-05-25T15:42:47Z" finished-at="2019-05-25T15:42:51Z">
          <exception class="java.lang.AssertionError">
            <message>
              <![CDATA[expected:<https://www.zalando.se/kvinna/?q=C> but was:<https://www.zalando.se/kvinna-home/>]]>
            </message>
            <full-stacktrace>
              <![CDATA[java.lang.AssertionError: expected:<https://www.zalando.se/kvinna/?q=C> but was:<https://www.zalando.se/kvinna-home/>
at org.testng.AssertJUnit.assertEquals(AssertJUnit.java:101)
at org.testng.AssertJUnit.assertEquals(AssertJUnit.java:108)
at G3SnowboardShopTest.STC_G03_Automation_Testing.TC_4_2(STC_G03_Automation_Testing.java:382)
at sun.reflect.NativeMethodAccessorImpl.invoke0(Native Method)
at sun.reflect.NativeMethodAccessorImpl.invoke(NativeMethodAccessorImpl.java:62)
at sun.reflect.DelegatingMethodAccessorImpl.invoke(DelegatingMethodAccessorImpl.java:43)
at java.lang.reflect.Method.invoke(Method.java:498)
at org.testng.internal.MethodInvocationHelper.invokeMethod(MethodInvocationHelper.java:124)
at org.testng.internal.Invoker.invokeMethod(Invoker.java:583)
at org.testng.internal.Invoker.invokeTestMethod(Invoker.java:719)
at org.testng.internal.Invoker.invokeTestMethods(Invoker.java:989)
at org.testng.internal.TestMethodWorker.invokeTestMethods(TestMethodWorker.java:125)
at org.testng.internal.TestMethodWorker.run(TestMethodWorker.java:109)
at org.testng.TestRunner.privateRun(TestRunner.java:648)
at org.testng.TestRunner.run(TestRunner.java:505)
at org.testng.SuiteRunner.runTest(SuiteRunner.java:455)
at org.testng.SuiteRunner.runSequentially(SuiteRunner.java:450)
at org.testng.SuiteRunner.privateRun(SuiteRunner.java:415)
at org.testng.SuiteRunner.run(SuiteRunner.java:364)
at org.testng.SuiteRunnerWorker.runSuite(SuiteRunnerWorker.java:52)
at org.testng.SuiteRunnerWorker.run(SuiteRunnerWorker.java:84)
at org.testng.TestNG.runSuitesSequentially(TestNG.java:1208)
at org.testng.TestNG.runSuitesLocally(TestNG.java:1137)
at org.testng.TestNG.runSuites(TestNG.java:1049)
at org.testng.TestNG.run(TestNG.java:1017)
at org.testng.remote.AbstractRemoteTestNG.run(AbstractRemoteTestNG.java:115)
at org.testng.remote.RemoteTestNG.initAndRun(RemoteTestNG.java:251)
at org.testng.remote.RemoteTestNG.main(RemoteTestNG.java:77)
]]>
            </full-stacktrace>
          </exception> <!-- java.lang.AssertionError -->
          <reporter-output>
          </reporter-output>
        </test-method> <!-- TC_4_2 -->
        <test-method status="PASS" signature="getResult(org.testng.ITestResult)[pri:0, instance:G3SnowboardShopTest.STC_G03_Automation_Testing@57baeedf]" name="getResult" is-config="true" duration-ms="816" started-at="2019-05-25T15:42:51Z" finished-at="2019-05-25T15:42:52Z">
          <params>
            <param index="0">
              <value>
                <![CDATA[[TestResult name=TC_4_2 status=FAILURE method=STC_G03_Automation_Testing.TC_4_2()[pri:0, instance:G3SnowboardShopTest.STC_G03_Automation_Testing@57baeedf] output={null}]]]>
              </value>
            </param>
          </params>
          <reporter-output>
          </reporter-output>
        </test-method> <!-- getResult -->
        <test-method status="PASS" signature="setup()[pri:0, instance:G3SnowboardShopTest.STC_G03_Automation_Testing@57baeedf]" name="setup" is-config="true" duration-ms="612" started-at="2019-05-25T15:42:52Z" finished-at="2019-05-25T15:42:52Z">
          <reporter-output>
          </reporter-output>
        </test-method> <!-- setup -->
        <test-method status="PASS" signature="TC_5_1()[pri:0, instance:G3SnowboardShopTest.STC_G03_Automation_Testing@57baeedf]" name="TC_5_1" duration-ms="42761" started-at="2019-05-25T15:42:52Z" finished-at="2019-05-25T15:43:35Z">
          <reporter-output>
          </reporter-output>
        </test-method> <!-- TC_5_1 -->
        <test-method status="PASS" signature="getResult(org.testng.ITestResult)[pri:0, instance:G3SnowboardShopTest.STC_G03_Automation_Testing@57baeedf]" name="getResult" is-config="true" duration-ms="100" started-at="2019-05-25T15:43:35Z" finished-at="2019-05-25T15:43:35Z">
          <params>
            <param index="0">
              <value>
                <![CDATA[[TestResult name=TC_5_1 status=SUCCESS method=STC_G03_Automation_Testing.TC_5_1()[pri:0, instance:G3SnowboardShopTest.STC_G03_Automation_Testing@57baeedf] output={null}]]]>
              </value>
            </param>
          </params>
          <reporter-output>
          </reporter-output>
        </test-method> <!-- getResult -->
        <test-method status="PASS" signature="setup()[pri:0, instance:G3SnowboardShopTest.STC_G03_Automation_Testing@57baeedf]" name="setup" is-config="true" duration-ms="644" started-at="2019-05-25T15:43:35Z" finished-at="2019-05-25T15:43:36Z">
          <reporter-output>
          </reporter-output>
        </test-method> <!-- setup -->
        <test-method status="PASS" signature="TC_7_1()[pri:0, instance:G3SnowboardShopTest.STC_G03_Automation_Testing@57baeedf]" name="TC_7_1" duration-ms="276913" started-at="2019-05-25T15:43:36Z" finished-at="2019-05-25T15:48:13Z">
          <reporter-output>
          </reporter-output>
        </test-method> <!-- TC_7_1 -->
        <test-method status="PASS" signature="getResult(org.testng.ITestResult)[pri:0, instance:G3SnowboardShopTest.STC_G03_Automation_Testing@57baeedf]" name="getResult" is-config="true" duration-ms="240" started-at="2019-05-25T15:48:13Z" finished-at="2019-05-25T15:48:13Z">
          <params>
            <param index="0">
              <value>
                <![CDATA[[TestResult name=TC_7_1 status=SUCCESS method=STC_G03_Automation_Testing.TC_7_1()[pri:0, instance:G3SnowboardShopTest.STC_G03_Automation_Testing@57baeedf] output={null}]]]>
              </value>
            </param>
          </params>
          <reporter-output>
          </reporter-output>
        </test-method> <!-- getResult -->
        <test-method status="PASS" signature="endReport()[pri:0, instance:G3SnowboardShopTest.STC_G03_Automation_Testing@57baeedf]" name="endReport" is-config="true" duration-ms="287" started-at="2019-05-25T15:48:13Z" finished-at="2019-05-25T15:48:13Z">
          <reporter-output>
          </reporter-output>
        </test-method> <!-- endReport -->
      </class> <!-- G3SnowboardShopTest.STC_G03_Automation_Testing -->
    </test> <!-- Test1 -->
  </suite> <!-- Suite1 -->
</testng-results>
