<?xml version="1.0" encoding="UTF-8"?>
<testng-results skipped="0" failed="1" ignored="0" total="27" passed="26">
  <reporter-output>
  </reporter-output>
  <suite name="Default suite" duration-ms="236898" started-at="2019-05-24T19:06:14Z" finished-at="2019-05-24T19:10:11Z">
    <groups>
    </groups>
    <test name="Default test" duration-ms="236898" started-at="2019-05-24T19:06:14Z" finished-at="2019-05-24T19:10:11Z">
      <class name="G3SnowboardShopTest.STC_G03_Automation_Testing">
        <test-method status="PASS" signature="startReport()[pri:0, instance:G3SnowboardShopTest.STC_G03_Automation_Testing@343f4d3d]" name="startReport" is-config="true" duration-ms="204" started-at="2019-05-24T19:06:14Z" finished-at="2019-05-24T19:06:14Z">
          <reporter-output>
          </reporter-output>
        </test-method> <!-- startReport -->
        <test-method status="PASS" signature="setup()[pri:0, instance:G3SnowboardShopTest.STC_G03_Automation_Testing@343f4d3d]" name="setup" is-config="true" duration-ms="1295" started-at="2019-05-24T19:06:14Z" finished-at="2019-05-24T19:06:16Z">
          <reporter-output>
          </reporter-output>
        </test-method> <!-- setup -->
        <test-method status="PASS" signature="TC_19_1()[pri:0, instance:G3SnowboardShopTest.STC_G03_Automation_Testing@343f4d3d]" name="TC_19_1" duration-ms="2239" started-at="2019-05-24T19:06:16Z" finished-at="2019-05-24T19:06:18Z">
          <reporter-output>
          </reporter-output>
        </test-method> <!-- TC_19_1 -->
        <test-method status="PASS" signature="getResult(org.testng.ITestResult)[pri:0, instance:G3SnowboardShopTest.STC_G03_Automation_Testing@343f4d3d]" name="getResult" is-config="true" duration-ms="83" started-at="2019-05-24T19:06:18Z" finished-at="2019-05-24T19:06:18Z">
          <params>
            <param index="0">
              <value>
                <![CDATA[[TestResult name=TC_19_1 status=SUCCESS method=STC_G03_Automation_Testing.TC_19_1()[pri:0, instance:G3SnowboardShopTest.STC_G03_Automation_Testing@343f4d3d] output={null}]]]>
              </value>
            </param>
          </params>
          <reporter-output>
          </reporter-output>
        </test-method> <!-- getResult -->
        <test-method status="PASS" signature="setup()[pri:0, instance:G3SnowboardShopTest.STC_G03_Automation_Testing@343f4d3d]" name="setup" is-config="true" duration-ms="632" started-at="2019-05-24T19:06:18Z" finished-at="2019-05-24T19:06:18Z">
          <reporter-output>
          </reporter-output>
        </test-method> <!-- setup -->
        <test-method status="PASS" signature="TC_19_2(java.lang.String, java.lang.String, java.lang.String, java.lang.String)[pri:0, instance:G3SnowboardShopTest.STC_G03_Automation_Testing@343f4d3d]" name="TC_19_2" duration-ms="3854" started-at="2019-05-24T19:06:18Z" data-provider="password-db-data-provider" finished-at="2019-05-24T19:06:22Z">
          <params>
            <param index="0">
              <value>
                <![CDATA[Mirabelle]]>
              </value>
            </param>
            <param index="1">
              <value>
                <![CDATA[Thomasine]]>
              </value>
            </param>
            <param index="2">
              <value>
                <![CDATA[vman@yarnpedia.ml]]>
              </value>
            </param>
            <param index="3">
              <value>
                <![CDATA[jhytÄjh]]>
              </value>
            </param>
          </params>
          <reporter-output>
          </reporter-output>
        </test-method> <!-- TC_19_2 -->
        <test-method status="PASS" signature="getResult(org.testng.ITestResult)[pri:0, instance:G3SnowboardShopTest.STC_G03_Automation_Testing@343f4d3d]" name="getResult" is-config="true" duration-ms="83" started-at="2019-05-24T19:06:22Z" finished-at="2019-05-24T19:06:22Z">
          <params>
            <param index="0">
              <value>
                <![CDATA[[TestResult name=TC_19_2 status=SUCCESS method=STC_G03_Automation_Testing.TC_19_2(java.lang.String, java.lang.String, java.lang.String, java.lang.String)[pri:0, instance:G3SnowboardShopTest.STC_G03_Automation_Testing@343f4d3d] output={null}]]]>
              </value>
            </param>
          </params>
          <reporter-output>
          </reporter-output>
        </test-method> <!-- getResult -->
        <test-method status="PASS" signature="setup()[pri:0, instance:G3SnowboardShopTest.STC_G03_Automation_Testing@343f4d3d]" name="setup" is-config="true" duration-ms="624" started-at="2019-05-24T19:06:22Z" finished-at="2019-05-24T19:06:23Z">
          <reporter-output>
          </reporter-output>
        </test-method> <!-- setup -->
        <test-method status="PASS" signature="TC_19_2(java.lang.String, java.lang.String, java.lang.String, java.lang.String)[pri:0, instance:G3SnowboardShopTest.STC_G03_Automation_Testing@343f4d3d]" name="TC_19_2" duration-ms="3893" started-at="2019-05-24T19:06:23Z" data-provider="password-db-data-provider" finished-at="2019-05-24T19:06:27Z">
          <params>
            <param index="0">
              <value>
                <![CDATA[Alexa]]>
              </value>
            </param>
            <param index="1">
              <value>
                <![CDATA[Salinas]]>
              </value>
            </param>
            <param index="2">
              <value>
                <![CDATA[nyoun-dyanx@afflive.gq]]>
              </value>
            </param>
            <param index="3">
              <value>
                <![CDATA[A&LBMå[zd*62h(m\]]>
              </value>
            </param>
          </params>
          <reporter-output>
          </reporter-output>
        </test-method> <!-- TC_19_2 -->
        <test-method status="PASS" signature="getResult(org.testng.ITestResult)[pri:0, instance:G3SnowboardShopTest.STC_G03_Automation_Testing@343f4d3d]" name="getResult" is-config="true" duration-ms="76" started-at="2019-05-24T19:06:27Z" finished-at="2019-05-24T19:06:27Z">
          <params>
            <param index="0">
              <value>
                <![CDATA[[TestResult name=TC_19_2 status=SUCCESS method=STC_G03_Automation_Testing.TC_19_2(java.lang.String, java.lang.String, java.lang.String, java.lang.String)[pri:0, instance:G3SnowboardShopTest.STC_G03_Automation_Testing@343f4d3d] output={null}]]]>
              </value>
            </param>
          </params>
          <reporter-output>
          </reporter-output>
        </test-method> <!-- getResult -->
        <test-method status="PASS" signature="setup()[pri:0, instance:G3SnowboardShopTest.STC_G03_Automation_Testing@343f4d3d]" name="setup" is-config="true" duration-ms="629" started-at="2019-05-24T19:06:27Z" finished-at="2019-05-24T19:06:28Z">
          <reporter-output>
          </reporter-output>
        </test-method> <!-- setup -->
        <test-method status="PASS" signature="TC_19_2(java.lang.String, java.lang.String, java.lang.String, java.lang.String)[pri:0, instance:G3SnowboardShopTest.STC_G03_Automation_Testing@343f4d3d]" name="TC_19_2" duration-ms="3879" started-at="2019-05-24T19:06:28Z" data-provider="password-db-data-provider" finished-at="2019-05-24T19:06:32Z">
          <params>
            <param index="0">
              <value>
                <![CDATA[Destiny]]>
              </value>
            </param>
            <param index="1">
              <value>
                <![CDATA[Battle]]>
              </value>
            </param>
            <param index="2">
              <value>
                <![CDATA[qmohanadmano@mobaratopcinq.life]]>
              </value>
            </param>
            <param index="3">
              <value>
                <![CDATA[}-3*eVöT&`ec@DT]]]>
              </value>
            </param>
          </params>
          <reporter-output>
          </reporter-output>
        </test-method> <!-- TC_19_2 -->
        <test-method status="PASS" signature="getResult(org.testng.ITestResult)[pri:0, instance:G3SnowboardShopTest.STC_G03_Automation_Testing@343f4d3d]" name="getResult" is-config="true" duration-ms="78" started-at="2019-05-24T19:06:32Z" finished-at="2019-05-24T19:06:32Z">
          <params>
            <param index="0">
              <value>
                <![CDATA[[TestResult name=TC_19_2 status=SUCCESS method=STC_G03_Automation_Testing.TC_19_2(java.lang.String, java.lang.String, java.lang.String, java.lang.String)[pri:0, instance:G3SnowboardShopTest.STC_G03_Automation_Testing@343f4d3d] output={null}]]]>
              </value>
            </param>
          </params>
          <reporter-output>
          </reporter-output>
        </test-method> <!-- getResult -->
        <test-method status="PASS" signature="setup()[pri:0, instance:G3SnowboardShopTest.STC_G03_Automation_Testing@343f4d3d]" name="setup" is-config="true" duration-ms="682" started-at="2019-05-24T19:06:32Z" finished-at="2019-05-24T19:06:32Z">
          <reporter-output>
          </reporter-output>
        </test-method> <!-- setup -->
        <test-method status="PASS" signature="TC_2_1()[pri:0, instance:G3SnowboardShopTest.STC_G03_Automation_Testing@343f4d3d]" name="TC_2_1" duration-ms="8830" started-at="2019-05-24T19:06:32Z" finished-at="2019-05-24T19:06:41Z">
          <reporter-output>
          </reporter-output>
        </test-method> <!-- TC_2_1 -->
        <test-method status="PASS" signature="getResult(org.testng.ITestResult)[pri:0, instance:G3SnowboardShopTest.STC_G03_Automation_Testing@343f4d3d]" name="getResult" is-config="true" duration-ms="76" started-at="2019-05-24T19:06:41Z" finished-at="2019-05-24T19:06:41Z">
          <params>
            <param index="0">
              <value>
                <![CDATA[[TestResult name=TC_2_1 status=SUCCESS method=STC_G03_Automation_Testing.TC_2_1()[pri:0, instance:G3SnowboardShopTest.STC_G03_Automation_Testing@343f4d3d] output={null}]]]>
              </value>
            </param>
          </params>
          <reporter-output>
          </reporter-output>
        </test-method> <!-- getResult -->
        <test-method status="PASS" signature="setup()[pri:0, instance:G3SnowboardShopTest.STC_G03_Automation_Testing@343f4d3d]" name="setup" is-config="true" duration-ms="648" started-at="2019-05-24T19:06:41Z" finished-at="2019-05-24T19:06:42Z">
          <reporter-output>
          </reporter-output>
        </test-method> <!-- setup -->
        <test-method status="PASS" signature="TC_2_2(java.lang.String, java.lang.String)[pri:0, instance:G3SnowboardShopTest.STC_G03_Automation_Testing@343f4d3d]" name="TC_2_2" duration-ms="9158" started-at="2019-05-24T19:06:42Z" data-provider="emails-and-passwords-unusual-data-provider" finished-at="2019-05-24T19:06:51Z">
          <params>
            <param index="0">
              <value>
                <![CDATA[custo?er@test.se]]>
              </value>
            </param>
            <param index="1">
              <value>
                <![CDATA[sureerat1234]]>
              </value>
            </param>
          </params>
          <reporter-output>
          </reporter-output>
        </test-method> <!-- TC_2_2 -->
        <test-method status="PASS" signature="getResult(org.testng.ITestResult)[pri:0, instance:G3SnowboardShopTest.STC_G03_Automation_Testing@343f4d3d]" name="getResult" is-config="true" duration-ms="75" started-at="2019-05-24T19:06:51Z" finished-at="2019-05-24T19:06:51Z">
          <params>
            <param index="0">
              <value>
                <![CDATA[[TestResult name=TC_2_2 status=SUCCESS method=STC_G03_Automation_Testing.TC_2_2(java.lang.String, java.lang.String)[pri:0, instance:G3SnowboardShopTest.STC_G03_Automation_Testing@343f4d3d] output={null}]]]>
              </value>
            </param>
          </params>
          <reporter-output>
          </reporter-output>
        </test-method> <!-- getResult -->
        <test-method status="PASS" signature="setup()[pri:0, instance:G3SnowboardShopTest.STC_G03_Automation_Testing@343f4d3d]" name="setup" is-config="true" duration-ms="641" started-at="2019-05-24T19:06:51Z" finished-at="2019-05-24T19:06:52Z">
          <reporter-output>
          </reporter-output>
        </test-method> <!-- setup -->
        <test-method status="PASS" signature="TC_2_2(java.lang.String, java.lang.String)[pri:0, instance:G3SnowboardShopTest.STC_G03_Automation_Testing@343f4d3d]" name="TC_2_2" duration-ms="9122" started-at="2019-05-24T19:06:52Z" data-provider="emails-and-passwords-unusual-data-provider" finished-at="2019-05-24T19:07:01Z">
          <params>
            <param index="0">
              <value>
                <![CDATA[adm%n@test.se]]>
              </value>
            </param>
            <param index="1">
              <value>
                <![CDATA[sureerat1234]]>
              </value>
            </param>
          </params>
          <reporter-output>
          </reporter-output>
        </test-method> <!-- TC_2_2 -->
        <test-method status="PASS" signature="getResult(org.testng.ITestResult)[pri:0, instance:G3SnowboardShopTest.STC_G03_Automation_Testing@343f4d3d]" name="getResult" is-config="true" duration-ms="78" started-at="2019-05-24T19:07:01Z" finished-at="2019-05-24T19:07:01Z">
          <params>
            <param index="0">
              <value>
                <![CDATA[[TestResult name=TC_2_2 status=SUCCESS method=STC_G03_Automation_Testing.TC_2_2(java.lang.String, java.lang.String)[pri:0, instance:G3SnowboardShopTest.STC_G03_Automation_Testing@343f4d3d] output={null}]]]>
              </value>
            </param>
          </params>
          <reporter-output>
          </reporter-output>
        </test-method> <!-- getResult -->
        <test-method status="PASS" signature="setup()[pri:0, instance:G3SnowboardShopTest.STC_G03_Automation_Testing@343f4d3d]" name="setup" is-config="true" duration-ms="724" started-at="2019-05-24T19:07:01Z" finished-at="2019-05-24T19:07:02Z">
          <reporter-output>
          </reporter-output>
        </test-method> <!-- setup -->
        <test-method status="PASS" signature="TC_2_2(java.lang.String, java.lang.String)[pri:0, instance:G3SnowboardShopTest.STC_G03_Automation_Testing@343f4d3d]" name="TC_2_2" duration-ms="8981" started-at="2019-05-24T19:07:02Z" data-provider="emails-and-passwords-unusual-data-provider" finished-at="2019-05-24T19:07:11Z">
          <params>
            <param index="0">
              <value>
                <![CDATA[custämer1@test.se]]>
              </value>
            </param>
            <param index="1">
              <value>
                <![CDATA[sureerat1234]]>
              </value>
            </param>
          </params>
          <reporter-output>
          </reporter-output>
        </test-method> <!-- TC_2_2 -->
        <test-method status="PASS" signature="getResult(org.testng.ITestResult)[pri:0, instance:G3SnowboardShopTest.STC_G03_Automation_Testing@343f4d3d]" name="getResult" is-config="true" duration-ms="73" started-at="2019-05-24T19:07:11Z" finished-at="2019-05-24T19:07:11Z">
          <params>
            <param index="0">
              <value>
                <![CDATA[[TestResult name=TC_2_2 status=SUCCESS method=STC_G03_Automation_Testing.TC_2_2(java.lang.String, java.lang.String)[pri:0, instance:G3SnowboardShopTest.STC_G03_Automation_Testing@343f4d3d] output={null}]]]>
              </value>
            </param>
          </params>
          <reporter-output>
          </reporter-output>
        </test-method> <!-- getResult -->
        <test-method status="PASS" signature="setup()[pri:0, instance:G3SnowboardShopTest.STC_G03_Automation_Testing@343f4d3d]" name="setup" is-config="true" duration-ms="644" started-at="2019-05-24T19:07:11Z" finished-at="2019-05-24T19:07:11Z">
          <reporter-output>
          </reporter-output>
        </test-method> <!-- setup -->
        <test-method status="PASS" signature="TC_2_2(java.lang.String, java.lang.String)[pri:0, instance:G3SnowboardShopTest.STC_G03_Automation_Testing@343f4d3d]" name="TC_2_2" duration-ms="13857" started-at="2019-05-24T19:07:11Z" data-provider="emails-and-passwords-unusual-data-provider" finished-at="2019-05-24T19:07:25Z">
          <params>
            <param index="0">
              <value>
                <![CDATA[sure#rat1988@gmail.com]]>
              </value>
            </param>
            <param index="1">
              <value>
                <![CDATA[sureerat1234]]>
              </value>
            </param>
          </params>
          <reporter-output>
          </reporter-output>
        </test-method> <!-- TC_2_2 -->
        <test-method status="PASS" signature="getResult(org.testng.ITestResult)[pri:0, instance:G3SnowboardShopTest.STC_G03_Automation_Testing@343f4d3d]" name="getResult" is-config="true" duration-ms="80" started-at="2019-05-24T19:07:25Z" finished-at="2019-05-24T19:07:25Z">
          <params>
            <param index="0">
              <value>
                <![CDATA[[TestResult name=TC_2_2 status=SUCCESS method=STC_G03_Automation_Testing.TC_2_2(java.lang.String, java.lang.String)[pri:0, instance:G3SnowboardShopTest.STC_G03_Automation_Testing@343f4d3d] output={null}]]]>
              </value>
            </param>
          </params>
          <reporter-output>
          </reporter-output>
        </test-method> <!-- getResult -->
        <test-method status="PASS" signature="setup()[pri:0, instance:G3SnowboardShopTest.STC_G03_Automation_Testing@343f4d3d]" name="setup" is-config="true" duration-ms="645" started-at="2019-05-24T19:07:25Z" finished-at="2019-05-24T19:07:26Z">
          <reporter-output>
          </reporter-output>
        </test-method> <!-- setup -->
        <test-method status="PASS" signature="TC_2_3_2_4(java.lang.String, boolean)[pri:0, instance:G3SnowboardShopTest.STC_G03_Automation_Testing@343f4d3d]" name="TC_2_3_2_4" duration-ms="8093" started-at="2019-05-24T19:07:26Z" data-provider="emails-correct-number-data-provider" finished-at="2019-05-24T19:07:34Z">
          <params>
            <param index="0">
              <value>
                <![CDATA[tghost.2srffggggggggggggggffdgggggggggggrewws@chaonamdinh.com]]>
              </value>
            </param>
            <param index="1">
              <value>
                <![CDATA[false]]>
              </value>
            </param>
          </params>
          <reporter-output>
          </reporter-output>
        </test-method> <!-- TC_2_3_2_4 -->
        <test-method status="PASS" signature="getResult(org.testng.ITestResult)[pri:0, instance:G3SnowboardShopTest.STC_G03_Automation_Testing@343f4d3d]" name="getResult" is-config="true" duration-ms="86" started-at="2019-05-24T19:07:34Z" finished-at="2019-05-24T19:07:34Z">
          <params>
            <param index="0">
              <value>
                <![CDATA[[TestResult name=TC_2_3_2_4 status=SUCCESS method=STC_G03_Automation_Testing.TC_2_3_2_4(java.lang.String, boolean)[pri:0, instance:G3SnowboardShopTest.STC_G03_Automation_Testing@343f4d3d] output={null}]]]>
              </value>
            </param>
          </params>
          <reporter-output>
          </reporter-output>
        </test-method> <!-- getResult -->
        <test-method status="PASS" signature="setup()[pri:0, instance:G3SnowboardShopTest.STC_G03_Automation_Testing@343f4d3d]" name="setup" is-config="true" duration-ms="677" started-at="2019-05-24T19:07:34Z" finished-at="2019-05-24T19:07:35Z">
          <reporter-output>
          </reporter-output>
        </test-method> <!-- setup -->
        <test-method status="PASS" signature="TC_2_3_2_4(java.lang.String, boolean)[pri:0, instance:G3SnowboardShopTest.STC_G03_Automation_Testing@343f4d3d]" name="TC_2_3_2_4" duration-ms="8120" started-at="2019-05-24T19:07:35Z" data-provider="emails-correct-number-data-provider" finished-at="2019-05-24T19:07:43Z">
          <params>
            <param index="0">
              <value>
                <![CDATA[tghost.2srffggggggggggggssssssssssssssssssssssssssggffdgggggggggggrewws@chaonamdinh.com]]>
              </value>
            </param>
            <param index="1">
              <value>
                <![CDATA[true]]>
              </value>
            </param>
          </params>
          <reporter-output>
          </reporter-output>
        </test-method> <!-- TC_2_3_2_4 -->
        <test-method status="PASS" signature="getResult(org.testng.ITestResult)[pri:0, instance:G3SnowboardShopTest.STC_G03_Automation_Testing@343f4d3d]" name="getResult" is-config="true" duration-ms="74" started-at="2019-05-24T19:07:43Z" finished-at="2019-05-24T19:07:43Z">
          <params>
            <param index="0">
              <value>
                <![CDATA[[TestResult name=TC_2_3_2_4 status=SUCCESS method=STC_G03_Automation_Testing.TC_2_3_2_4(java.lang.String, boolean)[pri:0, instance:G3SnowboardShopTest.STC_G03_Automation_Testing@343f4d3d] output={null}]]]>
              </value>
            </param>
          </params>
          <reporter-output>
          </reporter-output>
        </test-method> <!-- getResult -->
        <test-method status="PASS" signature="setup()[pri:0, instance:G3SnowboardShopTest.STC_G03_Automation_Testing@343f4d3d]" name="setup" is-config="true" duration-ms="656" started-at="2019-05-24T19:07:43Z" finished-at="2019-05-24T19:07:44Z">
          <reporter-output>
          </reporter-output>
        </test-method> <!-- setup -->
        <test-method status="PASS" signature="TC_2_3_2_4(java.lang.String, boolean)[pri:0, instance:G3SnowboardShopTest.STC_G03_Automation_Testing@343f4d3d]" name="TC_2_3_2_4" duration-ms="8276" started-at="2019-05-24T19:07:44Z" data-provider="emails-correct-number-data-provider" finished-at="2019-05-24T19:07:52Z">
          <params>
            <param index="0">
              <value>
                <![CDATA[tghost.2srffgggggggggggggkkkkkkkkkkkkgffdgggggggggggrewws@chaonamdinh.com]]>
              </value>
            </param>
            <param index="1">
              <value>
                <![CDATA[true]]>
              </value>
            </param>
          </params>
          <reporter-output>
          </reporter-output>
        </test-method> <!-- TC_2_3_2_4 -->
        <test-method status="PASS" signature="getResult(org.testng.ITestResult)[pri:0, instance:G3SnowboardShopTest.STC_G03_Automation_Testing@343f4d3d]" name="getResult" is-config="true" duration-ms="75" started-at="2019-05-24T19:07:52Z" finished-at="2019-05-24T19:07:52Z">
          <params>
            <param index="0">
              <value>
                <![CDATA[[TestResult name=TC_2_3_2_4 status=SUCCESS method=STC_G03_Automation_Testing.TC_2_3_2_4(java.lang.String, boolean)[pri:0, instance:G3SnowboardShopTest.STC_G03_Automation_Testing@343f4d3d] output={null}]]]>
              </value>
            </param>
          </params>
          <reporter-output>
          </reporter-output>
        </test-method> <!-- getResult -->
        <test-method status="PASS" signature="setup()[pri:0, instance:G3SnowboardShopTest.STC_G03_Automation_Testing@343f4d3d]" name="setup" is-config="true" duration-ms="654" started-at="2019-05-24T19:07:52Z" finished-at="2019-05-24T19:07:53Z">
          <reporter-output>
          </reporter-output>
        </test-method> <!-- setup -->
        <test-method status="PASS" signature="TC_2_3_2_4(java.lang.String, boolean)[pri:0, instance:G3SnowboardShopTest.STC_G03_Automation_Testing@343f4d3d]" name="TC_2_3_2_4" duration-ms="9178" started-at="2019-05-24T19:07:53Z" data-provider="emails-correct-number-data-provider" finished-at="2019-05-24T19:08:02Z">
          <params>
            <param index="0">
              <value>
                <![CDATA[tghost.2srffggggggggggggggffffffffffffffffffffffdgggggggggggrewws@chaonamdinh.com]]>
              </value>
            </param>
            <param index="1">
              <value>
                <![CDATA[true]]>
              </value>
            </param>
          </params>
          <reporter-output>
          </reporter-output>
        </test-method> <!-- TC_2_3_2_4 -->
        <test-method status="PASS" signature="getResult(org.testng.ITestResult)[pri:0, instance:G3SnowboardShopTest.STC_G03_Automation_Testing@343f4d3d]" name="getResult" is-config="true" duration-ms="77" started-at="2019-05-24T19:08:02Z" finished-at="2019-05-24T19:08:02Z">
          <params>
            <param index="0">
              <value>
                <![CDATA[[TestResult name=TC_2_3_2_4 status=SUCCESS method=STC_G03_Automation_Testing.TC_2_3_2_4(java.lang.String, boolean)[pri:0, instance:G3SnowboardShopTest.STC_G03_Automation_Testing@343f4d3d] output={null}]]]>
              </value>
            </param>
          </params>
          <reporter-output>
          </reporter-output>
        </test-method> <!-- getResult -->
        <test-method status="PASS" signature="setup()[pri:0, instance:G3SnowboardShopTest.STC_G03_Automation_Testing@343f4d3d]" name="setup" is-config="true" duration-ms="689" started-at="2019-05-24T19:08:02Z" finished-at="2019-05-24T19:08:03Z">
          <reporter-output>
          </reporter-output>
        </test-method> <!-- setup -->
        <test-method status="PASS" signature="TC_2_5()[pri:0, instance:G3SnowboardShopTest.STC_G03_Automation_Testing@343f4d3d]" name="TC_2_5" duration-ms="11668" started-at="2019-05-24T19:08:03Z" finished-at="2019-05-24T19:08:14Z">
          <reporter-output>
          </reporter-output>
        </test-method> <!-- TC_2_5 -->
        <test-method status="PASS" signature="getResult(org.testng.ITestResult)[pri:0, instance:G3SnowboardShopTest.STC_G03_Automation_Testing@343f4d3d]" name="getResult" is-config="true" duration-ms="72" started-at="2019-05-24T19:08:14Z" finished-at="2019-05-24T19:08:14Z">
          <params>
            <param index="0">
              <value>
                <![CDATA[[TestResult name=TC_2_5 status=SUCCESS method=STC_G03_Automation_Testing.TC_2_5()[pri:0, instance:G3SnowboardShopTest.STC_G03_Automation_Testing@343f4d3d] output={null}]]]>
              </value>
            </param>
          </params>
          <reporter-output>
          </reporter-output>
        </test-method> <!-- getResult -->
        <test-method status="PASS" signature="setup()[pri:0, instance:G3SnowboardShopTest.STC_G03_Automation_Testing@343f4d3d]" name="setup" is-config="true" duration-ms="653" started-at="2019-05-24T19:08:14Z" finished-at="2019-05-24T19:08:15Z">
          <reporter-output>
          </reporter-output>
        </test-method> <!-- setup -->
        <test-method status="PASS" signature="TC_3_1()[pri:0, instance:G3SnowboardShopTest.STC_G03_Automation_Testing@343f4d3d]" name="TC_3_1" duration-ms="2044" started-at="2019-05-24T19:08:15Z" finished-at="2019-05-24T19:08:17Z">
          <reporter-output>
          </reporter-output>
        </test-method> <!-- TC_3_1 -->
        <test-method status="PASS" signature="getResult(org.testng.ITestResult)[pri:0, instance:G3SnowboardShopTest.STC_G03_Automation_Testing@343f4d3d]" name="getResult" is-config="true" duration-ms="70" started-at="2019-05-24T19:08:17Z" finished-at="2019-05-24T19:08:17Z">
          <params>
            <param index="0">
              <value>
                <![CDATA[[TestResult name=TC_3_1 status=SUCCESS method=STC_G03_Automation_Testing.TC_3_1()[pri:0, instance:G3SnowboardShopTest.STC_G03_Automation_Testing@343f4d3d] output={null}]]]>
              </value>
            </param>
          </params>
          <reporter-output>
          </reporter-output>
        </test-method> <!-- getResult -->
        <test-method status="PASS" signature="setup()[pri:0, instance:G3SnowboardShopTest.STC_G03_Automation_Testing@343f4d3d]" name="setup" is-config="true" duration-ms="669" started-at="2019-05-24T19:08:17Z" finished-at="2019-05-24T19:08:18Z">
          <reporter-output>
          </reporter-output>
        </test-method> <!-- setup -->
        <test-method status="PASS" signature="TC_3_2(java.lang.String, java.lang.String)[pri:0, instance:G3SnowboardShopTest.STC_G03_Automation_Testing@343f4d3d]" name="TC_3_2" duration-ms="5231" started-at="2019-05-24T19:08:18Z" data-provider="name-data-provider" finished-at="2019-05-24T19:08:23Z">
          <params>
            <param index="0">
              <value>
                <![CDATA[Maria/]]>
              </value>
            </param>
            <param index="1">
              <value>
                <![CDATA[Patton0]]>
              </value>
            </param>
          </params>
          <reporter-output>
          </reporter-output>
        </test-method> <!-- TC_3_2 -->
        <test-method status="PASS" signature="getResult(org.testng.ITestResult)[pri:0, instance:G3SnowboardShopTest.STC_G03_Automation_Testing@343f4d3d]" name="getResult" is-config="true" duration-ms="70" started-at="2019-05-24T19:08:23Z" finished-at="2019-05-24T19:08:23Z">
          <params>
            <param index="0">
              <value>
                <![CDATA[[TestResult name=TC_3_2 status=SUCCESS method=STC_G03_Automation_Testing.TC_3_2(java.lang.String, java.lang.String)[pri:0, instance:G3SnowboardShopTest.STC_G03_Automation_Testing@343f4d3d] output={null}]]]>
              </value>
            </param>
          </params>
          <reporter-output>
          </reporter-output>
        </test-method> <!-- getResult -->
        <test-method status="PASS" signature="setup()[pri:0, instance:G3SnowboardShopTest.STC_G03_Automation_Testing@343f4d3d]" name="setup" is-config="true" duration-ms="661" started-at="2019-05-24T19:08:23Z" finished-at="2019-05-24T19:08:24Z">
          <reporter-output>
          </reporter-output>
        </test-method> <!-- setup -->
        <test-method status="PASS" signature="TC_3_2_email(java.lang.String)[pri:0, instance:G3SnowboardShopTest.STC_G03_Automation_Testing@343f4d3d]" name="TC_3_2_email" duration-ms="5623" started-at="2019-05-24T19:08:24Z" data-provider="email-data-provider" finished-at="2019-05-24T19:08:29Z">
          <params>
            <param index="0">
              <value>
                <![CDATA[dca☝ian.dohanov@memecituenakganasli.gq]]>
              </value>
            </param>
          </params>
          <reporter-output>
          </reporter-output>
        </test-method> <!-- TC_3_2_email -->
        <test-method status="PASS" signature="getResult(org.testng.ITestResult)[pri:0, instance:G3SnowboardShopTest.STC_G03_Automation_Testing@343f4d3d]" name="getResult" is-config="true" duration-ms="75" started-at="2019-05-24T19:08:29Z" finished-at="2019-05-24T19:08:29Z">
          <params>
            <param index="0">
              <value>
                <![CDATA[[TestResult name=TC_3_2_email status=SUCCESS method=STC_G03_Automation_Testing.TC_3_2_email(java.lang.String)[pri:0, instance:G3SnowboardShopTest.STC_G03_Automation_Testing@343f4d3d] output={null}]]]>
              </value>
            </param>
          </params>
          <reporter-output>
          </reporter-output>
        </test-method> <!-- getResult -->
        <test-method status="PASS" signature="setup()[pri:0, instance:G3SnowboardShopTest.STC_G03_Automation_Testing@343f4d3d]" name="setup" is-config="true" duration-ms="646" started-at="2019-05-24T19:08:29Z" finished-at="2019-05-24T19:08:30Z">
          <reporter-output>
          </reporter-output>
        </test-method> <!-- setup -->
        <test-method status="PASS" signature="TC_3_2_email(java.lang.String)[pri:0, instance:G3SnowboardShopTest.STC_G03_Automation_Testing@343f4d3d]" name="TC_3_2_email" duration-ms="5574" started-at="2019-05-24T19:08:30Z" data-provider="email-data-provider" finished-at="2019-05-24T19:08:36Z">
          <params>
            <param index="0">
              <value>
                <![CDATA[dca¤ian.dohanov@memecituenakganasli.gq]]>
              </value>
            </param>
          </params>
          <reporter-output>
          </reporter-output>
        </test-method> <!-- TC_3_2_email -->
        <test-method status="PASS" signature="getResult(org.testng.ITestResult)[pri:0, instance:G3SnowboardShopTest.STC_G03_Automation_Testing@343f4d3d]" name="getResult" is-config="true" duration-ms="71" started-at="2019-05-24T19:08:36Z" finished-at="2019-05-24T19:08:36Z">
          <params>
            <param index="0">
              <value>
                <![CDATA[[TestResult name=TC_3_2_email status=SUCCESS method=STC_G03_Automation_Testing.TC_3_2_email(java.lang.String)[pri:0, instance:G3SnowboardShopTest.STC_G03_Automation_Testing@343f4d3d] output={null}]]]>
              </value>
            </param>
          </params>
          <reporter-output>
          </reporter-output>
        </test-method> <!-- getResult -->
        <test-method status="PASS" signature="setup()[pri:0, instance:G3SnowboardShopTest.STC_G03_Automation_Testing@343f4d3d]" name="setup" is-config="true" duration-ms="685" started-at="2019-05-24T19:08:36Z" finished-at="2019-05-24T19:08:36Z">
          <reporter-output>
          </reporter-output>
        </test-method> <!-- setup -->
        <test-method status="PASS" signature="TC_3_3_3_4(java.lang.String, java.lang.String, boolean)[pri:0, instance:G3SnowboardShopTest.STC_G03_Automation_Testing@343f4d3d]" name="TC_3_3_3_4" duration-ms="3571" started-at="2019-05-24T19:08:36Z" data-provider="fnamn-and-lastnamn-data-provider" finished-at="2019-05-24T19:08:40Z">
          <params>
            <param index="0">
              <value>
                <![CDATA[Mirabelle]]>
              </value>
            </param>
            <param index="1">
              <value>
                <![CDATA[Thomasine]]>
              </value>
            </param>
            <param index="2">
              <value>
                <![CDATA[false]]>
              </value>
            </param>
          </params>
          <reporter-output>
          </reporter-output>
        </test-method> <!-- TC_3_3_3_4 -->
        <test-method status="PASS" signature="getResult(org.testng.ITestResult)[pri:0, instance:G3SnowboardShopTest.STC_G03_Automation_Testing@343f4d3d]" name="getResult" is-config="true" duration-ms="69" started-at="2019-05-24T19:08:40Z" finished-at="2019-05-24T19:08:40Z">
          <params>
            <param index="0">
              <value>
                <![CDATA[[TestResult name=TC_3_3_3_4 status=SUCCESS method=STC_G03_Automation_Testing.TC_3_3_3_4(java.lang.String, java.lang.String, boolean)[pri:0, instance:G3SnowboardShopTest.STC_G03_Automation_Testing@343f4d3d] output={null}]]]>
              </value>
            </param>
          </params>
          <reporter-output>
          </reporter-output>
        </test-method> <!-- getResult -->
        <test-method status="PASS" signature="setup()[pri:0, instance:G3SnowboardShopTest.STC_G03_Automation_Testing@343f4d3d]" name="setup" is-config="true" duration-ms="677" started-at="2019-05-24T19:08:40Z" finished-at="2019-05-24T19:08:41Z">
          <reporter-output>
          </reporter-output>
        </test-method> <!-- setup -->
        <test-method status="PASS" signature="TC_3_3_3_4(java.lang.String, java.lang.String, boolean)[pri:0, instance:G3SnowboardShopTest.STC_G03_Automation_Testing@343f4d3d]" name="TC_3_3_3_4" duration-ms="4447" started-at="2019-05-24T19:08:41Z" data-provider="fnamn-and-lastnamn-data-provider" finished-at="2019-05-24T19:08:45Z">
          <params>
            <param index="0">
              <value>
                <![CDATA[tghost.2srffggggggggggggssssssssssssssssssssssssssggffdgggggggggggrewws]]>
              </value>
            </param>
            <param index="1">
              <value>
                <![CDATA[tghost.2srffggggggggggggssssssssssssssssssssssssssggffdgggggggggggrewws]]>
              </value>
            </param>
            <param index="2">
              <value>
                <![CDATA[true]]>
              </value>
            </param>
          </params>
          <reporter-output>
          </reporter-output>
        </test-method> <!-- TC_3_3_3_4 -->
        <test-method status="PASS" signature="getResult(org.testng.ITestResult)[pri:0, instance:G3SnowboardShopTest.STC_G03_Automation_Testing@343f4d3d]" name="getResult" is-config="true" duration-ms="74" started-at="2019-05-24T19:08:45Z" finished-at="2019-05-24T19:08:45Z">
          <params>
            <param index="0">
              <value>
                <![CDATA[[TestResult name=TC_3_3_3_4 status=SUCCESS method=STC_G03_Automation_Testing.TC_3_3_3_4(java.lang.String, java.lang.String, boolean)[pri:0, instance:G3SnowboardShopTest.STC_G03_Automation_Testing@343f4d3d] output={null}]]]>
              </value>
            </param>
          </params>
          <reporter-output>
          </reporter-output>
        </test-method> <!-- getResult -->
        <test-method status="PASS" signature="setup()[pri:0, instance:G3SnowboardShopTest.STC_G03_Automation_Testing@343f4d3d]" name="setup" is-config="true" duration-ms="685" started-at="2019-05-24T19:08:45Z" finished-at="2019-05-24T19:08:46Z">
          <reporter-output>
          </reporter-output>
        </test-method> <!-- setup -->
        <test-method status="PASS" signature="TC_3_3_3_4(java.lang.String, java.lang.String, boolean)[pri:0, instance:G3SnowboardShopTest.STC_G03_Automation_Testing@343f4d3d]" name="TC_3_3_3_4" duration-ms="4592" started-at="2019-05-24T19:08:46Z" data-provider="fnamn-and-lastnamn-data-provider" finished-at="2019-05-24T19:08:51Z">
          <params>
            <param index="0">
              <value>
                <![CDATA[tghost.2srffgggggggggggggkkkkkkkkkkkkgffdgggggggggggrewwschaonamdinh]]>
              </value>
            </param>
            <param index="1">
              <value>
                <![CDATA[tghost.2srffggggggggggggssssssssssssssssssssssssssggffdgggggggggggrewwsgggggggggggggg]]>
              </value>
            </param>
            <param index="2">
              <value>
                <![CDATA[true]]>
              </value>
            </param>
          </params>
          <reporter-output>
          </reporter-output>
        </test-method> <!-- TC_3_3_3_4 -->
        <test-method status="PASS" signature="getResult(org.testng.ITestResult)[pri:0, instance:G3SnowboardShopTest.STC_G03_Automation_Testing@343f4d3d]" name="getResult" is-config="true" duration-ms="70" started-at="2019-05-24T19:08:51Z" finished-at="2019-05-24T19:08:51Z">
          <params>
            <param index="0">
              <value>
                <![CDATA[[TestResult name=TC_3_3_3_4 status=SUCCESS method=STC_G03_Automation_Testing.TC_3_3_3_4(java.lang.String, java.lang.String, boolean)[pri:0, instance:G3SnowboardShopTest.STC_G03_Automation_Testing@343f4d3d] output={null}]]]>
              </value>
            </param>
          </params>
          <reporter-output>
          </reporter-output>
        </test-method> <!-- getResult -->
        <test-method status="PASS" signature="setup()[pri:0, instance:G3SnowboardShopTest.STC_G03_Automation_Testing@343f4d3d]" name="setup" is-config="true" duration-ms="710" started-at="2019-05-24T19:08:51Z" finished-at="2019-05-24T19:08:51Z">
          <reporter-output>
          </reporter-output>
        </test-method> <!-- setup -->
        <test-method status="PASS" signature="TC_3_3_3_4(java.lang.String, java.lang.String, boolean)[pri:0, instance:G3SnowboardShopTest.STC_G03_Automation_Testing@343f4d3d]" name="TC_3_3_3_4" duration-ms="3586" started-at="2019-05-24T19:08:51Z" data-provider="fnamn-and-lastnamn-data-provider" finished-at="2019-05-24T19:08:55Z">
          <params>
            <param index="0">
              <value>
                <![CDATA[Kjell]]>
              </value>
            </param>
            <param index="1">
              <value>
                <![CDATA[Albertsson]]>
              </value>
            </param>
            <param index="2">
              <value>
                <![CDATA[false]]>
              </value>
            </param>
          </params>
          <reporter-output>
          </reporter-output>
        </test-method> <!-- TC_3_3_3_4 -->
        <test-method status="PASS" signature="getResult(org.testng.ITestResult)[pri:0, instance:G3SnowboardShopTest.STC_G03_Automation_Testing@343f4d3d]" name="getResult" is-config="true" duration-ms="72" started-at="2019-05-24T19:08:55Z" finished-at="2019-05-24T19:08:55Z">
          <params>
            <param index="0">
              <value>
                <![CDATA[[TestResult name=TC_3_3_3_4 status=SUCCESS method=STC_G03_Automation_Testing.TC_3_3_3_4(java.lang.String, java.lang.String, boolean)[pri:0, instance:G3SnowboardShopTest.STC_G03_Automation_Testing@343f4d3d] output={null}]]]>
              </value>
            </param>
          </params>
          <reporter-output>
          </reporter-output>
        </test-method> <!-- getResult -->
        <test-method status="PASS" signature="setup()[pri:0, instance:G3SnowboardShopTest.STC_G03_Automation_Testing@343f4d3d]" name="setup" is-config="true" duration-ms="644" started-at="2019-05-24T19:08:55Z" finished-at="2019-05-24T19:08:56Z">
          <reporter-output>
          </reporter-output>
        </test-method> <!-- setup -->
        <test-method status="PASS" signature="TC_3_5()[pri:0, instance:G3SnowboardShopTest.STC_G03_Automation_Testing@343f4d3d]" name="TC_3_5" duration-ms="6944" started-at="2019-05-24T19:08:56Z" finished-at="2019-05-24T19:09:03Z">
          <reporter-output>
          </reporter-output>
        </test-method> <!-- TC_3_5 -->
        <test-method status="PASS" signature="getResult(org.testng.ITestResult)[pri:0, instance:G3SnowboardShopTest.STC_G03_Automation_Testing@343f4d3d]" name="getResult" is-config="true" duration-ms="79" started-at="2019-05-24T19:09:03Z" finished-at="2019-05-24T19:09:03Z">
          <params>
            <param index="0">
              <value>
                <![CDATA[[TestResult name=TC_3_5 status=SUCCESS method=STC_G03_Automation_Testing.TC_3_5()[pri:0, instance:G3SnowboardShopTest.STC_G03_Automation_Testing@343f4d3d] output={null}]]]>
              </value>
            </param>
          </params>
          <reporter-output>
          </reporter-output>
        </test-method> <!-- getResult -->
        <test-method status="PASS" signature="setup()[pri:0, instance:G3SnowboardShopTest.STC_G03_Automation_Testing@343f4d3d]" name="setup" is-config="true" duration-ms="699" started-at="2019-05-24T19:09:03Z" finished-at="2019-05-24T19:09:03Z">
          <reporter-output>
          </reporter-output>
        </test-method> <!-- setup -->
        <test-method status="PASS" signature="TC_4_1()[pri:0, instance:G3SnowboardShopTest.STC_G03_Automation_Testing@343f4d3d]" name="TC_4_1" duration-ms="11696" started-at="2019-05-24T19:09:03Z" finished-at="2019-05-24T19:09:15Z">
          <reporter-output>
          </reporter-output>
        </test-method> <!-- TC_4_1 -->
        <test-method status="PASS" signature="getResult(org.testng.ITestResult)[pri:0, instance:G3SnowboardShopTest.STC_G03_Automation_Testing@343f4d3d]" name="getResult" is-config="true" duration-ms="91" started-at="2019-05-24T19:09:15Z" finished-at="2019-05-24T19:09:15Z">
          <params>
            <param index="0">
              <value>
                <![CDATA[[TestResult name=TC_4_1 status=SUCCESS method=STC_G03_Automation_Testing.TC_4_1()[pri:0, instance:G3SnowboardShopTest.STC_G03_Automation_Testing@343f4d3d] output={null}]]]>
              </value>
            </param>
          </params>
          <reporter-output>
          </reporter-output>
        </test-method> <!-- getResult -->
        <test-method status="PASS" signature="setup()[pri:0, instance:G3SnowboardShopTest.STC_G03_Automation_Testing@343f4d3d]" name="setup" is-config="true" duration-ms="697" started-at="2019-05-24T19:09:15Z" finished-at="2019-05-24T19:09:16Z">
          <reporter-output>
          </reporter-output>
        </test-method> <!-- setup -->
        <test-method status="FAIL" signature="TC_4_2()[pri:0, instance:G3SnowboardShopTest.STC_G03_Automation_Testing@343f4d3d]" name="TC_4_2" duration-ms="5743" started-at="2019-05-24T19:09:16Z" finished-at="2019-05-24T19:09:22Z">
          <exception class="java.lang.AssertionError">
            <message>
              <![CDATA[expected [https://www.zalando.se/kvinna-home/] but found [https://www.zalando.se/kvinna/?q=C]]]>
            </message>
            <full-stacktrace>
              <![CDATA[java.lang.AssertionError: expected [https://www.zalando.se/kvinna-home/] but found [https://www.zalando.se/kvinna/?q=C]
at org.testng.Assert.fail(Assert.java:96)
at org.testng.Assert.failNotEquals(Assert.java:776)
at org.testng.Assert.assertEqualsImpl(Assert.java:137)
at org.testng.Assert.assertEquals(Assert.java:118)
at org.testng.Assert.assertEquals(Assert.java:453)
at org.testng.Assert.assertEquals(Assert.java:463)
at G3SnowboardShopTest.STC_G03_Automation_Testing.TC_4_2(STC_G03_Automation_Testing.java:380)
at sun.reflect.NativeMethodAccessorImpl.invoke0(Native Method)
at sun.reflect.NativeMethodAccessorImpl.invoke(NativeMethodAccessorImpl.java:62)
at sun.reflect.DelegatingMethodAccessorImpl.invoke(DelegatingMethodAccessorImpl.java:43)
at java.lang.reflect.Method.invoke(Method.java:498)
at org.testng.internal.MethodInvocationHelper.invokeMethod(MethodInvocationHelper.java:124)
at org.testng.internal.Invoker.invokeMethod(Invoker.java:583)
at org.testng.internal.Invoker.invokeTestMethod(Invoker.java:719)
at org.testng.internal.Invoker.invokeTestMethods(Invoker.java:989)
at org.testng.internal.TestMethodWorker.invokeTestMethods(TestMethodWorker.java:125)
at org.testng.internal.TestMethodWorker.run(TestMethodWorker.java:109)
at org.testng.TestRunner.privateRun(TestRunner.java:648)
at org.testng.TestRunner.run(TestRunner.java:505)
at org.testng.SuiteRunner.runTest(SuiteRunner.java:455)
at org.testng.SuiteRunner.runSequentially(SuiteRunner.java:450)
at org.testng.SuiteRunner.privateRun(SuiteRunner.java:415)
at org.testng.SuiteRunner.run(SuiteRunner.java:364)
at org.testng.SuiteRunnerWorker.runSuite(SuiteRunnerWorker.java:52)
at org.testng.SuiteRunnerWorker.run(SuiteRunnerWorker.java:84)
at org.testng.TestNG.runSuitesSequentially(TestNG.java:1208)
at org.testng.TestNG.runSuitesLocally(TestNG.java:1137)
at org.testng.TestNG.runSuites(TestNG.java:1049)
at org.testng.TestNG.run(TestNG.java:1017)
at org.testng.remote.AbstractRemoteTestNG.run(AbstractRemoteTestNG.java:115)
at org.testng.remote.RemoteTestNG.initAndRun(RemoteTestNG.java:251)
at org.testng.remote.RemoteTestNG.main(RemoteTestNG.java:77)
]]>
            </full-stacktrace>
          </exception> <!-- java.lang.AssertionError -->
          <reporter-output>
          </reporter-output>
        </test-method> <!-- TC_4_2 -->
        <test-method status="PASS" signature="getResult(org.testng.ITestResult)[pri:0, instance:G3SnowboardShopTest.STC_G03_Automation_Testing@343f4d3d]" name="getResult" is-config="true" duration-ms="859" started-at="2019-05-24T19:09:22Z" finished-at="2019-05-24T19:09:22Z">
          <params>
            <param index="0">
              <value>
                <![CDATA[[TestResult name=TC_4_2 status=FAILURE method=STC_G03_Automation_Testing.TC_4_2()[pri:0, instance:G3SnowboardShopTest.STC_G03_Automation_Testing@343f4d3d] output={null}]]]>
              </value>
            </param>
          </params>
          <reporter-output>
          </reporter-output>
        </test-method> <!-- getResult -->
        <test-method status="PASS" signature="setup()[pri:0, instance:G3SnowboardShopTest.STC_G03_Automation_Testing@343f4d3d]" name="setup" is-config="true" duration-ms="651" started-at="2019-05-24T19:09:22Z" finished-at="2019-05-24T19:09:23Z">
          <reporter-output>
          </reporter-output>
        </test-method> <!-- setup -->
        <test-method status="PASS" signature="TC_5_1()[pri:0, instance:G3SnowboardShopTest.STC_G03_Automation_Testing@343f4d3d]" name="TC_5_1" duration-ms="42744" started-at="2019-05-24T19:09:23Z" finished-at="2019-05-24T19:10:06Z">
          <reporter-output>
          </reporter-output>
        </test-method> <!-- TC_5_1 -->
        <test-method status="PASS" signature="getResult(org.testng.ITestResult)[pri:0, instance:G3SnowboardShopTest.STC_G03_Automation_Testing@343f4d3d]" name="getResult" is-config="true" duration-ms="105" started-at="2019-05-24T19:10:06Z" finished-at="2019-05-24T19:10:06Z">
          <params>
            <param index="0">
              <value>
                <![CDATA[[TestResult name=TC_5_1 status=SUCCESS method=STC_G03_Automation_Testing.TC_5_1()[pri:0, instance:G3SnowboardShopTest.STC_G03_Automation_Testing@343f4d3d] output={null}]]]>
              </value>
            </param>
          </params>
          <reporter-output>
          </reporter-output>
        </test-method> <!-- getResult -->
        <test-method status="PASS" signature="setup()[pri:0, instance:G3SnowboardShopTest.STC_G03_Automation_Testing@343f4d3d]" name="setup" is-config="true" duration-ms="650" started-at="2019-05-24T19:10:06Z" finished-at="2019-05-24T19:10:07Z">
          <reporter-output>
          </reporter-output>
        </test-method> <!-- setup -->
        <test-method status="PASS" signature="TC_7_1()[pri:0, instance:G3SnowboardShopTest.STC_G03_Automation_Testing@343f4d3d]" name="TC_7_1" duration-ms="3909" started-at="2019-05-24T19:10:07Z" finished-at="2019-05-24T19:10:10Z">
          <reporter-output>
          </reporter-output>
        </test-method> <!-- TC_7_1 -->
        <test-method status="PASS" signature="getResult(org.testng.ITestResult)[pri:0, instance:G3SnowboardShopTest.STC_G03_Automation_Testing@343f4d3d]" name="getResult" is-config="true" duration-ms="75" started-at="2019-05-24T19:10:10Z" finished-at="2019-05-24T19:10:11Z">
          <params>
            <param index="0">
              <value>
                <![CDATA[[TestResult name=TC_7_1 status=SUCCESS method=STC_G03_Automation_Testing.TC_7_1()[pri:0, instance:G3SnowboardShopTest.STC_G03_Automation_Testing@343f4d3d] output={null}]]]>
              </value>
            </param>
          </params>
          <reporter-output>
          </reporter-output>
        </test-method> <!-- getResult -->
        <test-method status="PASS" signature="endReport()[pri:0, instance:G3SnowboardShopTest.STC_G03_Automation_Testing@343f4d3d]" name="endReport" is-config="true" duration-ms="343" started-at="2019-05-24T19:10:11Z" finished-at="2019-05-24T19:10:11Z">
          <reporter-output>
          </reporter-output>
        </test-method> <!-- endReport -->
      </class> <!-- G3SnowboardShopTest.STC_G03_Automation_Testing -->
    </test> <!-- Default test -->
  </suite> <!-- Default suite -->
</testng-results>
