<?xml version="1.0" encoding="UTF-8"?>
<testng-results skipped="0" failed="1" ignored="0" total="27" passed="26">
  <reporter-output>
  </reporter-output>
  <suite name="Suite1" duration-ms="497275" started-at="2019-05-25T18:25:33Z" finished-at="2019-05-25T18:33:50Z">
    <groups>
    </groups>
    <test name="Test1" duration-ms="497275" started-at="2019-05-25T18:25:33Z" finished-at="2019-05-25T18:33:50Z">
      <class name="G3SnowboardShopTest.STC_G03_Automation_Testing">
        <test-method status="PASS" signature="startReport()[pri:0, instance:G3SnowboardShopTest.STC_G03_Automation_Testing@15975490]" name="startReport" is-config="true" duration-ms="125" started-at="2019-05-25T18:25:33Z" finished-at="2019-05-25T18:25:33Z">
          <reporter-output>
          </reporter-output>
        </test-method> <!-- startReport -->
        <test-method status="PASS" signature="setup()[pri:0, instance:G3SnowboardShopTest.STC_G03_Automation_Testing@15975490]" name="setup" is-config="true" duration-ms="1109" started-at="2019-05-25T18:25:33Z" finished-at="2019-05-25T18:25:34Z">
          <reporter-output>
          </reporter-output>
        </test-method> <!-- setup -->
        <test-method status="PASS" signature="TC_19_1()[pri:0, instance:G3SnowboardShopTest.STC_G03_Automation_Testing@15975490]" name="TC_19_1" duration-ms="1807" started-at="2019-05-25T18:25:34Z" finished-at="2019-05-25T18:25:36Z">
          <reporter-output>
          </reporter-output>
        </test-method> <!-- TC_19_1 -->
        <test-method status="PASS" signature="getResult(org.testng.ITestResult)[pri:0, instance:G3SnowboardShopTest.STC_G03_Automation_Testing@15975490]" name="getResult" is-config="true" duration-ms="88" started-at="2019-05-25T18:25:36Z" finished-at="2019-05-25T18:25:36Z">
          <params>
            <param index="0">
              <value>
                <![CDATA[[TestResult name=TC_19_1 status=SUCCESS method=STC_G03_Automation_Testing.TC_19_1()[pri:0, instance:G3SnowboardShopTest.STC_G03_Automation_Testing@15975490] output={null}]]]>
              </value>
            </param>
          </params>
          <reporter-output>
          </reporter-output>
        </test-method> <!-- getResult -->
        <test-method status="PASS" signature="setup()[pri:0, instance:G3SnowboardShopTest.STC_G03_Automation_Testing@15975490]" name="setup" is-config="true" duration-ms="643" started-at="2019-05-25T18:25:36Z" finished-at="2019-05-25T18:25:37Z">
          <reporter-output>
          </reporter-output>
        </test-method> <!-- setup -->
        <test-method status="PASS" signature="TC_19_2(java.lang.String, java.lang.String, java.lang.String, java.lang.String)[pri:0, instance:G3SnowboardShopTest.STC_G03_Automation_Testing@15975490]" name="TC_19_2" duration-ms="3508" started-at="2019-05-25T18:25:37Z" data-provider="password-db-data-provider" finished-at="2019-05-25T18:25:40Z">
          <params>
            <param index="0">
              <value>
                <![CDATA[Mirabelle]]>
              </value>
            </param>
            <param index="1">
              <value>
                <![CDATA[Thomasine]]>
              </value>
            </param>
            <param index="2">
              <value>
                <![CDATA[vman@yarnpedia.ml]]>
              </value>
            </param>
            <param index="3">
              <value>
                <![CDATA[jhytÄjh]]>
              </value>
            </param>
          </params>
          <reporter-output>
          </reporter-output>
        </test-method> <!-- TC_19_2 -->
        <test-method status="PASS" signature="getResult(org.testng.ITestResult)[pri:0, instance:G3SnowboardShopTest.STC_G03_Automation_Testing@15975490]" name="getResult" is-config="true" duration-ms="101" started-at="2019-05-25T18:25:40Z" finished-at="2019-05-25T18:25:40Z">
          <params>
            <param index="0">
              <value>
                <![CDATA[[TestResult name=TC_19_2 status=SUCCESS method=STC_G03_Automation_Testing.TC_19_2(java.lang.String, java.lang.String, java.lang.String, java.lang.String)[pri:0, instance:G3SnowboardShopTest.STC_G03_Automation_Testing@15975490] output={null}]]]>
              </value>
            </param>
          </params>
          <reporter-output>
          </reporter-output>
        </test-method> <!-- getResult -->
        <test-method status="PASS" signature="setup()[pri:0, instance:G3SnowboardShopTest.STC_G03_Automation_Testing@15975490]" name="setup" is-config="true" duration-ms="640" started-at="2019-05-25T18:25:40Z" finished-at="2019-05-25T18:25:41Z">
          <reporter-output>
          </reporter-output>
        </test-method> <!-- setup -->
        <test-method status="PASS" signature="TC_19_2(java.lang.String, java.lang.String, java.lang.String, java.lang.String)[pri:0, instance:G3SnowboardShopTest.STC_G03_Automation_Testing@15975490]" name="TC_19_2" duration-ms="3760" started-at="2019-05-25T18:25:41Z" data-provider="password-db-data-provider" finished-at="2019-05-25T18:25:45Z">
          <params>
            <param index="0">
              <value>
                <![CDATA[Alexa]]>
              </value>
            </param>
            <param index="1">
              <value>
                <![CDATA[Salinas]]>
              </value>
            </param>
            <param index="2">
              <value>
                <![CDATA[nyoun-dyanx@afflive.gq]]>
              </value>
            </param>
            <param index="3">
              <value>
                <![CDATA[A&LBMå[zd*62h(m\]]>
              </value>
            </param>
          </params>
          <reporter-output>
          </reporter-output>
        </test-method> <!-- TC_19_2 -->
        <test-method status="PASS" signature="getResult(org.testng.ITestResult)[pri:0, instance:G3SnowboardShopTest.STC_G03_Automation_Testing@15975490]" name="getResult" is-config="true" duration-ms="72" started-at="2019-05-25T18:25:45Z" finished-at="2019-05-25T18:25:45Z">
          <params>
            <param index="0">
              <value>
                <![CDATA[[TestResult name=TC_19_2 status=SUCCESS method=STC_G03_Automation_Testing.TC_19_2(java.lang.String, java.lang.String, java.lang.String, java.lang.String)[pri:0, instance:G3SnowboardShopTest.STC_G03_Automation_Testing@15975490] output={null}]]]>
              </value>
            </param>
          </params>
          <reporter-output>
          </reporter-output>
        </test-method> <!-- getResult -->
        <test-method status="PASS" signature="setup()[pri:0, instance:G3SnowboardShopTest.STC_G03_Automation_Testing@15975490]" name="setup" is-config="true" duration-ms="646" started-at="2019-05-25T18:25:45Z" finished-at="2019-05-25T18:25:45Z">
          <reporter-output>
          </reporter-output>
        </test-method> <!-- setup -->
        <test-method status="PASS" signature="TC_19_2(java.lang.String, java.lang.String, java.lang.String, java.lang.String)[pri:0, instance:G3SnowboardShopTest.STC_G03_Automation_Testing@15975490]" name="TC_19_2" duration-ms="3718" started-at="2019-05-25T18:25:45Z" data-provider="password-db-data-provider" finished-at="2019-05-25T18:25:49Z">
          <params>
            <param index="0">
              <value>
                <![CDATA[Destiny]]>
              </value>
            </param>
            <param index="1">
              <value>
                <![CDATA[Battle]]>
              </value>
            </param>
            <param index="2">
              <value>
                <![CDATA[qmohanadmano@mobaratopcinq.life]]>
              </value>
            </param>
            <param index="3">
              <value>
                <![CDATA[}-3*eVöT&`ec@DT]]]>
              </value>
            </param>
          </params>
          <reporter-output>
          </reporter-output>
        </test-method> <!-- TC_19_2 -->
        <test-method status="PASS" signature="getResult(org.testng.ITestResult)[pri:0, instance:G3SnowboardShopTest.STC_G03_Automation_Testing@15975490]" name="getResult" is-config="true" duration-ms="71" started-at="2019-05-25T18:25:49Z" finished-at="2019-05-25T18:25:49Z">
          <params>
            <param index="0">
              <value>
                <![CDATA[[TestResult name=TC_19_2 status=SUCCESS method=STC_G03_Automation_Testing.TC_19_2(java.lang.String, java.lang.String, java.lang.String, java.lang.String)[pri:0, instance:G3SnowboardShopTest.STC_G03_Automation_Testing@15975490] output={null}]]]>
              </value>
            </param>
          </params>
          <reporter-output>
          </reporter-output>
        </test-method> <!-- getResult -->
        <test-method status="PASS" signature="setup()[pri:0, instance:G3SnowboardShopTest.STC_G03_Automation_Testing@15975490]" name="setup" is-config="true" duration-ms="626" started-at="2019-05-25T18:25:49Z" finished-at="2019-05-25T18:25:50Z">
          <reporter-output>
          </reporter-output>
        </test-method> <!-- setup -->
        <test-method status="PASS" signature="TC_2_1()[pri:0, instance:G3SnowboardShopTest.STC_G03_Automation_Testing@15975490]" name="TC_2_1" duration-ms="8773" started-at="2019-05-25T18:25:50Z" finished-at="2019-05-25T18:25:58Z">
          <reporter-output>
          </reporter-output>
        </test-method> <!-- TC_2_1 -->
        <test-method status="PASS" signature="getResult(org.testng.ITestResult)[pri:0, instance:G3SnowboardShopTest.STC_G03_Automation_Testing@15975490]" name="getResult" is-config="true" duration-ms="87" started-at="2019-05-25T18:25:58Z" finished-at="2019-05-25T18:25:59Z">
          <params>
            <param index="0">
              <value>
                <![CDATA[[TestResult name=TC_2_1 status=SUCCESS method=STC_G03_Automation_Testing.TC_2_1()[pri:0, instance:G3SnowboardShopTest.STC_G03_Automation_Testing@15975490] output={null}]]]>
              </value>
            </param>
          </params>
          <reporter-output>
          </reporter-output>
        </test-method> <!-- getResult -->
        <test-method status="PASS" signature="setup()[pri:0, instance:G3SnowboardShopTest.STC_G03_Automation_Testing@15975490]" name="setup" is-config="true" duration-ms="673" started-at="2019-05-25T18:25:59Z" finished-at="2019-05-25T18:25:59Z">
          <reporter-output>
          </reporter-output>
        </test-method> <!-- setup -->
        <test-method status="PASS" signature="TC_2_2(java.lang.String, java.lang.String)[pri:0, instance:G3SnowboardShopTest.STC_G03_Automation_Testing@15975490]" name="TC_2_2" duration-ms="9075" started-at="2019-05-25T18:25:59Z" data-provider="emails-and-passwords-unusual-data-provider" finished-at="2019-05-25T18:26:08Z">
          <params>
            <param index="0">
              <value>
                <![CDATA[custo?er@test.se]]>
              </value>
            </param>
            <param index="1">
              <value>
                <![CDATA[sureerat1234]]>
              </value>
            </param>
          </params>
          <reporter-output>
          </reporter-output>
        </test-method> <!-- TC_2_2 -->
        <test-method status="PASS" signature="getResult(org.testng.ITestResult)[pri:0, instance:G3SnowboardShopTest.STC_G03_Automation_Testing@15975490]" name="getResult" is-config="true" duration-ms="74" started-at="2019-05-25T18:26:08Z" finished-at="2019-05-25T18:26:08Z">
          <params>
            <param index="0">
              <value>
                <![CDATA[[TestResult name=TC_2_2 status=SUCCESS method=STC_G03_Automation_Testing.TC_2_2(java.lang.String, java.lang.String)[pri:0, instance:G3SnowboardShopTest.STC_G03_Automation_Testing@15975490] output={null}]]]>
              </value>
            </param>
          </params>
          <reporter-output>
          </reporter-output>
        </test-method> <!-- getResult -->
        <test-method status="PASS" signature="setup()[pri:0, instance:G3SnowboardShopTest.STC_G03_Automation_Testing@15975490]" name="setup" is-config="true" duration-ms="605" started-at="2019-05-25T18:26:08Z" finished-at="2019-05-25T18:26:09Z">
          <reporter-output>
          </reporter-output>
        </test-method> <!-- setup -->
        <test-method status="PASS" signature="TC_2_2(java.lang.String, java.lang.String)[pri:0, instance:G3SnowboardShopTest.STC_G03_Automation_Testing@15975490]" name="TC_2_2" duration-ms="7665" started-at="2019-05-25T18:26:09Z" data-provider="emails-and-passwords-unusual-data-provider" finished-at="2019-05-25T18:26:17Z">
          <params>
            <param index="0">
              <value>
                <![CDATA[adm%n@test.se]]>
              </value>
            </param>
            <param index="1">
              <value>
                <![CDATA[sureerat1234]]>
              </value>
            </param>
          </params>
          <reporter-output>
          </reporter-output>
        </test-method> <!-- TC_2_2 -->
        <test-method status="PASS" signature="getResult(org.testng.ITestResult)[pri:0, instance:G3SnowboardShopTest.STC_G03_Automation_Testing@15975490]" name="getResult" is-config="true" duration-ms="74" started-at="2019-05-25T18:26:17Z" finished-at="2019-05-25T18:26:17Z">
          <params>
            <param index="0">
              <value>
                <![CDATA[[TestResult name=TC_2_2 status=SUCCESS method=STC_G03_Automation_Testing.TC_2_2(java.lang.String, java.lang.String)[pri:0, instance:G3SnowboardShopTest.STC_G03_Automation_Testing@15975490] output={null}]]]>
              </value>
            </param>
          </params>
          <reporter-output>
          </reporter-output>
        </test-method> <!-- getResult -->
        <test-method status="PASS" signature="setup()[pri:0, instance:G3SnowboardShopTest.STC_G03_Automation_Testing@15975490]" name="setup" is-config="true" duration-ms="631" started-at="2019-05-25T18:26:17Z" finished-at="2019-05-25T18:26:17Z">
          <reporter-output>
          </reporter-output>
        </test-method> <!-- setup -->
        <test-method status="PASS" signature="TC_2_2(java.lang.String, java.lang.String)[pri:0, instance:G3SnowboardShopTest.STC_G03_Automation_Testing@15975490]" name="TC_2_2" duration-ms="7715" started-at="2019-05-25T18:26:17Z" data-provider="emails-and-passwords-unusual-data-provider" finished-at="2019-05-25T18:26:25Z">
          <params>
            <param index="0">
              <value>
                <![CDATA[custämer1@test.se]]>
              </value>
            </param>
            <param index="1">
              <value>
                <![CDATA[sureerat1234]]>
              </value>
            </param>
          </params>
          <reporter-output>
          </reporter-output>
        </test-method> <!-- TC_2_2 -->
        <test-method status="PASS" signature="getResult(org.testng.ITestResult)[pri:0, instance:G3SnowboardShopTest.STC_G03_Automation_Testing@15975490]" name="getResult" is-config="true" duration-ms="75" started-at="2019-05-25T18:26:25Z" finished-at="2019-05-25T18:26:25Z">
          <params>
            <param index="0">
              <value>
                <![CDATA[[TestResult name=TC_2_2 status=SUCCESS method=STC_G03_Automation_Testing.TC_2_2(java.lang.String, java.lang.String)[pri:0, instance:G3SnowboardShopTest.STC_G03_Automation_Testing@15975490] output={null}]]]>
              </value>
            </param>
          </params>
          <reporter-output>
          </reporter-output>
        </test-method> <!-- getResult -->
        <test-method status="PASS" signature="setup()[pri:0, instance:G3SnowboardShopTest.STC_G03_Automation_Testing@15975490]" name="setup" is-config="true" duration-ms="602" started-at="2019-05-25T18:26:25Z" finished-at="2019-05-25T18:26:26Z">
          <reporter-output>
          </reporter-output>
        </test-method> <!-- setup -->
        <test-method status="PASS" signature="TC_2_2(java.lang.String, java.lang.String)[pri:0, instance:G3SnowboardShopTest.STC_G03_Automation_Testing@15975490]" name="TC_2_2" duration-ms="7820" started-at="2019-05-25T18:26:26Z" data-provider="emails-and-passwords-unusual-data-provider" finished-at="2019-05-25T18:26:34Z">
          <params>
            <param index="0">
              <value>
                <![CDATA[sure#rat1988@gmail.com]]>
              </value>
            </param>
            <param index="1">
              <value>
                <![CDATA[sureerat1234]]>
              </value>
            </param>
          </params>
          <reporter-output>
          </reporter-output>
        </test-method> <!-- TC_2_2 -->
        <test-method status="PASS" signature="getResult(org.testng.ITestResult)[pri:0, instance:G3SnowboardShopTest.STC_G03_Automation_Testing@15975490]" name="getResult" is-config="true" duration-ms="81" started-at="2019-05-25T18:26:34Z" finished-at="2019-05-25T18:26:34Z">
          <params>
            <param index="0">
              <value>
                <![CDATA[[TestResult name=TC_2_2 status=SUCCESS method=STC_G03_Automation_Testing.TC_2_2(java.lang.String, java.lang.String)[pri:0, instance:G3SnowboardShopTest.STC_G03_Automation_Testing@15975490] output={null}]]]>
              </value>
            </param>
          </params>
          <reporter-output>
          </reporter-output>
        </test-method> <!-- getResult -->
        <test-method status="PASS" signature="setup()[pri:0, instance:G3SnowboardShopTest.STC_G03_Automation_Testing@15975490]" name="setup" is-config="true" duration-ms="612" started-at="2019-05-25T18:26:34Z" finished-at="2019-05-25T18:26:34Z">
          <reporter-output>
          </reporter-output>
        </test-method> <!-- setup -->
        <test-method status="PASS" signature="TC_2_3_2_4(java.lang.String, boolean)[pri:0, instance:G3SnowboardShopTest.STC_G03_Automation_Testing@15975490]" name="TC_2_3_2_4" duration-ms="7853" started-at="2019-05-25T18:26:34Z" data-provider="emails-correct-number-data-provider" finished-at="2019-05-25T18:26:42Z">
          <params>
            <param index="0">
              <value>
                <![CDATA[tghost.2srffggggggggggggggffdgggggggggggrewws@chaonamdinh.com]]>
              </value>
            </param>
            <param index="1">
              <value>
                <![CDATA[false]]>
              </value>
            </param>
          </params>
          <reporter-output>
          </reporter-output>
        </test-method> <!-- TC_2_3_2_4 -->
        <test-method status="PASS" signature="getResult(org.testng.ITestResult)[pri:0, instance:G3SnowboardShopTest.STC_G03_Automation_Testing@15975490]" name="getResult" is-config="true" duration-ms="73" started-at="2019-05-25T18:26:42Z" finished-at="2019-05-25T18:26:42Z">
          <params>
            <param index="0">
              <value>
                <![CDATA[[TestResult name=TC_2_3_2_4 status=SUCCESS method=STC_G03_Automation_Testing.TC_2_3_2_4(java.lang.String, boolean)[pri:0, instance:G3SnowboardShopTest.STC_G03_Automation_Testing@15975490] output={null}]]]>
              </value>
            </param>
          </params>
          <reporter-output>
          </reporter-output>
        </test-method> <!-- getResult -->
        <test-method status="PASS" signature="setup()[pri:0, instance:G3SnowboardShopTest.STC_G03_Automation_Testing@15975490]" name="setup" is-config="true" duration-ms="611" started-at="2019-05-25T18:26:42Z" finished-at="2019-05-25T18:26:43Z">
          <reporter-output>
          </reporter-output>
        </test-method> <!-- setup -->
        <test-method status="PASS" signature="TC_2_3_2_4(java.lang.String, boolean)[pri:0, instance:G3SnowboardShopTest.STC_G03_Automation_Testing@15975490]" name="TC_2_3_2_4" duration-ms="8245" started-at="2019-05-25T18:26:43Z" data-provider="emails-correct-number-data-provider" finished-at="2019-05-25T18:26:51Z">
          <params>
            <param index="0">
              <value>
                <![CDATA[tghost.2srffggggggggggggssssssssssssssssssssssssssggffdgggggggggggrewws@chaonamdinh.com]]>
              </value>
            </param>
            <param index="1">
              <value>
                <![CDATA[true]]>
              </value>
            </param>
          </params>
          <reporter-output>
          </reporter-output>
        </test-method> <!-- TC_2_3_2_4 -->
        <test-method status="PASS" signature="getResult(org.testng.ITestResult)[pri:0, instance:G3SnowboardShopTest.STC_G03_Automation_Testing@15975490]" name="getResult" is-config="true" duration-ms="77" started-at="2019-05-25T18:26:51Z" finished-at="2019-05-25T18:26:51Z">
          <params>
            <param index="0">
              <value>
                <![CDATA[[TestResult name=TC_2_3_2_4 status=SUCCESS method=STC_G03_Automation_Testing.TC_2_3_2_4(java.lang.String, boolean)[pri:0, instance:G3SnowboardShopTest.STC_G03_Automation_Testing@15975490] output={null}]]]>
              </value>
            </param>
          </params>
          <reporter-output>
          </reporter-output>
        </test-method> <!-- getResult -->
        <test-method status="PASS" signature="setup()[pri:0, instance:G3SnowboardShopTest.STC_G03_Automation_Testing@15975490]" name="setup" is-config="true" duration-ms="629" started-at="2019-05-25T18:26:51Z" finished-at="2019-05-25T18:26:52Z">
          <reporter-output>
          </reporter-output>
        </test-method> <!-- setup -->
        <test-method status="PASS" signature="TC_2_3_2_4(java.lang.String, boolean)[pri:0, instance:G3SnowboardShopTest.STC_G03_Automation_Testing@15975490]" name="TC_2_3_2_4" duration-ms="9452" started-at="2019-05-25T18:26:52Z" data-provider="emails-correct-number-data-provider" finished-at="2019-05-25T18:27:01Z">
          <params>
            <param index="0">
              <value>
                <![CDATA[tghost.2srffgggggggggggggkkkkkkkkkkkkgffdgggggggggggrewws@chaonamdinh.com]]>
              </value>
            </param>
            <param index="1">
              <value>
                <![CDATA[true]]>
              </value>
            </param>
          </params>
          <reporter-output>
          </reporter-output>
        </test-method> <!-- TC_2_3_2_4 -->
        <test-method status="PASS" signature="getResult(org.testng.ITestResult)[pri:0, instance:G3SnowboardShopTest.STC_G03_Automation_Testing@15975490]" name="getResult" is-config="true" duration-ms="87" started-at="2019-05-25T18:27:01Z" finished-at="2019-05-25T18:27:01Z">
          <params>
            <param index="0">
              <value>
                <![CDATA[[TestResult name=TC_2_3_2_4 status=SUCCESS method=STC_G03_Automation_Testing.TC_2_3_2_4(java.lang.String, boolean)[pri:0, instance:G3SnowboardShopTest.STC_G03_Automation_Testing@15975490] output={null}]]]>
              </value>
            </param>
          </params>
          <reporter-output>
          </reporter-output>
        </test-method> <!-- getResult -->
        <test-method status="PASS" signature="setup()[pri:0, instance:G3SnowboardShopTest.STC_G03_Automation_Testing@15975490]" name="setup" is-config="true" duration-ms="632" started-at="2019-05-25T18:27:01Z" finished-at="2019-05-25T18:27:02Z">
          <reporter-output>
          </reporter-output>
        </test-method> <!-- setup -->
        <test-method status="PASS" signature="TC_2_3_2_4(java.lang.String, boolean)[pri:0, instance:G3SnowboardShopTest.STC_G03_Automation_Testing@15975490]" name="TC_2_3_2_4" duration-ms="9255" started-at="2019-05-25T18:27:02Z" data-provider="emails-correct-number-data-provider" finished-at="2019-05-25T18:27:11Z">
          <params>
            <param index="0">
              <value>
                <![CDATA[tghost.2srffggggggggggggggffffffffffffffffffffffdgggggggggggrewws@chaonamdinh.com]]>
              </value>
            </param>
            <param index="1">
              <value>
                <![CDATA[true]]>
              </value>
            </param>
          </params>
          <reporter-output>
          </reporter-output>
        </test-method> <!-- TC_2_3_2_4 -->
        <test-method status="PASS" signature="getResult(org.testng.ITestResult)[pri:0, instance:G3SnowboardShopTest.STC_G03_Automation_Testing@15975490]" name="getResult" is-config="true" duration-ms="73" started-at="2019-05-25T18:27:11Z" finished-at="2019-05-25T18:27:11Z">
          <params>
            <param index="0">
              <value>
                <![CDATA[[TestResult name=TC_2_3_2_4 status=SUCCESS method=STC_G03_Automation_Testing.TC_2_3_2_4(java.lang.String, boolean)[pri:0, instance:G3SnowboardShopTest.STC_G03_Automation_Testing@15975490] output={null}]]]>
              </value>
            </param>
          </params>
          <reporter-output>
          </reporter-output>
        </test-method> <!-- getResult -->
        <test-method status="PASS" signature="setup()[pri:0, instance:G3SnowboardShopTest.STC_G03_Automation_Testing@15975490]" name="setup" is-config="true" duration-ms="683" started-at="2019-05-25T18:27:11Z" finished-at="2019-05-25T18:27:12Z">
          <reporter-output>
          </reporter-output>
        </test-method> <!-- setup -->
        <test-method status="PASS" signature="TC_2_5()[pri:0, instance:G3SnowboardShopTest.STC_G03_Automation_Testing@15975490]" name="TC_2_5" duration-ms="11802" started-at="2019-05-25T18:27:12Z" finished-at="2019-05-25T18:27:24Z">
          <reporter-output>
          </reporter-output>
        </test-method> <!-- TC_2_5 -->
        <test-method status="PASS" signature="getResult(org.testng.ITestResult)[pri:0, instance:G3SnowboardShopTest.STC_G03_Automation_Testing@15975490]" name="getResult" is-config="true" duration-ms="83" started-at="2019-05-25T18:27:24Z" finished-at="2019-05-25T18:27:24Z">
          <params>
            <param index="0">
              <value>
                <![CDATA[[TestResult name=TC_2_5 status=SUCCESS method=STC_G03_Automation_Testing.TC_2_5()[pri:0, instance:G3SnowboardShopTest.STC_G03_Automation_Testing@15975490] output={null}]]]>
              </value>
            </param>
          </params>
          <reporter-output>
          </reporter-output>
        </test-method> <!-- getResult -->
        <test-method status="PASS" signature="setup()[pri:0, instance:G3SnowboardShopTest.STC_G03_Automation_Testing@15975490]" name="setup" is-config="true" duration-ms="641" started-at="2019-05-25T18:27:24Z" finished-at="2019-05-25T18:27:24Z">
          <reporter-output>
          </reporter-output>
        </test-method> <!-- setup -->
        <test-method status="PASS" signature="TC_3_1()[pri:0, instance:G3SnowboardShopTest.STC_G03_Automation_Testing@15975490]" name="TC_3_1" duration-ms="1805" started-at="2019-05-25T18:27:24Z" finished-at="2019-05-25T18:27:26Z">
          <reporter-output>
          </reporter-output>
        </test-method> <!-- TC_3_1 -->
        <test-method status="PASS" signature="getResult(org.testng.ITestResult)[pri:0, instance:G3SnowboardShopTest.STC_G03_Automation_Testing@15975490]" name="getResult" is-config="true" duration-ms="76" started-at="2019-05-25T18:27:26Z" finished-at="2019-05-25T18:27:26Z">
          <params>
            <param index="0">
              <value>
                <![CDATA[[TestResult name=TC_3_1 status=SUCCESS method=STC_G03_Automation_Testing.TC_3_1()[pri:0, instance:G3SnowboardShopTest.STC_G03_Automation_Testing@15975490] output={null}]]]>
              </value>
            </param>
          </params>
          <reporter-output>
          </reporter-output>
        </test-method> <!-- getResult -->
        <test-method status="PASS" signature="setup()[pri:0, instance:G3SnowboardShopTest.STC_G03_Automation_Testing@15975490]" name="setup" is-config="true" duration-ms="640" started-at="2019-05-25T18:27:26Z" finished-at="2019-05-25T18:27:27Z">
          <reporter-output>
          </reporter-output>
        </test-method> <!-- setup -->
        <test-method status="PASS" signature="TC_3_2(java.lang.String, java.lang.String)[pri:0, instance:G3SnowboardShopTest.STC_G03_Automation_Testing@15975490]" name="TC_3_2" duration-ms="5330" started-at="2019-05-25T18:27:27Z" data-provider="name-data-provider" finished-at="2019-05-25T18:27:32Z">
          <params>
            <param index="0">
              <value>
                <![CDATA[Maria/]]>
              </value>
            </param>
            <param index="1">
              <value>
                <![CDATA[Patton0]]>
              </value>
            </param>
          </params>
          <reporter-output>
          </reporter-output>
        </test-method> <!-- TC_3_2 -->
        <test-method status="PASS" signature="getResult(org.testng.ITestResult)[pri:0, instance:G3SnowboardShopTest.STC_G03_Automation_Testing@15975490]" name="getResult" is-config="true" duration-ms="71" started-at="2019-05-25T18:27:32Z" finished-at="2019-05-25T18:27:32Z">
          <params>
            <param index="0">
              <value>
                <![CDATA[[TestResult name=TC_3_2 status=SUCCESS method=STC_G03_Automation_Testing.TC_3_2(java.lang.String, java.lang.String)[pri:0, instance:G3SnowboardShopTest.STC_G03_Automation_Testing@15975490] output={null}]]]>
              </value>
            </param>
          </params>
          <reporter-output>
          </reporter-output>
        </test-method> <!-- getResult -->
        <test-method status="PASS" signature="setup()[pri:0, instance:G3SnowboardShopTest.STC_G03_Automation_Testing@15975490]" name="setup" is-config="true" duration-ms="621" started-at="2019-05-25T18:27:32Z" finished-at="2019-05-25T18:27:33Z">
          <reporter-output>
          </reporter-output>
        </test-method> <!-- setup -->
        <test-method status="PASS" signature="TC_3_2_email(java.lang.String)[pri:0, instance:G3SnowboardShopTest.STC_G03_Automation_Testing@15975490]" name="TC_3_2_email" duration-ms="5452" started-at="2019-05-25T18:27:33Z" data-provider="email-data-provider" finished-at="2019-05-25T18:27:38Z">
          <params>
            <param index="0">
              <value>
                <![CDATA[dca☝ian.dohanov@memecituenakganasli.gq]]>
              </value>
            </param>
          </params>
          <reporter-output>
          </reporter-output>
        </test-method> <!-- TC_3_2_email -->
        <test-method status="PASS" signature="getResult(org.testng.ITestResult)[pri:0, instance:G3SnowboardShopTest.STC_G03_Automation_Testing@15975490]" name="getResult" is-config="true" duration-ms="71" started-at="2019-05-25T18:27:38Z" finished-at="2019-05-25T18:27:38Z">
          <params>
            <param index="0">
              <value>
                <![CDATA[[TestResult name=TC_3_2_email status=SUCCESS method=STC_G03_Automation_Testing.TC_3_2_email(java.lang.String)[pri:0, instance:G3SnowboardShopTest.STC_G03_Automation_Testing@15975490] output={null}]]]>
              </value>
            </param>
          </params>
          <reporter-output>
          </reporter-output>
        </test-method> <!-- getResult -->
        <test-method status="PASS" signature="setup()[pri:0, instance:G3SnowboardShopTest.STC_G03_Automation_Testing@15975490]" name="setup" is-config="true" duration-ms="644" started-at="2019-05-25T18:27:38Z" finished-at="2019-05-25T18:27:39Z">
          <reporter-output>
          </reporter-output>
        </test-method> <!-- setup -->
        <test-method status="PASS" signature="TC_3_2_email(java.lang.String)[pri:0, instance:G3SnowboardShopTest.STC_G03_Automation_Testing@15975490]" name="TC_3_2_email" duration-ms="5622" started-at="2019-05-25T18:27:39Z" data-provider="email-data-provider" finished-at="2019-05-25T18:27:45Z">
          <params>
            <param index="0">
              <value>
                <![CDATA[dca¤ian.dohanov@memecituenakganasli.gq]]>
              </value>
            </param>
          </params>
          <reporter-output>
          </reporter-output>
        </test-method> <!-- TC_3_2_email -->
        <test-method status="PASS" signature="getResult(org.testng.ITestResult)[pri:0, instance:G3SnowboardShopTest.STC_G03_Automation_Testing@15975490]" name="getResult" is-config="true" duration-ms="69" started-at="2019-05-25T18:27:45Z" finished-at="2019-05-25T18:27:45Z">
          <params>
            <param index="0">
              <value>
                <![CDATA[[TestResult name=TC_3_2_email status=SUCCESS method=STC_G03_Automation_Testing.TC_3_2_email(java.lang.String)[pri:0, instance:G3SnowboardShopTest.STC_G03_Automation_Testing@15975490] output={null}]]]>
              </value>
            </param>
          </params>
          <reporter-output>
          </reporter-output>
        </test-method> <!-- getResult -->
        <test-method status="PASS" signature="setup()[pri:0, instance:G3SnowboardShopTest.STC_G03_Automation_Testing@15975490]" name="setup" is-config="true" duration-ms="624" started-at="2019-05-25T18:27:45Z" finished-at="2019-05-25T18:27:45Z">
          <reporter-output>
          </reporter-output>
        </test-method> <!-- setup -->
        <test-method status="PASS" signature="TC_3_3_3_4(java.lang.String, java.lang.String, boolean)[pri:0, instance:G3SnowboardShopTest.STC_G03_Automation_Testing@15975490]" name="TC_3_3_3_4" duration-ms="3455" started-at="2019-05-25T18:27:45Z" data-provider="fnamn-and-lastnamn-data-provider" finished-at="2019-05-25T18:27:49Z">
          <params>
            <param index="0">
              <value>
                <![CDATA[Mirabelle]]>
              </value>
            </param>
            <param index="1">
              <value>
                <![CDATA[Thomasine]]>
              </value>
            </param>
            <param index="2">
              <value>
                <![CDATA[false]]>
              </value>
            </param>
          </params>
          <reporter-output>
          </reporter-output>
        </test-method> <!-- TC_3_3_3_4 -->
        <test-method status="PASS" signature="getResult(org.testng.ITestResult)[pri:0, instance:G3SnowboardShopTest.STC_G03_Automation_Testing@15975490]" name="getResult" is-config="true" duration-ms="69" started-at="2019-05-25T18:27:49Z" finished-at="2019-05-25T18:27:49Z">
          <params>
            <param index="0">
              <value>
                <![CDATA[[TestResult name=TC_3_3_3_4 status=SUCCESS method=STC_G03_Automation_Testing.TC_3_3_3_4(java.lang.String, java.lang.String, boolean)[pri:0, instance:G3SnowboardShopTest.STC_G03_Automation_Testing@15975490] output={null}]]]>
              </value>
            </param>
          </params>
          <reporter-output>
          </reporter-output>
        </test-method> <!-- getResult -->
        <test-method status="PASS" signature="setup()[pri:0, instance:G3SnowboardShopTest.STC_G03_Automation_Testing@15975490]" name="setup" is-config="true" duration-ms="618" started-at="2019-05-25T18:27:49Z" finished-at="2019-05-25T18:27:50Z">
          <reporter-output>
          </reporter-output>
        </test-method> <!-- setup -->
        <test-method status="PASS" signature="TC_3_3_3_4(java.lang.String, java.lang.String, boolean)[pri:0, instance:G3SnowboardShopTest.STC_G03_Automation_Testing@15975490]" name="TC_3_3_3_4" duration-ms="4308" started-at="2019-05-25T18:27:50Z" data-provider="fnamn-and-lastnamn-data-provider" finished-at="2019-05-25T18:27:54Z">
          <params>
            <param index="0">
              <value>
                <![CDATA[tghost.2srffggggggggggggssssssssssssssssssssssssssggffdgggggggggggrewws]]>
              </value>
            </param>
            <param index="1">
              <value>
                <![CDATA[tghost.2srffggggggggggggssssssssssssssssssssssssssggffdgggggggggggrewws]]>
              </value>
            </param>
            <param index="2">
              <value>
                <![CDATA[true]]>
              </value>
            </param>
          </params>
          <reporter-output>
          </reporter-output>
        </test-method> <!-- TC_3_3_3_4 -->
        <test-method status="PASS" signature="getResult(org.testng.ITestResult)[pri:0, instance:G3SnowboardShopTest.STC_G03_Automation_Testing@15975490]" name="getResult" is-config="true" duration-ms="79" started-at="2019-05-25T18:27:54Z" finished-at="2019-05-25T18:27:54Z">
          <params>
            <param index="0">
              <value>
                <![CDATA[[TestResult name=TC_3_3_3_4 status=SUCCESS method=STC_G03_Automation_Testing.TC_3_3_3_4(java.lang.String, java.lang.String, boolean)[pri:0, instance:G3SnowboardShopTest.STC_G03_Automation_Testing@15975490] output={null}]]]>
              </value>
            </param>
          </params>
          <reporter-output>
          </reporter-output>
        </test-method> <!-- getResult -->
        <test-method status="PASS" signature="setup()[pri:0, instance:G3SnowboardShopTest.STC_G03_Automation_Testing@15975490]" name="setup" is-config="true" duration-ms="609" started-at="2019-05-25T18:27:54Z" finished-at="2019-05-25T18:27:55Z">
          <reporter-output>
          </reporter-output>
        </test-method> <!-- setup -->
        <test-method status="PASS" signature="TC_3_3_3_4(java.lang.String, java.lang.String, boolean)[pri:0, instance:G3SnowboardShopTest.STC_G03_Automation_Testing@15975490]" name="TC_3_3_3_4" duration-ms="4445" started-at="2019-05-25T18:27:55Z" data-provider="fnamn-and-lastnamn-data-provider" finished-at="2019-05-25T18:27:59Z">
          <params>
            <param index="0">
              <value>
                <![CDATA[tghost.2srffgggggggggggggkkkkkkkkkkkkgffdgggggggggggrewwschaonamdinh]]>
              </value>
            </param>
            <param index="1">
              <value>
                <![CDATA[tghost.2srffggggggggggggssssssssssssssssssssssssssggffdgggggggggggrewwsgggggggggggggg]]>
              </value>
            </param>
            <param index="2">
              <value>
                <![CDATA[true]]>
              </value>
            </param>
          </params>
          <reporter-output>
          </reporter-output>
        </test-method> <!-- TC_3_3_3_4 -->
        <test-method status="PASS" signature="getResult(org.testng.ITestResult)[pri:0, instance:G3SnowboardShopTest.STC_G03_Automation_Testing@15975490]" name="getResult" is-config="true" duration-ms="72" started-at="2019-05-25T18:27:59Z" finished-at="2019-05-25T18:27:59Z">
          <params>
            <param index="0">
              <value>
                <![CDATA[[TestResult name=TC_3_3_3_4 status=SUCCESS method=STC_G03_Automation_Testing.TC_3_3_3_4(java.lang.String, java.lang.String, boolean)[pri:0, instance:G3SnowboardShopTest.STC_G03_Automation_Testing@15975490] output={null}]]]>
              </value>
            </param>
          </params>
          <reporter-output>
          </reporter-output>
        </test-method> <!-- getResult -->
        <test-method status="PASS" signature="setup()[pri:0, instance:G3SnowboardShopTest.STC_G03_Automation_Testing@15975490]" name="setup" is-config="true" duration-ms="618" started-at="2019-05-25T18:27:59Z" finished-at="2019-05-25T18:28:00Z">
          <reporter-output>
          </reporter-output>
        </test-method> <!-- setup -->
        <test-method status="PASS" signature="TC_3_3_3_4(java.lang.String, java.lang.String, boolean)[pri:0, instance:G3SnowboardShopTest.STC_G03_Automation_Testing@15975490]" name="TC_3_3_3_4" duration-ms="3204" started-at="2019-05-25T18:28:00Z" data-provider="fnamn-and-lastnamn-data-provider" finished-at="2019-05-25T18:28:03Z">
          <params>
            <param index="0">
              <value>
                <![CDATA[Kjell]]>
              </value>
            </param>
            <param index="1">
              <value>
                <![CDATA[Albertsson]]>
              </value>
            </param>
            <param index="2">
              <value>
                <![CDATA[false]]>
              </value>
            </param>
          </params>
          <reporter-output>
          </reporter-output>
        </test-method> <!-- TC_3_3_3_4 -->
        <test-method status="PASS" signature="getResult(org.testng.ITestResult)[pri:0, instance:G3SnowboardShopTest.STC_G03_Automation_Testing@15975490]" name="getResult" is-config="true" duration-ms="67" started-at="2019-05-25T18:28:03Z" finished-at="2019-05-25T18:28:03Z">
          <params>
            <param index="0">
              <value>
                <![CDATA[[TestResult name=TC_3_3_3_4 status=SUCCESS method=STC_G03_Automation_Testing.TC_3_3_3_4(java.lang.String, java.lang.String, boolean)[pri:0, instance:G3SnowboardShopTest.STC_G03_Automation_Testing@15975490] output={null}]]]>
              </value>
            </param>
          </params>
          <reporter-output>
          </reporter-output>
        </test-method> <!-- getResult -->
        <test-method status="PASS" signature="setup()[pri:0, instance:G3SnowboardShopTest.STC_G03_Automation_Testing@15975490]" name="setup" is-config="true" duration-ms="626" started-at="2019-05-25T18:28:03Z" finished-at="2019-05-25T18:28:04Z">
          <reporter-output>
          </reporter-output>
        </test-method> <!-- setup -->
        <test-method status="PASS" signature="TC_3_5()[pri:0, instance:G3SnowboardShopTest.STC_G03_Automation_Testing@15975490]" name="TC_3_5" duration-ms="6612" started-at="2019-05-25T18:28:04Z" finished-at="2019-05-25T18:28:10Z">
          <reporter-output>
          </reporter-output>
        </test-method> <!-- TC_3_5 -->
        <test-method status="PASS" signature="getResult(org.testng.ITestResult)[pri:0, instance:G3SnowboardShopTest.STC_G03_Automation_Testing@15975490]" name="getResult" is-config="true" duration-ms="72" started-at="2019-05-25T18:28:10Z" finished-at="2019-05-25T18:28:10Z">
          <params>
            <param index="0">
              <value>
                <![CDATA[[TestResult name=TC_3_5 status=SUCCESS method=STC_G03_Automation_Testing.TC_3_5()[pri:0, instance:G3SnowboardShopTest.STC_G03_Automation_Testing@15975490] output={null}]]]>
              </value>
            </param>
          </params>
          <reporter-output>
          </reporter-output>
        </test-method> <!-- getResult -->
        <test-method status="PASS" signature="setup()[pri:0, instance:G3SnowboardShopTest.STC_G03_Automation_Testing@15975490]" name="setup" is-config="true" duration-ms="704" started-at="2019-05-25T18:28:10Z" finished-at="2019-05-25T18:28:11Z">
          <reporter-output>
          </reporter-output>
        </test-method> <!-- setup -->
        <test-method status="PASS" signature="TC_4_1()[pri:0, instance:G3SnowboardShopTest.STC_G03_Automation_Testing@15975490]" name="TC_4_1" duration-ms="7021" started-at="2019-05-25T18:28:11Z" finished-at="2019-05-25T18:28:18Z">
          <reporter-output>
          </reporter-output>
        </test-method> <!-- TC_4_1 -->
        <test-method status="PASS" signature="getResult(org.testng.ITestResult)[pri:0, instance:G3SnowboardShopTest.STC_G03_Automation_Testing@15975490]" name="getResult" is-config="true" duration-ms="78" started-at="2019-05-25T18:28:18Z" finished-at="2019-05-25T18:28:18Z">
          <params>
            <param index="0">
              <value>
                <![CDATA[[TestResult name=TC_4_1 status=SUCCESS method=STC_G03_Automation_Testing.TC_4_1()[pri:0, instance:G3SnowboardShopTest.STC_G03_Automation_Testing@15975490] output={null}]]]>
              </value>
            </param>
          </params>
          <reporter-output>
          </reporter-output>
        </test-method> <!-- getResult -->
        <test-method status="PASS" signature="setup()[pri:0, instance:G3SnowboardShopTest.STC_G03_Automation_Testing@15975490]" name="setup" is-config="true" duration-ms="618" started-at="2019-05-25T18:28:18Z" finished-at="2019-05-25T18:28:19Z">
          <reporter-output>
          </reporter-output>
        </test-method> <!-- setup -->
        <test-method status="FAIL" signature="TC_4_2()[pri:0, instance:G3SnowboardShopTest.STC_G03_Automation_Testing@15975490]" name="TC_4_2" duration-ms="5427" started-at="2019-05-25T18:28:19Z" finished-at="2019-05-25T18:28:24Z">
          <exception class="java.lang.AssertionError">
            <message>
              <![CDATA[expected:<https://www.zalando.se/kvinna/?q=C> but was:<https://www.zalando.se/kvinna-home/>]]>
            </message>
            <full-stacktrace>
              <![CDATA[java.lang.AssertionError: expected:<https://www.zalando.se/kvinna/?q=C> but was:<https://www.zalando.se/kvinna-home/>
at org.testng.AssertJUnit.assertEquals(AssertJUnit.java:101)
at org.testng.AssertJUnit.assertEquals(AssertJUnit.java:108)
at G3SnowboardShopTest.STC_G03_Automation_Testing.TC_4_2(STC_G03_Automation_Testing.java:382)
at sun.reflect.NativeMethodAccessorImpl.invoke0(Native Method)
at sun.reflect.NativeMethodAccessorImpl.invoke(NativeMethodAccessorImpl.java:62)
at sun.reflect.DelegatingMethodAccessorImpl.invoke(DelegatingMethodAccessorImpl.java:43)
at java.lang.reflect.Method.invoke(Method.java:498)
at org.testng.internal.MethodInvocationHelper.invokeMethod(MethodInvocationHelper.java:124)
at org.testng.internal.Invoker.invokeMethod(Invoker.java:583)
at org.testng.internal.Invoker.invokeTestMethod(Invoker.java:719)
at org.testng.internal.Invoker.invokeTestMethods(Invoker.java:989)
at org.testng.internal.TestMethodWorker.invokeTestMethods(TestMethodWorker.java:125)
at org.testng.internal.TestMethodWorker.run(TestMethodWorker.java:109)
at org.testng.TestRunner.privateRun(TestRunner.java:648)
at org.testng.TestRunner.run(TestRunner.java:505)
at org.testng.SuiteRunner.runTest(SuiteRunner.java:455)
at org.testng.SuiteRunner.runSequentially(SuiteRunner.java:450)
at org.testng.SuiteRunner.privateRun(SuiteRunner.java:415)
at org.testng.SuiteRunner.run(SuiteRunner.java:364)
at org.testng.SuiteRunnerWorker.runSuite(SuiteRunnerWorker.java:52)
at org.testng.SuiteRunnerWorker.run(SuiteRunnerWorker.java:84)
at org.testng.TestNG.runSuitesSequentially(TestNG.java:1208)
at org.testng.TestNG.runSuitesLocally(TestNG.java:1137)
at org.testng.TestNG.runSuites(TestNG.java:1049)
at org.testng.TestNG.run(TestNG.java:1017)
at org.apache.maven.surefire.testng.TestNGExecutor.run(TestNGExecutor.java:283)
at org.apache.maven.surefire.testng.TestNGXmlTestSuite.execute(TestNGXmlTestSuite.java:75)
at org.apache.maven.surefire.testng.TestNGProvider.invoke(TestNGProvider.java:120)
at org.apache.maven.surefire.booter.ForkedBooter.invokeProviderInSameClassLoader(ForkedBooter.java:384)
at org.apache.maven.surefire.booter.ForkedBooter.runSuitesInProcess(ForkedBooter.java:345)
at org.apache.maven.surefire.booter.ForkedBooter.execute(ForkedBooter.java:126)
at org.apache.maven.surefire.booter.ForkedBooter.main(ForkedBooter.java:418)
]]>
            </full-stacktrace>
          </exception> <!-- java.lang.AssertionError -->
          <reporter-output>
          </reporter-output>
        </test-method> <!-- TC_4_2 -->
        <test-method status="PASS" signature="getResult(org.testng.ITestResult)[pri:0, instance:G3SnowboardShopTest.STC_G03_Automation_Testing@15975490]" name="getResult" is-config="true" duration-ms="789" started-at="2019-05-25T18:28:24Z" finished-at="2019-05-25T18:28:25Z">
          <params>
            <param index="0">
              <value>
                <![CDATA[[TestResult name=TC_4_2 status=FAILURE method=STC_G03_Automation_Testing.TC_4_2()[pri:0, instance:G3SnowboardShopTest.STC_G03_Automation_Testing@15975490] output={null}]]]>
              </value>
            </param>
          </params>
          <reporter-output>
          </reporter-output>
        </test-method> <!-- getResult -->
        <test-method status="PASS" signature="setup()[pri:0, instance:G3SnowboardShopTest.STC_G03_Automation_Testing@15975490]" name="setup" is-config="true" duration-ms="631" started-at="2019-05-25T18:28:25Z" finished-at="2019-05-25T18:28:26Z">
          <reporter-output>
          </reporter-output>
        </test-method> <!-- setup -->
        <test-method status="PASS" signature="TC_5_1()[pri:0, instance:G3SnowboardShopTest.STC_G03_Automation_Testing@15975490]" name="TC_5_1" duration-ms="43413" started-at="2019-05-25T18:28:26Z" finished-at="2019-05-25T18:29:09Z">
          <reporter-output>
          </reporter-output>
        </test-method> <!-- TC_5_1 -->
        <test-method status="PASS" signature="getResult(org.testng.ITestResult)[pri:0, instance:G3SnowboardShopTest.STC_G03_Automation_Testing@15975490]" name="getResult" is-config="true" duration-ms="99" started-at="2019-05-25T18:29:09Z" finished-at="2019-05-25T18:29:09Z">
          <params>
            <param index="0">
              <value>
                <![CDATA[[TestResult name=TC_5_1 status=SUCCESS method=STC_G03_Automation_Testing.TC_5_1()[pri:0, instance:G3SnowboardShopTest.STC_G03_Automation_Testing@15975490] output={null}]]]>
              </value>
            </param>
          </params>
          <reporter-output>
          </reporter-output>
        </test-method> <!-- getResult -->
        <test-method status="PASS" signature="setup()[pri:0, instance:G3SnowboardShopTest.STC_G03_Automation_Testing@15975490]" name="setup" is-config="true" duration-ms="671" started-at="2019-05-25T18:29:09Z" finished-at="2019-05-25T18:29:10Z">
          <reporter-output>
          </reporter-output>
        </test-method> <!-- setup -->
        <test-method status="PASS" signature="TC_7_1()[pri:0, instance:G3SnowboardShopTest.STC_G03_Automation_Testing@15975490]" name="TC_7_1" duration-ms="279727" started-at="2019-05-25T18:29:10Z" finished-at="2019-05-25T18:33:50Z">
          <reporter-output>
          </reporter-output>
        </test-method> <!-- TC_7_1 -->
        <test-method status="PASS" signature="getResult(org.testng.ITestResult)[pri:0, instance:G3SnowboardShopTest.STC_G03_Automation_Testing@15975490]" name="getResult" is-config="true" duration-ms="218" started-at="2019-05-25T18:33:50Z" finished-at="2019-05-25T18:33:50Z">
          <params>
            <param index="0">
              <value>
                <![CDATA[[TestResult name=TC_7_1 status=SUCCESS method=STC_G03_Automation_Testing.TC_7_1()[pri:0, instance:G3SnowboardShopTest.STC_G03_Automation_Testing@15975490] output={null}]]]>
              </value>
            </param>
          </params>
          <reporter-output>
          </reporter-output>
        </test-method> <!-- getResult -->
        <test-method status="PASS" signature="endReport()[pri:0, instance:G3SnowboardShopTest.STC_G03_Automation_Testing@15975490]" name="endReport" is-config="true" duration-ms="279" started-at="2019-05-25T18:33:50Z" finished-at="2019-05-25T18:33:50Z">
          <reporter-output>
          </reporter-output>
        </test-method> <!-- endReport -->
      </class> <!-- G3SnowboardShopTest.STC_G03_Automation_Testing -->
    </test> <!-- Test1 -->
  </suite> <!-- Suite1 -->
</testng-results>
