<?xml version="1.0" encoding="UTF-8"?>
<testsuite xmlns:xsi="http://www.w3.org/2001/XMLSchema-instance" xsi:noNamespaceSchemaLocation="https://maven.apache.org/surefire/maven-surefire-plugin/xsd/surefire-test-report-3.0.xsd" version="3.0" name="TestSuite" time="497.661" tests="27" errors="0" skipped="0" failures="1">
  <properties>
[...]
</properties>
  <testcase name="TC_19_1" classname="G3SnowboardShopTest.STC_G03_Automation_Testing" time="1.814"/>
  <testcase name="TC_19_2" classname="G3SnowboardShopTest.STC_G03_Automation_Testing" time="3.535"/>
  <testcase name="TC_19_2" classname="G3SnowboardShopTest.STC_G03_Automation_Testing" time="3.759"/>
  <testcase name="TC_19_2" classname="G3SnowboardShopTest.STC_G03_Automation_Testing" time="3.717"/>
  <testcase name="TC_2_1" classname="G3SnowboardShopTest.STC_G03_Automation_Testing" time="8.772"/>
  <testcase name="TC_2_2" classname="G3SnowboardShopTest.STC_G03_Automation_Testing" time="9.074"/>
  <testcase name="TC_2_2" classname="G3SnowboardShopTest.STC_G03_Automation_Testing" time="7.665"/>
  <testcase name="TC_2_2" classname="G3SnowboardShopTest.STC_G03_Automation_Testing" time="7.715"/>
  <testcase name="TC_2_2" classname="G3SnowboardShopTest.STC_G03_Automation_Testing" time="7.819"/>
  <testcase name="TC_2_3_2_4" classname="G3SnowboardShopTest.STC_G03_Automation_Testing" time="7.852"/>
  <testcase name="TC_2_3_2_4" classname="G3SnowboardShopTest.STC_G03_Automation_Testing" time="8.244"/>
  <testcase name="TC_2_3_2_4" classname="G3SnowboardShopTest.STC_G03_Automation_Testing" time="9.45"/>
  <testcase name="TC_2_3_2_4" classname="G3SnowboardShopTest.STC_G03_Automation_Testing" time="9.256"/>
  <testcase name="TC_2_5" classname="G3SnowboardShopTest.STC_G03_Automation_Testing" time="11.802"/>
  <testcase name="TC_3_1" classname="G3SnowboardShopTest.STC_G03_Automation_Testing" time="1.807"/>
  <testcase name="TC_3_2" classname="G3SnowboardShopTest.STC_G03_Automation_Testing" time="5.331"/>
  <testcase name="TC_3_2_email" classname="G3SnowboardShopTest.STC_G03_Automation_Testing" time="5.452"/>
  <testcase name="TC_3_2_email" classname="G3SnowboardShopTest.STC_G03_Automation_Testing" time="5.622"/>
  <testcase name="TC_3_3_3_4" classname="G3SnowboardShopTest.STC_G03_Automation_Testing" time="3.456"/>
  <testcase name="TC_3_3_3_4" classname="G3SnowboardShopTest.STC_G03_Automation_Testing" time="4.309"/>
  <testcase name="TC_3_3_3_4" classname="G3SnowboardShopTest.STC_G03_Automation_Testing" time="4.445"/>
  <testcase name="TC_3_3_3_4" classname="G3SnowboardShopTest.STC_G03_Automation_Testing" time="3.203"/>
  <testcase name="TC_3_5" classname="G3SnowboardShopTest.STC_G03_Automation_Testing" time="6.612"/>
  <testcase name="TC_4_1" classname="G3SnowboardShopTest.STC_G03_Automation_Testing" time="7.021"/>
  <testcase name="TC_4_2" classname="G3SnowboardShopTest.STC_G03_Automation_Testing" time="5.437">
    <failure message="expected:&lt;https://www.zalando.se/kvinna/?q=C&gt; but was:&lt;https://www.zalando.se/kvinna-home/&gt;" type="java.lang.AssertionError"><![CDATA[java.lang.AssertionError: expected:<https://www.zalando.se/kvinna/?q=C> but was:<https://www.zalando.se/kvinna-home/>
	at G3SnowboardShopTest.STC_G03_Automation_Testing.TC_4_2(STC_G03_Automation_Testing.java:382)
]]></failure>
    <system-out><![CDATA[https://www.zalando.se/kvinna/?q=C
]]></system-out>
    <system-err><![CDATA[Starting ChromeDriver 2.41.578700 (2f1ed5f9343c13f73144538f15c00b370eda6706) on port 18650
Only local connections are allowed.
May 25, 2019 8:28:19 PM org.openqa.selenium.remote.ProtocolHandshake createSession
INFO: Detected dialect: OSS
]]></system-err>
  </testcase>
  <testcase name="TC_5_1" classname="G3SnowboardShopTest.STC_G03_Automation_Testing" time="43.412"/>
  <testcase name="TC_7_1" classname="G3SnowboardShopTest.STC_G03_Automation_Testing" time="279.728"/>
</testsuite>