<?xml version="1.0" encoding="UTF-8"?>
<testng-results skipped="0" failed="1" ignored="0" total="27" passed="26">
  <reporter-output>
  </reporter-output>
  <suite name="Suite1" duration-ms="541770" started-at="2019-05-25T16:12:38Z" finished-at="2019-05-25T16:21:40Z">
    <groups>
    </groups>
    <test name="Test1" duration-ms="541770" started-at="2019-05-25T16:12:38Z" finished-at="2019-05-25T16:21:40Z">
      <class name="G3SnowboardShopTest.STC_G03_Automation_Testing">
        <test-method status="PASS" signature="startReport()[pri:0, instance:G3SnowboardShopTest.STC_G03_Automation_Testing@15975490]" name="startReport" is-config="true" duration-ms="135" started-at="2019-05-25T16:12:38Z" finished-at="2019-05-25T16:12:38Z">
          <reporter-output>
          </reporter-output>
        </test-method> <!-- startReport -->
        <test-method status="PASS" signature="setup()[pri:0, instance:G3SnowboardShopTest.STC_G03_Automation_Testing@15975490]" name="setup" is-config="true" duration-ms="1509" started-at="2019-05-25T16:12:38Z" finished-at="2019-05-25T16:12:40Z">
          <reporter-output>
          </reporter-output>
        </test-method> <!-- setup -->
        <test-method status="PASS" signature="TC_19_1()[pri:0, instance:G3SnowboardShopTest.STC_G03_Automation_Testing@15975490]" name="TC_19_1" duration-ms="2891" started-at="2019-05-25T16:12:40Z" finished-at="2019-05-25T16:12:43Z">
          <reporter-output>
          </reporter-output>
        </test-method> <!-- TC_19_1 -->
        <test-method status="PASS" signature="getResult(org.testng.ITestResult)[pri:0, instance:G3SnowboardShopTest.STC_G03_Automation_Testing@15975490]" name="getResult" is-config="true" duration-ms="93" started-at="2019-05-25T16:12:43Z" finished-at="2019-05-25T16:12:43Z">
          <params>
            <param index="0">
              <value>
                <![CDATA[[TestResult name=TC_19_1 status=SUCCESS method=STC_G03_Automation_Testing.TC_19_1()[pri:0, instance:G3SnowboardShopTest.STC_G03_Automation_Testing@15975490] output={null}]]]>
              </value>
            </param>
          </params>
          <reporter-output>
          </reporter-output>
        </test-method> <!-- getResult -->
        <test-method status="PASS" signature="setup()[pri:0, instance:G3SnowboardShopTest.STC_G03_Automation_Testing@15975490]" name="setup" is-config="true" duration-ms="786" started-at="2019-05-25T16:12:43Z" finished-at="2019-05-25T16:12:44Z">
          <reporter-output>
          </reporter-output>
        </test-method> <!-- setup -->
        <test-method status="PASS" signature="TC_19_2(java.lang.String, java.lang.String, java.lang.String, java.lang.String)[pri:0, instance:G3SnowboardShopTest.STC_G03_Automation_Testing@15975490]" name="TC_19_2" duration-ms="4391" started-at="2019-05-25T16:12:44Z" data-provider="password-db-data-provider" finished-at="2019-05-25T16:12:48Z">
          <params>
            <param index="0">
              <value>
                <![CDATA[Mirabelle]]>
              </value>
            </param>
            <param index="1">
              <value>
                <![CDATA[Thomasine]]>
              </value>
            </param>
            <param index="2">
              <value>
                <![CDATA[vman@yarnpedia.ml]]>
              </value>
            </param>
            <param index="3">
              <value>
                <![CDATA[jhytÄjh]]>
              </value>
            </param>
          </params>
          <reporter-output>
          </reporter-output>
        </test-method> <!-- TC_19_2 -->
        <test-method status="PASS" signature="getResult(org.testng.ITestResult)[pri:0, instance:G3SnowboardShopTest.STC_G03_Automation_Testing@15975490]" name="getResult" is-config="true" duration-ms="80" started-at="2019-05-25T16:12:48Z" finished-at="2019-05-25T16:12:48Z">
          <params>
            <param index="0">
              <value>
                <![CDATA[[TestResult name=TC_19_2 status=SUCCESS method=STC_G03_Automation_Testing.TC_19_2(java.lang.String, java.lang.String, java.lang.String, java.lang.String)[pri:0, instance:G3SnowboardShopTest.STC_G03_Automation_Testing@15975490] output={null}]]]>
              </value>
            </param>
          </params>
          <reporter-output>
          </reporter-output>
        </test-method> <!-- getResult -->
        <test-method status="PASS" signature="setup()[pri:0, instance:G3SnowboardShopTest.STC_G03_Automation_Testing@15975490]" name="setup" is-config="true" duration-ms="766" started-at="2019-05-25T16:12:48Z" finished-at="2019-05-25T16:12:49Z">
          <reporter-output>
          </reporter-output>
        </test-method> <!-- setup -->
        <test-method status="PASS" signature="TC_19_2(java.lang.String, java.lang.String, java.lang.String, java.lang.String)[pri:0, instance:G3SnowboardShopTest.STC_G03_Automation_Testing@15975490]" name="TC_19_2" duration-ms="4529" started-at="2019-05-25T16:12:49Z" data-provider="password-db-data-provider" finished-at="2019-05-25T16:12:53Z">
          <params>
            <param index="0">
              <value>
                <![CDATA[Alexa]]>
              </value>
            </param>
            <param index="1">
              <value>
                <![CDATA[Salinas]]>
              </value>
            </param>
            <param index="2">
              <value>
                <![CDATA[nyoun-dyanx@afflive.gq]]>
              </value>
            </param>
            <param index="3">
              <value>
                <![CDATA[A&LBMå[zd*62h(m\]]>
              </value>
            </param>
          </params>
          <reporter-output>
          </reporter-output>
        </test-method> <!-- TC_19_2 -->
        <test-method status="PASS" signature="getResult(org.testng.ITestResult)[pri:0, instance:G3SnowboardShopTest.STC_G03_Automation_Testing@15975490]" name="getResult" is-config="true" duration-ms="75" started-at="2019-05-25T16:12:53Z" finished-at="2019-05-25T16:12:53Z">
          <params>
            <param index="0">
              <value>
                <![CDATA[[TestResult name=TC_19_2 status=SUCCESS method=STC_G03_Automation_Testing.TC_19_2(java.lang.String, java.lang.String, java.lang.String, java.lang.String)[pri:0, instance:G3SnowboardShopTest.STC_G03_Automation_Testing@15975490] output={null}]]]>
              </value>
            </param>
          </params>
          <reporter-output>
          </reporter-output>
        </test-method> <!-- getResult -->
        <test-method status="PASS" signature="setup()[pri:0, instance:G3SnowboardShopTest.STC_G03_Automation_Testing@15975490]" name="setup" is-config="true" duration-ms="875" started-at="2019-05-25T16:12:53Z" finished-at="2019-05-25T16:12:54Z">
          <reporter-output>
          </reporter-output>
        </test-method> <!-- setup -->
        <test-method status="PASS" signature="TC_19_2(java.lang.String, java.lang.String, java.lang.String, java.lang.String)[pri:0, instance:G3SnowboardShopTest.STC_G03_Automation_Testing@15975490]" name="TC_19_2" duration-ms="4857" started-at="2019-05-25T16:12:54Z" data-provider="password-db-data-provider" finished-at="2019-05-25T16:12:59Z">
          <params>
            <param index="0">
              <value>
                <![CDATA[Destiny]]>
              </value>
            </param>
            <param index="1">
              <value>
                <![CDATA[Battle]]>
              </value>
            </param>
            <param index="2">
              <value>
                <![CDATA[qmohanadmano@mobaratopcinq.life]]>
              </value>
            </param>
            <param index="3">
              <value>
                <![CDATA[}-3*eVöT&`ec@DT]]]>
              </value>
            </param>
          </params>
          <reporter-output>
          </reporter-output>
        </test-method> <!-- TC_19_2 -->
        <test-method status="PASS" signature="getResult(org.testng.ITestResult)[pri:0, instance:G3SnowboardShopTest.STC_G03_Automation_Testing@15975490]" name="getResult" is-config="true" duration-ms="71" started-at="2019-05-25T16:12:59Z" finished-at="2019-05-25T16:12:59Z">
          <params>
            <param index="0">
              <value>
                <![CDATA[[TestResult name=TC_19_2 status=SUCCESS method=STC_G03_Automation_Testing.TC_19_2(java.lang.String, java.lang.String, java.lang.String, java.lang.String)[pri:0, instance:G3SnowboardShopTest.STC_G03_Automation_Testing@15975490] output={null}]]]>
              </value>
            </param>
          </params>
          <reporter-output>
          </reporter-output>
        </test-method> <!-- getResult -->
        <test-method status="PASS" signature="setup()[pri:0, instance:G3SnowboardShopTest.STC_G03_Automation_Testing@15975490]" name="setup" is-config="true" duration-ms="789" started-at="2019-05-25T16:12:59Z" finished-at="2019-05-25T16:13:00Z">
          <reporter-output>
          </reporter-output>
        </test-method> <!-- setup -->
        <test-method status="PASS" signature="TC_2_1()[pri:0, instance:G3SnowboardShopTest.STC_G03_Automation_Testing@15975490]" name="TC_2_1" duration-ms="11321" started-at="2019-05-25T16:13:00Z" finished-at="2019-05-25T16:13:11Z">
          <reporter-output>
          </reporter-output>
        </test-method> <!-- TC_2_1 -->
        <test-method status="PASS" signature="getResult(org.testng.ITestResult)[pri:0, instance:G3SnowboardShopTest.STC_G03_Automation_Testing@15975490]" name="getResult" is-config="true" duration-ms="76" started-at="2019-05-25T16:13:11Z" finished-at="2019-05-25T16:13:11Z">
          <params>
            <param index="0">
              <value>
                <![CDATA[[TestResult name=TC_2_1 status=SUCCESS method=STC_G03_Automation_Testing.TC_2_1()[pri:0, instance:G3SnowboardShopTest.STC_G03_Automation_Testing@15975490] output={null}]]]>
              </value>
            </param>
          </params>
          <reporter-output>
          </reporter-output>
        </test-method> <!-- getResult -->
        <test-method status="PASS" signature="setup()[pri:0, instance:G3SnowboardShopTest.STC_G03_Automation_Testing@15975490]" name="setup" is-config="true" duration-ms="589" started-at="2019-05-25T16:13:11Z" finished-at="2019-05-25T16:13:12Z">
          <reporter-output>
          </reporter-output>
        </test-method> <!-- setup -->
        <test-method status="PASS" signature="TC_2_2(java.lang.String, java.lang.String)[pri:0, instance:G3SnowboardShopTest.STC_G03_Automation_Testing@15975490]" name="TC_2_2" duration-ms="8383" started-at="2019-05-25T16:13:12Z" data-provider="emails-and-passwords-unusual-data-provider" finished-at="2019-05-25T16:13:20Z">
          <params>
            <param index="0">
              <value>
                <![CDATA[custo?er@test.se]]>
              </value>
            </param>
            <param index="1">
              <value>
                <![CDATA[sureerat1234]]>
              </value>
            </param>
          </params>
          <reporter-output>
          </reporter-output>
        </test-method> <!-- TC_2_2 -->
        <test-method status="PASS" signature="getResult(org.testng.ITestResult)[pri:0, instance:G3SnowboardShopTest.STC_G03_Automation_Testing@15975490]" name="getResult" is-config="true" duration-ms="75" started-at="2019-05-25T16:13:20Z" finished-at="2019-05-25T16:13:20Z">
          <params>
            <param index="0">
              <value>
                <![CDATA[[TestResult name=TC_2_2 status=SUCCESS method=STC_G03_Automation_Testing.TC_2_2(java.lang.String, java.lang.String)[pri:0, instance:G3SnowboardShopTest.STC_G03_Automation_Testing@15975490] output={null}]]]>
              </value>
            </param>
          </params>
          <reporter-output>
          </reporter-output>
        </test-method> <!-- getResult -->
        <test-method status="PASS" signature="setup()[pri:0, instance:G3SnowboardShopTest.STC_G03_Automation_Testing@15975490]" name="setup" is-config="true" duration-ms="590" started-at="2019-05-25T16:13:20Z" finished-at="2019-05-25T16:13:21Z">
          <reporter-output>
          </reporter-output>
        </test-method> <!-- setup -->
        <test-method status="PASS" signature="TC_2_2(java.lang.String, java.lang.String)[pri:0, instance:G3SnowboardShopTest.STC_G03_Automation_Testing@15975490]" name="TC_2_2" duration-ms="8608" started-at="2019-05-25T16:13:21Z" data-provider="emails-and-passwords-unusual-data-provider" finished-at="2019-05-25T16:13:30Z">
          <params>
            <param index="0">
              <value>
                <![CDATA[adm%n@test.se]]>
              </value>
            </param>
            <param index="1">
              <value>
                <![CDATA[sureerat1234]]>
              </value>
            </param>
          </params>
          <reporter-output>
          </reporter-output>
        </test-method> <!-- TC_2_2 -->
        <test-method status="PASS" signature="getResult(org.testng.ITestResult)[pri:0, instance:G3SnowboardShopTest.STC_G03_Automation_Testing@15975490]" name="getResult" is-config="true" duration-ms="78" started-at="2019-05-25T16:13:30Z" finished-at="2019-05-25T16:13:30Z">
          <params>
            <param index="0">
              <value>
                <![CDATA[[TestResult name=TC_2_2 status=SUCCESS method=STC_G03_Automation_Testing.TC_2_2(java.lang.String, java.lang.String)[pri:0, instance:G3SnowboardShopTest.STC_G03_Automation_Testing@15975490] output={null}]]]>
              </value>
            </param>
          </params>
          <reporter-output>
          </reporter-output>
        </test-method> <!-- getResult -->
        <test-method status="PASS" signature="setup()[pri:0, instance:G3SnowboardShopTest.STC_G03_Automation_Testing@15975490]" name="setup" is-config="true" duration-ms="709" started-at="2019-05-25T16:13:30Z" finished-at="2019-05-25T16:13:30Z">
          <reporter-output>
          </reporter-output>
        </test-method> <!-- setup -->
        <test-method status="PASS" signature="TC_2_2(java.lang.String, java.lang.String)[pri:0, instance:G3SnowboardShopTest.STC_G03_Automation_Testing@15975490]" name="TC_2_2" duration-ms="8674" started-at="2019-05-25T16:13:30Z" data-provider="emails-and-passwords-unusual-data-provider" finished-at="2019-05-25T16:13:39Z">
          <params>
            <param index="0">
              <value>
                <![CDATA[custämer1@test.se]]>
              </value>
            </param>
            <param index="1">
              <value>
                <![CDATA[sureerat1234]]>
              </value>
            </param>
          </params>
          <reporter-output>
          </reporter-output>
        </test-method> <!-- TC_2_2 -->
        <test-method status="PASS" signature="getResult(org.testng.ITestResult)[pri:0, instance:G3SnowboardShopTest.STC_G03_Automation_Testing@15975490]" name="getResult" is-config="true" duration-ms="74" started-at="2019-05-25T16:13:39Z" finished-at="2019-05-25T16:13:39Z">
          <params>
            <param index="0">
              <value>
                <![CDATA[[TestResult name=TC_2_2 status=SUCCESS method=STC_G03_Automation_Testing.TC_2_2(java.lang.String, java.lang.String)[pri:0, instance:G3SnowboardShopTest.STC_G03_Automation_Testing@15975490] output={null}]]]>
              </value>
            </param>
          </params>
          <reporter-output>
          </reporter-output>
        </test-method> <!-- getResult -->
        <test-method status="PASS" signature="setup()[pri:0, instance:G3SnowboardShopTest.STC_G03_Automation_Testing@15975490]" name="setup" is-config="true" duration-ms="537" started-at="2019-05-25T16:13:39Z" finished-at="2019-05-25T16:13:40Z">
          <reporter-output>
          </reporter-output>
        </test-method> <!-- setup -->
        <test-method status="PASS" signature="TC_2_2(java.lang.String, java.lang.String)[pri:0, instance:G3SnowboardShopTest.STC_G03_Automation_Testing@15975490]" name="TC_2_2" duration-ms="8312" started-at="2019-05-25T16:13:40Z" data-provider="emails-and-passwords-unusual-data-provider" finished-at="2019-05-25T16:13:48Z">
          <params>
            <param index="0">
              <value>
                <![CDATA[sure#rat1988@gmail.com]]>
              </value>
            </param>
            <param index="1">
              <value>
                <![CDATA[sureerat1234]]>
              </value>
            </param>
          </params>
          <reporter-output>
          </reporter-output>
        </test-method> <!-- TC_2_2 -->
        <test-method status="PASS" signature="getResult(org.testng.ITestResult)[pri:0, instance:G3SnowboardShopTest.STC_G03_Automation_Testing@15975490]" name="getResult" is-config="true" duration-ms="72" started-at="2019-05-25T16:13:48Z" finished-at="2019-05-25T16:13:48Z">
          <params>
            <param index="0">
              <value>
                <![CDATA[[TestResult name=TC_2_2 status=SUCCESS method=STC_G03_Automation_Testing.TC_2_2(java.lang.String, java.lang.String)[pri:0, instance:G3SnowboardShopTest.STC_G03_Automation_Testing@15975490] output={null}]]]>
              </value>
            </param>
          </params>
          <reporter-output>
          </reporter-output>
        </test-method> <!-- getResult -->
        <test-method status="PASS" signature="setup()[pri:0, instance:G3SnowboardShopTest.STC_G03_Automation_Testing@15975490]" name="setup" is-config="true" duration-ms="580" started-at="2019-05-25T16:13:48Z" finished-at="2019-05-25T16:13:49Z">
          <reporter-output>
          </reporter-output>
        </test-method> <!-- setup -->
        <test-method status="PASS" signature="TC_2_3_2_4(java.lang.String, boolean)[pri:0, instance:G3SnowboardShopTest.STC_G03_Automation_Testing@15975490]" name="TC_2_3_2_4" duration-ms="8012" started-at="2019-05-25T16:13:49Z" data-provider="emails-correct-number-data-provider" finished-at="2019-05-25T16:13:57Z">
          <params>
            <param index="0">
              <value>
                <![CDATA[tghost.2srffggggggggggggggffdgggggggggggrewws@chaonamdinh.com]]>
              </value>
            </param>
            <param index="1">
              <value>
                <![CDATA[false]]>
              </value>
            </param>
          </params>
          <reporter-output>
          </reporter-output>
        </test-method> <!-- TC_2_3_2_4 -->
        <test-method status="PASS" signature="getResult(org.testng.ITestResult)[pri:0, instance:G3SnowboardShopTest.STC_G03_Automation_Testing@15975490]" name="getResult" is-config="true" duration-ms="73" started-at="2019-05-25T16:13:57Z" finished-at="2019-05-25T16:13:57Z">
          <params>
            <param index="0">
              <value>
                <![CDATA[[TestResult name=TC_2_3_2_4 status=SUCCESS method=STC_G03_Automation_Testing.TC_2_3_2_4(java.lang.String, boolean)[pri:0, instance:G3SnowboardShopTest.STC_G03_Automation_Testing@15975490] output={null}]]]>
              </value>
            </param>
          </params>
          <reporter-output>
          </reporter-output>
        </test-method> <!-- getResult -->
        <test-method status="PASS" signature="setup()[pri:0, instance:G3SnowboardShopTest.STC_G03_Automation_Testing@15975490]" name="setup" is-config="true" duration-ms="557" started-at="2019-05-25T16:13:57Z" finished-at="2019-05-25T16:13:57Z">
          <reporter-output>
          </reporter-output>
        </test-method> <!-- setup -->
        <test-method status="PASS" signature="TC_2_3_2_4(java.lang.String, boolean)[pri:0, instance:G3SnowboardShopTest.STC_G03_Automation_Testing@15975490]" name="TC_2_3_2_4" duration-ms="8832" started-at="2019-05-25T16:13:57Z" data-provider="emails-correct-number-data-provider" finished-at="2019-05-25T16:14:06Z">
          <params>
            <param index="0">
              <value>
                <![CDATA[tghost.2srffggggggggggggssssssssssssssssssssssssssggffdgggggggggggrewws@chaonamdinh.com]]>
              </value>
            </param>
            <param index="1">
              <value>
                <![CDATA[true]]>
              </value>
            </param>
          </params>
          <reporter-output>
          </reporter-output>
        </test-method> <!-- TC_2_3_2_4 -->
        <test-method status="PASS" signature="getResult(org.testng.ITestResult)[pri:0, instance:G3SnowboardShopTest.STC_G03_Automation_Testing@15975490]" name="getResult" is-config="true" duration-ms="73" started-at="2019-05-25T16:14:06Z" finished-at="2019-05-25T16:14:06Z">
          <params>
            <param index="0">
              <value>
                <![CDATA[[TestResult name=TC_2_3_2_4 status=SUCCESS method=STC_G03_Automation_Testing.TC_2_3_2_4(java.lang.String, boolean)[pri:0, instance:G3SnowboardShopTest.STC_G03_Automation_Testing@15975490] output={null}]]]>
              </value>
            </param>
          </params>
          <reporter-output>
          </reporter-output>
        </test-method> <!-- getResult -->
        <test-method status="PASS" signature="setup()[pri:0, instance:G3SnowboardShopTest.STC_G03_Automation_Testing@15975490]" name="setup" is-config="true" duration-ms="550" started-at="2019-05-25T16:14:06Z" finished-at="2019-05-25T16:14:07Z">
          <reporter-output>
          </reporter-output>
        </test-method> <!-- setup -->
        <test-method status="PASS" signature="TC_2_3_2_4(java.lang.String, boolean)[pri:0, instance:G3SnowboardShopTest.STC_G03_Automation_Testing@15975490]" name="TC_2_3_2_4" duration-ms="10352" started-at="2019-05-25T16:14:07Z" data-provider="emails-correct-number-data-provider" finished-at="2019-05-25T16:14:17Z">
          <params>
            <param index="0">
              <value>
                <![CDATA[tghost.2srffgggggggggggggkkkkkkkkkkkkgffdgggggggggggrewws@chaonamdinh.com]]>
              </value>
            </param>
            <param index="1">
              <value>
                <![CDATA[true]]>
              </value>
            </param>
          </params>
          <reporter-output>
          </reporter-output>
        </test-method> <!-- TC_2_3_2_4 -->
        <test-method status="PASS" signature="getResult(org.testng.ITestResult)[pri:0, instance:G3SnowboardShopTest.STC_G03_Automation_Testing@15975490]" name="getResult" is-config="true" duration-ms="75" started-at="2019-05-25T16:14:17Z" finished-at="2019-05-25T16:14:17Z">
          <params>
            <param index="0">
              <value>
                <![CDATA[[TestResult name=TC_2_3_2_4 status=SUCCESS method=STC_G03_Automation_Testing.TC_2_3_2_4(java.lang.String, boolean)[pri:0, instance:G3SnowboardShopTest.STC_G03_Automation_Testing@15975490] output={null}]]]>
              </value>
            </param>
          </params>
          <reporter-output>
          </reporter-output>
        </test-method> <!-- getResult -->
        <test-method status="PASS" signature="setup()[pri:0, instance:G3SnowboardShopTest.STC_G03_Automation_Testing@15975490]" name="setup" is-config="true" duration-ms="554" started-at="2019-05-25T16:14:17Z" finished-at="2019-05-25T16:14:18Z">
          <reporter-output>
          </reporter-output>
        </test-method> <!-- setup -->
        <test-method status="PASS" signature="TC_2_3_2_4(java.lang.String, boolean)[pri:0, instance:G3SnowboardShopTest.STC_G03_Automation_Testing@15975490]" name="TC_2_3_2_4" duration-ms="8316" started-at="2019-05-25T16:14:18Z" data-provider="emails-correct-number-data-provider" finished-at="2019-05-25T16:14:26Z">
          <params>
            <param index="0">
              <value>
                <![CDATA[tghost.2srffggggggggggggggffffffffffffffffffffffdgggggggggggrewws@chaonamdinh.com]]>
              </value>
            </param>
            <param index="1">
              <value>
                <![CDATA[true]]>
              </value>
            </param>
          </params>
          <reporter-output>
          </reporter-output>
        </test-method> <!-- TC_2_3_2_4 -->
        <test-method status="PASS" signature="getResult(org.testng.ITestResult)[pri:0, instance:G3SnowboardShopTest.STC_G03_Automation_Testing@15975490]" name="getResult" is-config="true" duration-ms="73" started-at="2019-05-25T16:14:26Z" finished-at="2019-05-25T16:14:26Z">
          <params>
            <param index="0">
              <value>
                <![CDATA[[TestResult name=TC_2_3_2_4 status=SUCCESS method=STC_G03_Automation_Testing.TC_2_3_2_4(java.lang.String, boolean)[pri:0, instance:G3SnowboardShopTest.STC_G03_Automation_Testing@15975490] output={null}]]]>
              </value>
            </param>
          </params>
          <reporter-output>
          </reporter-output>
        </test-method> <!-- getResult -->
        <test-method status="PASS" signature="setup()[pri:0, instance:G3SnowboardShopTest.STC_G03_Automation_Testing@15975490]" name="setup" is-config="true" duration-ms="558" started-at="2019-05-25T16:14:26Z" finished-at="2019-05-25T16:14:27Z">
          <reporter-output>
          </reporter-output>
        </test-method> <!-- setup -->
        <test-method status="PASS" signature="TC_2_5()[pri:0, instance:G3SnowboardShopTest.STC_G03_Automation_Testing@15975490]" name="TC_2_5" duration-ms="10713" started-at="2019-05-25T16:14:27Z" finished-at="2019-05-25T16:14:37Z">
          <reporter-output>
          </reporter-output>
        </test-method> <!-- TC_2_5 -->
        <test-method status="PASS" signature="getResult(org.testng.ITestResult)[pri:0, instance:G3SnowboardShopTest.STC_G03_Automation_Testing@15975490]" name="getResult" is-config="true" duration-ms="71" started-at="2019-05-25T16:14:37Z" finished-at="2019-05-25T16:14:37Z">
          <params>
            <param index="0">
              <value>
                <![CDATA[[TestResult name=TC_2_5 status=SUCCESS method=STC_G03_Automation_Testing.TC_2_5()[pri:0, instance:G3SnowboardShopTest.STC_G03_Automation_Testing@15975490] output={null}]]]>
              </value>
            </param>
          </params>
          <reporter-output>
          </reporter-output>
        </test-method> <!-- getResult -->
        <test-method status="PASS" signature="setup()[pri:0, instance:G3SnowboardShopTest.STC_G03_Automation_Testing@15975490]" name="setup" is-config="true" duration-ms="558" started-at="2019-05-25T16:14:37Z" finished-at="2019-05-25T16:14:38Z">
          <reporter-output>
          </reporter-output>
        </test-method> <!-- setup -->
        <test-method status="PASS" signature="TC_3_1()[pri:0, instance:G3SnowboardShopTest.STC_G03_Automation_Testing@15975490]" name="TC_3_1" duration-ms="1980" started-at="2019-05-25T16:14:38Z" finished-at="2019-05-25T16:14:40Z">
          <reporter-output>
          </reporter-output>
        </test-method> <!-- TC_3_1 -->
        <test-method status="PASS" signature="getResult(org.testng.ITestResult)[pri:0, instance:G3SnowboardShopTest.STC_G03_Automation_Testing@15975490]" name="getResult" is-config="true" duration-ms="69" started-at="2019-05-25T16:14:40Z" finished-at="2019-05-25T16:14:40Z">
          <params>
            <param index="0">
              <value>
                <![CDATA[[TestResult name=TC_3_1 status=SUCCESS method=STC_G03_Automation_Testing.TC_3_1()[pri:0, instance:G3SnowboardShopTest.STC_G03_Automation_Testing@15975490] output={null}]]]>
              </value>
            </param>
          </params>
          <reporter-output>
          </reporter-output>
        </test-method> <!-- getResult -->
        <test-method status="PASS" signature="setup()[pri:0, instance:G3SnowboardShopTest.STC_G03_Automation_Testing@15975490]" name="setup" is-config="true" duration-ms="549" started-at="2019-05-25T16:14:40Z" finished-at="2019-05-25T16:14:41Z">
          <reporter-output>
          </reporter-output>
        </test-method> <!-- setup -->
        <test-method status="PASS" signature="TC_3_2(java.lang.String, java.lang.String)[pri:0, instance:G3SnowboardShopTest.STC_G03_Automation_Testing@15975490]" name="TC_3_2" duration-ms="5456" started-at="2019-05-25T16:14:41Z" data-provider="name-data-provider" finished-at="2019-05-25T16:14:46Z">
          <params>
            <param index="0">
              <value>
                <![CDATA[Maria/]]>
              </value>
            </param>
            <param index="1">
              <value>
                <![CDATA[Patton0]]>
              </value>
            </param>
          </params>
          <reporter-output>
          </reporter-output>
        </test-method> <!-- TC_3_2 -->
        <test-method status="PASS" signature="getResult(org.testng.ITestResult)[pri:0, instance:G3SnowboardShopTest.STC_G03_Automation_Testing@15975490]" name="getResult" is-config="true" duration-ms="70" started-at="2019-05-25T16:14:46Z" finished-at="2019-05-25T16:14:46Z">
          <params>
            <param index="0">
              <value>
                <![CDATA[[TestResult name=TC_3_2 status=SUCCESS method=STC_G03_Automation_Testing.TC_3_2(java.lang.String, java.lang.String)[pri:0, instance:G3SnowboardShopTest.STC_G03_Automation_Testing@15975490] output={null}]]]>
              </value>
            </param>
          </params>
          <reporter-output>
          </reporter-output>
        </test-method> <!-- getResult -->
        <test-method status="PASS" signature="setup()[pri:0, instance:G3SnowboardShopTest.STC_G03_Automation_Testing@15975490]" name="setup" is-config="true" duration-ms="544" started-at="2019-05-25T16:14:46Z" finished-at="2019-05-25T16:14:47Z">
          <reporter-output>
          </reporter-output>
        </test-method> <!-- setup -->
        <test-method status="PASS" signature="TC_3_2_email(java.lang.String)[pri:0, instance:G3SnowboardShopTest.STC_G03_Automation_Testing@15975490]" name="TC_3_2_email" duration-ms="5591" started-at="2019-05-25T16:14:47Z" data-provider="email-data-provider" finished-at="2019-05-25T16:14:52Z">
          <params>
            <param index="0">
              <value>
                <![CDATA[dca☝ian.dohanov@memecituenakganasli.gq]]>
              </value>
            </param>
          </params>
          <reporter-output>
          </reporter-output>
        </test-method> <!-- TC_3_2_email -->
        <test-method status="PASS" signature="getResult(org.testng.ITestResult)[pri:0, instance:G3SnowboardShopTest.STC_G03_Automation_Testing@15975490]" name="getResult" is-config="true" duration-ms="70" started-at="2019-05-25T16:14:52Z" finished-at="2019-05-25T16:14:52Z">
          <params>
            <param index="0">
              <value>
                <![CDATA[[TestResult name=TC_3_2_email status=SUCCESS method=STC_G03_Automation_Testing.TC_3_2_email(java.lang.String)[pri:0, instance:G3SnowboardShopTest.STC_G03_Automation_Testing@15975490] output={null}]]]>
              </value>
            </param>
          </params>
          <reporter-output>
          </reporter-output>
        </test-method> <!-- getResult -->
        <test-method status="PASS" signature="setup()[pri:0, instance:G3SnowboardShopTest.STC_G03_Automation_Testing@15975490]" name="setup" is-config="true" duration-ms="540" started-at="2019-05-25T16:14:52Z" finished-at="2019-05-25T16:14:53Z">
          <reporter-output>
          </reporter-output>
        </test-method> <!-- setup -->
        <test-method status="PASS" signature="TC_3_2_email(java.lang.String)[pri:0, instance:G3SnowboardShopTest.STC_G03_Automation_Testing@15975490]" name="TC_3_2_email" duration-ms="5559" started-at="2019-05-25T16:14:53Z" data-provider="email-data-provider" finished-at="2019-05-25T16:14:58Z">
          <params>
            <param index="0">
              <value>
                <![CDATA[dca¤ian.dohanov@memecituenakganasli.gq]]>
              </value>
            </param>
          </params>
          <reporter-output>
          </reporter-output>
        </test-method> <!-- TC_3_2_email -->
        <test-method status="PASS" signature="getResult(org.testng.ITestResult)[pri:0, instance:G3SnowboardShopTest.STC_G03_Automation_Testing@15975490]" name="getResult" is-config="true" duration-ms="69" started-at="2019-05-25T16:14:58Z" finished-at="2019-05-25T16:14:59Z">
          <params>
            <param index="0">
              <value>
                <![CDATA[[TestResult name=TC_3_2_email status=SUCCESS method=STC_G03_Automation_Testing.TC_3_2_email(java.lang.String)[pri:0, instance:G3SnowboardShopTest.STC_G03_Automation_Testing@15975490] output={null}]]]>
              </value>
            </param>
          </params>
          <reporter-output>
          </reporter-output>
        </test-method> <!-- getResult -->
        <test-method status="PASS" signature="setup()[pri:0, instance:G3SnowboardShopTest.STC_G03_Automation_Testing@15975490]" name="setup" is-config="true" duration-ms="576" started-at="2019-05-25T16:14:59Z" finished-at="2019-05-25T16:14:59Z">
          <reporter-output>
          </reporter-output>
        </test-method> <!-- setup -->
        <test-method status="PASS" signature="TC_3_3_3_4(java.lang.String, java.lang.String, boolean)[pri:0, instance:G3SnowboardShopTest.STC_G03_Automation_Testing@15975490]" name="TC_3_3_3_4" duration-ms="3455" started-at="2019-05-25T16:14:59Z" data-provider="fnamn-and-lastnamn-data-provider" finished-at="2019-05-25T16:15:03Z">
          <params>
            <param index="0">
              <value>
                <![CDATA[Mirabelle]]>
              </value>
            </param>
            <param index="1">
              <value>
                <![CDATA[Thomasine]]>
              </value>
            </param>
            <param index="2">
              <value>
                <![CDATA[false]]>
              </value>
            </param>
          </params>
          <reporter-output>
          </reporter-output>
        </test-method> <!-- TC_3_3_3_4 -->
        <test-method status="PASS" signature="getResult(org.testng.ITestResult)[pri:0, instance:G3SnowboardShopTest.STC_G03_Automation_Testing@15975490]" name="getResult" is-config="true" duration-ms="69" started-at="2019-05-25T16:15:03Z" finished-at="2019-05-25T16:15:03Z">
          <params>
            <param index="0">
              <value>
                <![CDATA[[TestResult name=TC_3_3_3_4 status=SUCCESS method=STC_G03_Automation_Testing.TC_3_3_3_4(java.lang.String, java.lang.String, boolean)[pri:0, instance:G3SnowboardShopTest.STC_G03_Automation_Testing@15975490] output={null}]]]>
              </value>
            </param>
          </params>
          <reporter-output>
          </reporter-output>
        </test-method> <!-- getResult -->
        <test-method status="PASS" signature="setup()[pri:0, instance:G3SnowboardShopTest.STC_G03_Automation_Testing@15975490]" name="setup" is-config="true" duration-ms="558" started-at="2019-05-25T16:15:03Z" finished-at="2019-05-25T16:15:03Z">
          <reporter-output>
          </reporter-output>
        </test-method> <!-- setup -->
        <test-method status="PASS" signature="TC_3_3_3_4(java.lang.String, java.lang.String, boolean)[pri:0, instance:G3SnowboardShopTest.STC_G03_Automation_Testing@15975490]" name="TC_3_3_3_4" duration-ms="4499" started-at="2019-05-25T16:15:03Z" data-provider="fnamn-and-lastnamn-data-provider" finished-at="2019-05-25T16:15:08Z">
          <params>
            <param index="0">
              <value>
                <![CDATA[tghost.2srffggggggggggggssssssssssssssssssssssssssggffdgggggggggggrewws]]>
              </value>
            </param>
            <param index="1">
              <value>
                <![CDATA[tghost.2srffggggggggggggssssssssssssssssssssssssssggffdgggggggggggrewws]]>
              </value>
            </param>
            <param index="2">
              <value>
                <![CDATA[true]]>
              </value>
            </param>
          </params>
          <reporter-output>
          </reporter-output>
        </test-method> <!-- TC_3_3_3_4 -->
        <test-method status="PASS" signature="getResult(org.testng.ITestResult)[pri:0, instance:G3SnowboardShopTest.STC_G03_Automation_Testing@15975490]" name="getResult" is-config="true" duration-ms="70" started-at="2019-05-25T16:15:08Z" finished-at="2019-05-25T16:15:08Z">
          <params>
            <param index="0">
              <value>
                <![CDATA[[TestResult name=TC_3_3_3_4 status=SUCCESS method=STC_G03_Automation_Testing.TC_3_3_3_4(java.lang.String, java.lang.String, boolean)[pri:0, instance:G3SnowboardShopTest.STC_G03_Automation_Testing@15975490] output={null}]]]>
              </value>
            </param>
          </params>
          <reporter-output>
          </reporter-output>
        </test-method> <!-- getResult -->
        <test-method status="PASS" signature="setup()[pri:0, instance:G3SnowboardShopTest.STC_G03_Automation_Testing@15975490]" name="setup" is-config="true" duration-ms="549" started-at="2019-05-25T16:15:08Z" finished-at="2019-05-25T16:15:08Z">
          <reporter-output>
          </reporter-output>
        </test-method> <!-- setup -->
        <test-method status="PASS" signature="TC_3_3_3_4(java.lang.String, java.lang.String, boolean)[pri:0, instance:G3SnowboardShopTest.STC_G03_Automation_Testing@15975490]" name="TC_3_3_3_4" duration-ms="4510" started-at="2019-05-25T16:15:08Z" data-provider="fnamn-and-lastnamn-data-provider" finished-at="2019-05-25T16:15:13Z">
          <params>
            <param index="0">
              <value>
                <![CDATA[tghost.2srffgggggggggggggkkkkkkkkkkkkgffdgggggggggggrewwschaonamdinh]]>
              </value>
            </param>
            <param index="1">
              <value>
                <![CDATA[tghost.2srffggggggggggggssssssssssssssssssssssssssggffdgggggggggggrewwsgggggggggggggg]]>
              </value>
            </param>
            <param index="2">
              <value>
                <![CDATA[true]]>
              </value>
            </param>
          </params>
          <reporter-output>
          </reporter-output>
        </test-method> <!-- TC_3_3_3_4 -->
        <test-method status="PASS" signature="getResult(org.testng.ITestResult)[pri:0, instance:G3SnowboardShopTest.STC_G03_Automation_Testing@15975490]" name="getResult" is-config="true" duration-ms="70" started-at="2019-05-25T16:15:13Z" finished-at="2019-05-25T16:15:13Z">
          <params>
            <param index="0">
              <value>
                <![CDATA[[TestResult name=TC_3_3_3_4 status=SUCCESS method=STC_G03_Automation_Testing.TC_3_3_3_4(java.lang.String, java.lang.String, boolean)[pri:0, instance:G3SnowboardShopTest.STC_G03_Automation_Testing@15975490] output={null}]]]>
              </value>
            </param>
          </params>
          <reporter-output>
          </reporter-output>
        </test-method> <!-- getResult -->
        <test-method status="PASS" signature="setup()[pri:0, instance:G3SnowboardShopTest.STC_G03_Automation_Testing@15975490]" name="setup" is-config="true" duration-ms="560" started-at="2019-05-25T16:15:13Z" finished-at="2019-05-25T16:15:13Z">
          <reporter-output>
          </reporter-output>
        </test-method> <!-- setup -->
        <test-method status="PASS" signature="TC_3_3_3_4(java.lang.String, java.lang.String, boolean)[pri:0, instance:G3SnowboardShopTest.STC_G03_Automation_Testing@15975490]" name="TC_3_3_3_4" duration-ms="3451" started-at="2019-05-25T16:15:13Z" data-provider="fnamn-and-lastnamn-data-provider" finished-at="2019-05-25T16:15:17Z">
          <params>
            <param index="0">
              <value>
                <![CDATA[Kjell]]>
              </value>
            </param>
            <param index="1">
              <value>
                <![CDATA[Albertsson]]>
              </value>
            </param>
            <param index="2">
              <value>
                <![CDATA[false]]>
              </value>
            </param>
          </params>
          <reporter-output>
          </reporter-output>
        </test-method> <!-- TC_3_3_3_4 -->
        <test-method status="PASS" signature="getResult(org.testng.ITestResult)[pri:0, instance:G3SnowboardShopTest.STC_G03_Automation_Testing@15975490]" name="getResult" is-config="true" duration-ms="69" started-at="2019-05-25T16:15:17Z" finished-at="2019-05-25T16:15:17Z">
          <params>
            <param index="0">
              <value>
                <![CDATA[[TestResult name=TC_3_3_3_4 status=SUCCESS method=STC_G03_Automation_Testing.TC_3_3_3_4(java.lang.String, java.lang.String, boolean)[pri:0, instance:G3SnowboardShopTest.STC_G03_Automation_Testing@15975490] output={null}]]]>
              </value>
            </param>
          </params>
          <reporter-output>
          </reporter-output>
        </test-method> <!-- getResult -->
        <test-method status="PASS" signature="setup()[pri:0, instance:G3SnowboardShopTest.STC_G03_Automation_Testing@15975490]" name="setup" is-config="true" duration-ms="540" started-at="2019-05-25T16:15:17Z" finished-at="2019-05-25T16:15:17Z">
          <reporter-output>
          </reporter-output>
        </test-method> <!-- setup -->
        <test-method status="PASS" signature="TC_3_5()[pri:0, instance:G3SnowboardShopTest.STC_G03_Automation_Testing@15975490]" name="TC_3_5" duration-ms="6387" started-at="2019-05-25T16:15:17Z" finished-at="2019-05-25T16:15:24Z">
          <reporter-output>
          </reporter-output>
        </test-method> <!-- TC_3_5 -->
        <test-method status="PASS" signature="getResult(org.testng.ITestResult)[pri:0, instance:G3SnowboardShopTest.STC_G03_Automation_Testing@15975490]" name="getResult" is-config="true" duration-ms="71" started-at="2019-05-25T16:15:24Z" finished-at="2019-05-25T16:15:24Z">
          <params>
            <param index="0">
              <value>
                <![CDATA[[TestResult name=TC_3_5 status=SUCCESS method=STC_G03_Automation_Testing.TC_3_5()[pri:0, instance:G3SnowboardShopTest.STC_G03_Automation_Testing@15975490] output={null}]]]>
              </value>
            </param>
          </params>
          <reporter-output>
          </reporter-output>
        </test-method> <!-- getResult -->
        <test-method status="PASS" signature="setup()[pri:0, instance:G3SnowboardShopTest.STC_G03_Automation_Testing@15975490]" name="setup" is-config="true" duration-ms="565" started-at="2019-05-25T16:15:24Z" finished-at="2019-05-25T16:15:25Z">
          <reporter-output>
          </reporter-output>
        </test-method> <!-- setup -->
        <test-method status="PASS" signature="TC_4_1()[pri:0, instance:G3SnowboardShopTest.STC_G03_Automation_Testing@15975490]" name="TC_4_1" duration-ms="5244" started-at="2019-05-25T16:15:25Z" finished-at="2019-05-25T16:15:30Z">
          <reporter-output>
          </reporter-output>
        </test-method> <!-- TC_4_1 -->
        <test-method status="PASS" signature="getResult(org.testng.ITestResult)[pri:0, instance:G3SnowboardShopTest.STC_G03_Automation_Testing@15975490]" name="getResult" is-config="true" duration-ms="97" started-at="2019-05-25T16:15:30Z" finished-at="2019-05-25T16:15:30Z">
          <params>
            <param index="0">
              <value>
                <![CDATA[[TestResult name=TC_4_1 status=SUCCESS method=STC_G03_Automation_Testing.TC_4_1()[pri:0, instance:G3SnowboardShopTest.STC_G03_Automation_Testing@15975490] output={null}]]]>
              </value>
            </param>
          </params>
          <reporter-output>
          </reporter-output>
        </test-method> <!-- getResult -->
        <test-method status="PASS" signature="setup()[pri:0, instance:G3SnowboardShopTest.STC_G03_Automation_Testing@15975490]" name="setup" is-config="true" duration-ms="566" started-at="2019-05-25T16:15:30Z" finished-at="2019-05-25T16:15:30Z">
          <reporter-output>
          </reporter-output>
        </test-method> <!-- setup -->
        <test-method status="FAIL" signature="TC_4_2()[pri:0, instance:G3SnowboardShopTest.STC_G03_Automation_Testing@15975490]" name="TC_4_2" duration-ms="4423" started-at="2019-05-25T16:15:30Z" finished-at="2019-05-25T16:15:35Z">
          <exception class="java.lang.AssertionError">
            <message>
              <![CDATA[expected:<https://www.zalando.se/kvinna/?q=C> but was:<https://www.zalando.se/kvinna-home/>]]>
            </message>
            <full-stacktrace>
              <![CDATA[java.lang.AssertionError: expected:<https://www.zalando.se/kvinna/?q=C> but was:<https://www.zalando.se/kvinna-home/>
at org.testng.AssertJUnit.assertEquals(AssertJUnit.java:101)
at org.testng.AssertJUnit.assertEquals(AssertJUnit.java:108)
at G3SnowboardShopTest.STC_G03_Automation_Testing.TC_4_2(STC_G03_Automation_Testing.java:382)
at sun.reflect.NativeMethodAccessorImpl.invoke0(Native Method)
at sun.reflect.NativeMethodAccessorImpl.invoke(NativeMethodAccessorImpl.java:62)
at sun.reflect.DelegatingMethodAccessorImpl.invoke(DelegatingMethodAccessorImpl.java:43)
at java.lang.reflect.Method.invoke(Method.java:498)
at org.testng.internal.MethodInvocationHelper.invokeMethod(MethodInvocationHelper.java:124)
at org.testng.internal.Invoker.invokeMethod(Invoker.java:583)
at org.testng.internal.Invoker.invokeTestMethod(Invoker.java:719)
at org.testng.internal.Invoker.invokeTestMethods(Invoker.java:989)
at org.testng.internal.TestMethodWorker.invokeTestMethods(TestMethodWorker.java:125)
at org.testng.internal.TestMethodWorker.run(TestMethodWorker.java:109)
at org.testng.TestRunner.privateRun(TestRunner.java:648)
at org.testng.TestRunner.run(TestRunner.java:505)
at org.testng.SuiteRunner.runTest(SuiteRunner.java:455)
at org.testng.SuiteRunner.runSequentially(SuiteRunner.java:450)
at org.testng.SuiteRunner.privateRun(SuiteRunner.java:415)
at org.testng.SuiteRunner.run(SuiteRunner.java:364)
at org.testng.SuiteRunnerWorker.runSuite(SuiteRunnerWorker.java:52)
at org.testng.SuiteRunnerWorker.run(SuiteRunnerWorker.java:84)
at org.testng.TestNG.runSuitesSequentially(TestNG.java:1208)
at org.testng.TestNG.runSuitesLocally(TestNG.java:1137)
at org.testng.TestNG.runSuites(TestNG.java:1049)
at org.testng.TestNG.run(TestNG.java:1017)
at org.apache.maven.surefire.testng.TestNGExecutor.run(TestNGExecutor.java:283)
at org.apache.maven.surefire.testng.TestNGXmlTestSuite.execute(TestNGXmlTestSuite.java:75)
at org.apache.maven.surefire.testng.TestNGProvider.invoke(TestNGProvider.java:120)
at org.apache.maven.surefire.booter.ForkedBooter.invokeProviderInSameClassLoader(ForkedBooter.java:384)
at org.apache.maven.surefire.booter.ForkedBooter.runSuitesInProcess(ForkedBooter.java:345)
at org.apache.maven.surefire.booter.ForkedBooter.execute(ForkedBooter.java:126)
at org.apache.maven.surefire.booter.ForkedBooter.main(ForkedBooter.java:418)
]]>
            </full-stacktrace>
          </exception> <!-- java.lang.AssertionError -->
          <reporter-output>
          </reporter-output>
        </test-method> <!-- TC_4_2 -->
        <test-method status="PASS" signature="getResult(org.testng.ITestResult)[pri:0, instance:G3SnowboardShopTest.STC_G03_Automation_Testing@15975490]" name="getResult" is-config="true" duration-ms="767" started-at="2019-05-25T16:15:35Z" finished-at="2019-05-25T16:15:36Z">
          <params>
            <param index="0">
              <value>
                <![CDATA[[TestResult name=TC_4_2 status=FAILURE method=STC_G03_Automation_Testing.TC_4_2()[pri:0, instance:G3SnowboardShopTest.STC_G03_Automation_Testing@15975490] output={null}]]]>
              </value>
            </param>
          </params>
          <reporter-output>
          </reporter-output>
        </test-method> <!-- getResult -->
        <test-method status="PASS" signature="setup()[pri:0, instance:G3SnowboardShopTest.STC_G03_Automation_Testing@15975490]" name="setup" is-config="true" duration-ms="598" started-at="2019-05-25T16:15:36Z" finished-at="2019-05-25T16:15:36Z">
          <reporter-output>
          </reporter-output>
        </test-method> <!-- setup -->
        <test-method status="PASS" signature="TC_5_1()[pri:0, instance:G3SnowboardShopTest.STC_G03_Automation_Testing@15975490]" name="TC_5_1" duration-ms="81664" started-at="2019-05-25T16:15:36Z" finished-at="2019-05-25T16:16:58Z">
          <reporter-output>
          </reporter-output>
        </test-method> <!-- TC_5_1 -->
        <test-method status="PASS" signature="getResult(org.testng.ITestResult)[pri:0, instance:G3SnowboardShopTest.STC_G03_Automation_Testing@15975490]" name="getResult" is-config="true" duration-ms="91" started-at="2019-05-25T16:16:58Z" finished-at="2019-05-25T16:16:58Z">
          <params>
            <param index="0">
              <value>
                <![CDATA[[TestResult name=TC_5_1 status=SUCCESS method=STC_G03_Automation_Testing.TC_5_1()[pri:0, instance:G3SnowboardShopTest.STC_G03_Automation_Testing@15975490] output={null}]]]>
              </value>
            </param>
          </params>
          <reporter-output>
          </reporter-output>
        </test-method> <!-- getResult -->
        <test-method status="PASS" signature="setup()[pri:0, instance:G3SnowboardShopTest.STC_G03_Automation_Testing@15975490]" name="setup" is-config="true" duration-ms="643" started-at="2019-05-25T16:16:58Z" finished-at="2019-05-25T16:16:59Z">
          <reporter-output>
          </reporter-output>
        </test-method> <!-- setup -->
        <test-method status="PASS" signature="TC_7_1()[pri:0, instance:G3SnowboardShopTest.STC_G03_Automation_Testing@15975490]" name="TC_7_1" duration-ms="280757" started-at="2019-05-25T16:16:59Z" finished-at="2019-05-25T16:21:39Z">
          <reporter-output>
          </reporter-output>
        </test-method> <!-- TC_7_1 -->
        <test-method status="PASS" signature="getResult(org.testng.ITestResult)[pri:0, instance:G3SnowboardShopTest.STC_G03_Automation_Testing@15975490]" name="getResult" is-config="true" duration-ms="205" started-at="2019-05-25T16:21:39Z" finished-at="2019-05-25T16:21:40Z">
          <params>
            <param index="0">
              <value>
                <![CDATA[[TestResult name=TC_7_1 status=SUCCESS method=STC_G03_Automation_Testing.TC_7_1()[pri:0, instance:G3SnowboardShopTest.STC_G03_Automation_Testing@15975490] output={null}]]]>
              </value>
            </param>
          </params>
          <reporter-output>
          </reporter-output>
        </test-method> <!-- getResult -->
        <test-method status="PASS" signature="endReport()[pri:0, instance:G3SnowboardShopTest.STC_G03_Automation_Testing@15975490]" name="endReport" is-config="true" duration-ms="278" started-at="2019-05-25T16:21:40Z" finished-at="2019-05-25T16:21:40Z">
          <reporter-output>
          </reporter-output>
        </test-method> <!-- endReport -->
      </class> <!-- G3SnowboardShopTest.STC_G03_Automation_Testing -->
    </test> <!-- Test1 -->
  </suite> <!-- Suite1 -->
</testng-results>
